<?xml version="1.0" encoding="UTF-8"?>
<testng-results skipped="0" failed="0" total="38" passed="38">
  <reporter-output>
  </reporter-output>
  <suite name="violetplugin-classdiagram by packages" duration-ms="1218" started-at="2016-01-06T12:49:14Z" finished-at="2016-01-06T12:49:16Z">
    <groups>
    </groups>
    <test name="ratajczak.test" duration-ms="1218" started-at="2016-01-06T12:49:14Z" finished-at="2016-01-06T12:49:16Z">
      <class name="ratajczak.test.RelationShipEgdeTest">
        <test-method status="PASS" signature="init()[pri:0, instance:ratajczak.test.RelationShipEgdeTest@5876a9af]" name="init" is-config="true" duration-ms="110" started-at="2016-01-06T13:49:15Z" finished-at="2016-01-06T13:49:15Z">
          <reporter-output>
          </reporter-output>
        </test-method> <!-- init -->
        <test-method status="PASS" signature="testChangeBentStyles(com.horstmann.violet.product.diagram.abstracts.property.BentStyle, com.horstmann.violet.product.diagram.abstracts.property.BentStyle)[pri:0, instance:ratajczak.test.RelationShipEgdeTest@5876a9af]" name="testChangeBentStyles" duration-ms="0" started-at="2016-01-06T13:49:15Z" data-provider="BentStyles" finished-at="2016-01-06T13:49:15Z">
          <params>
            <param index="0">
              <value>
                <![CDATA[com.horstmann.violet.product.diagram.abstracts.property.BentStyle.AUTO]]>
              </value>
            </param>
            <param index="1">
              <value>
                <![CDATA[com.horstmann.violet.product.diagram.abstracts.property.BentStyle.AUTO]]>
              </value>
            </param>
          </params>
          <reporter-output>
          </reporter-output>
        </test-method> <!-- testChangeBentStyles -->
        <test-method status="PASS" signature="testChangeBentStyles(com.horstmann.violet.product.diagram.abstracts.property.BentStyle, com.horstmann.violet.product.diagram.abstracts.property.BentStyle)[pri:0, instance:ratajczak.test.RelationShipEgdeTest@5876a9af]" name="testChangeBentStyles" duration-ms="0" started-at="2016-01-06T13:49:15Z" data-provider="BentStyles" finished-at="2016-01-06T13:49:15Z">
          <params>
            <param index="0">
              <value>
                <![CDATA[com.horstmann.violet.product.diagram.abstracts.property.BentStyle.STRAIGHT]]>
              </value>
            </param>
            <param index="1">
              <value>
                <![CDATA[com.horstmann.violet.product.diagram.abstracts.property.BentStyle.STRAIGHT]]>
              </value>
            </param>
          </params>
          <reporter-output>
          </reporter-output>
        </test-method> <!-- testChangeBentStyles -->
        <test-method status="PASS" signature="init()[pri:0, instance:ratajczak.test.RelationShipEgdeTest@5876a9af]" name="init" is-config="true" duration-ms="0" started-at="2016-01-06T13:49:15Z" finished-at="2016-01-06T13:49:15Z">
          <reporter-output>
          </reporter-output>
        </test-method> <!-- init -->
        <test-method status="PASS" signature="testChangeBentStyles(com.horstmann.violet.product.diagram.abstracts.property.BentStyle, com.horstmann.violet.product.diagram.abstracts.property.BentStyle)[pri:0, instance:ratajczak.test.RelationShipEgdeTest@5876a9af]" name="testChangeBentStyles" duration-ms="0" started-at="2016-01-06T13:49:15Z" data-provider="BentStyles" finished-at="2016-01-06T13:49:15Z">
          <params>
            <param index="0">
              <value>
                <![CDATA[com.horstmann.violet.product.diagram.abstracts.property.BentStyle.HV]]>
              </value>
            </param>
            <param index="1">
              <value>
                <![CDATA[com.horstmann.violet.product.diagram.abstracts.property.BentStyle.HV]]>
              </value>
            </param>
          </params>
          <reporter-output>
          </reporter-output>
        </test-method> <!-- testChangeBentStyles -->
        <test-method status="PASS" signature="init()[pri:0, instance:ratajczak.test.RelationShipEgdeTest@5876a9af]" name="init" is-config="true" duration-ms="0" started-at="2016-01-06T13:49:15Z" finished-at="2016-01-06T13:49:15Z">
          <reporter-output>
          </reporter-output>
        </test-method> <!-- init -->
        <test-method status="PASS" signature="init()[pri:0, instance:ratajczak.test.RelationShipEgdeTest@5876a9af]" name="init" is-config="true" duration-ms="0" started-at="2016-01-06T13:49:15Z" finished-at="2016-01-06T13:49:15Z">
          <reporter-output>
          </reporter-output>
        </test-method> <!-- init -->
        <test-method status="PASS" signature="testChangeBentStyles(com.horstmann.violet.product.diagram.abstracts.property.BentStyle, com.horstmann.violet.product.diagram.abstracts.property.BentStyle)[pri:0, instance:ratajczak.test.RelationShipEgdeTest@5876a9af]" name="testChangeBentStyles" duration-ms="0" started-at="2016-01-06T13:49:15Z" data-provider="BentStyles" finished-at="2016-01-06T13:49:15Z">
          <params>
            <param index="0">
              <value is-null="true"/>
            </param>
            <param index="1">
              <value>
                <![CDATA[com.horstmann.violet.product.diagram.abstracts.property.BentStyle.AUTO]]>
              </value>
            </param>
          </params>
          <reporter-output>
          </reporter-output>
        </test-method> <!-- testChangeBentStyles -->
      </class> <!-- ratajczak.test.RelationShipEgdeTest -->
      <class name="ratajczak.test.ClassDiagramGraphTest">
        <test-method status="PASS" signature="init()[pri:0, instance:ratajczak.test.ClassDiagramGraphTest@59309333]" name="init" is-config="true" duration-ms="235" started-at="2016-01-06T13:49:15Z" finished-at="2016-01-06T13:49:15Z">
          <reporter-output>
          </reporter-output>
        </test-method> <!-- init -->
        <test-method status="PASS" signature="ShoulbeClassInEdgeList(java.lang.String, boolean)[pri:0, instance:ratajczak.test.ClassDiagramGraphTest@59309333]" name="ShoulbeClassInEdgeList" duration-ms="0" started-at="2016-01-06T13:49:15Z" data-provider="ProtptypeTest" finished-at="2016-01-06T13:49:15Z">
          <params>
            <param index="0">
              <value>
                <![CDATA[Linia pozioma]]>
              </value>
            </param>
            <param index="1">
              <value>
                <![CDATA[false]]>
              </value>
            </param>
          </params>
          <reporter-output>
          </reporter-output>
        </test-method> <!-- ShoulbeClassInEdgeList -->
        <test-method status="PASS" signature="ShoulbeClassInEdgeList(java.lang.String, boolean)[pri:0, instance:ratajczak.test.ClassDiagramGraphTest@59309333]" name="ShoulbeClassInEdgeList" duration-ms="0" started-at="2016-01-06T13:49:15Z" data-provider="ProtptypeTest" finished-at="2016-01-06T13:49:15Z">
          <params>
            <param index="0">
              <value>
                <![CDATA[Class Diagram]]>
              </value>
            </param>
            <param index="1">
              <value>
                <![CDATA[false]]>
              </value>
            </param>
          </params>
          <reporter-output>
          </reporter-output>
        </test-method> <!-- ShoulbeClassInEdgeList -->
        <test-method status="PASS" signature="ShoulbeClassInEdgeList(java.lang.String, boolean)[pri:0, instance:ratajczak.test.ClassDiagramGraphTest@59309333]" name="ShoulbeClassInEdgeList" duration-ms="0" started-at="2016-01-06T13:49:15Z" data-provider="ProtptypeTest" finished-at="2016-01-06T13:49:15Z">
          <params>
            <param index="0">
              <value>
                <![CDATA[Association Navigability]]>
              </value>
            </param>
            <param index="1">
              <value>
                <![CDATA[true]]>
              </value>
            </param>
          </params>
          <reporter-output>
          </reporter-output>
        </test-method> <!-- ShoulbeClassInEdgeList -->
        <test-method status="PASS" signature="ShoulbeClassInEdgeList(java.lang.String, boolean)[pri:0, instance:ratajczak.test.ClassDiagramGraphTest@59309333]" name="ShoulbeClassInEdgeList" duration-ms="16" started-at="2016-01-06T13:49:15Z" data-provider="ProtptypeTest" finished-at="2016-01-06T13:49:15Z">
          <params>
            <param index="0">
              <value>
                <![CDATA[Artur]]>
              </value>
            </param>
            <param index="1">
              <value>
                <![CDATA[false]]>
              </value>
            </param>
          </params>
          <reporter-output>
          </reporter-output>
        </test-method> <!-- ShoulbeClassInEdgeList -->
        <test-method status="PASS" signature="ShoulbeClassInEdgeList(java.lang.String, boolean)[pri:0, instance:ratajczak.test.ClassDiagramGraphTest@59309333]" name="ShoulbeClassInEdgeList" duration-ms="0" started-at="2016-01-06T13:49:15Z" data-provider="ProtptypeTest" finished-at="2016-01-06T13:49:15Z">
          <params>
            <param index="0">
              <value>
                <![CDATA[Note connector]]>
              </value>
            </param>
            <param index="1">
              <value>
                <![CDATA[true]]>
              </value>
            </param>
          </params>
          <reporter-output>
          </reporter-output>
        </test-method> <!-- ShoulbeClassInEdgeList -->
        <test-method status="PASS" signature="ShoulbeClassInEdgeList(java.lang.String, boolean)[pri:0, instance:ratajczak.test.ClassDiagramGraphTest@59309333]" name="ShoulbeClassInEdgeList" duration-ms="15" started-at="2016-01-06T13:49:15Z" data-provider="ProtptypeTest" finished-at="2016-01-06T13:49:15Z">
          <params>
            <param index="0">
              <value>
                <![CDATA[<<Use>>]]>
              </value>
            </param>
            <param index="1">
              <value>
                <![CDATA[true]]>
              </value>
            </param>
          </params>
          <reporter-output>
          </reporter-output>
        </test-method> <!-- ShoulbeClassInEdgeList -->
        <test-method status="PASS" signature="ShoulbeClassInEdgeList(java.lang.String, boolean)[pri:0, instance:ratajczak.test.ClassDiagramGraphTest@59309333]" name="ShoulbeClassInEdgeList" duration-ms="0" started-at="2016-01-06T13:49:15Z" data-provider="ProtptypeTest" finished-at="2016-01-06T13:49:15Z">
          <params>
            <param index="0">
              <value>
                <![CDATA[<<Create>>]]>
              </value>
            </param>
            <param index="1">
              <value>
                <![CDATA[true]]>
              </value>
            </param>
          </params>
          <reporter-output>
          </reporter-output>
        </test-method> <!-- ShoulbeClassInEdgeList -->
        <test-method status="PASS" signature="ShoulbeClassInEdgeList(java.lang.String, boolean)[pri:0, instance:ratajczak.test.ClassDiagramGraphTest@59309333]" name="ShoulbeClassInEdgeList" duration-ms="0" started-at="2016-01-06T13:49:15Z" data-provider="ProtptypeTest" finished-at="2016-01-06T13:49:15Z">
          <params>
            <param index="0">
              <value>
                <![CDATA[<<Extends>>]]>
              </value>
            </param>
            <param index="1">
              <value>
                <![CDATA[false]]>
              </value>
            </param>
          </params>
          <reporter-output>
          </reporter-output>
        </test-method> <!-- ShoulbeClassInEdgeList -->
      </class> <!-- ratajczak.test.ClassDiagramGraphTest -->
      <class name="ratajczak.test.BallAndSocketTest">
        <test-method status="PASS" signature="init()[pri:0, instance:ratajczak.test.BallAndSocketTest@f5ac9e4]" name="init" is-config="true" duration-ms="328" started-at="2016-01-06T13:49:14Z" finished-at="2016-01-06T13:49:15Z">
          <reporter-output>
          </reporter-output>
        </test-method> <!-- init -->
        <test-method status="PASS" signature="copyBall()[pri:0, instance:ratajczak.test.BallAndSocketTest@f5ac9e4]" name="copyBall" duration-ms="15" started-at="2016-01-06T13:49:15Z" finished-at="2016-01-06T13:49:15Z">
          <reporter-output>
          </reporter-output>
        </test-method> <!-- copyBall -->
        <test-method status="PASS" signature="init()[pri:0, instance:ratajczak.test.BallAndSocketTest@f5ac9e4]" name="init" is-config="true" duration-ms="0" started-at="2016-01-06T13:49:15Z" finished-at="2016-01-06T13:49:15Z">
          <reporter-output>
          </reporter-output>
        </test-method> <!-- init -->
        <test-method status="PASS" signature="copySocket()[pri:0, instance:ratajczak.test.BallAndSocketTest@f5ac9e4]" name="copySocket" duration-ms="0" started-at="2016-01-06T13:49:15Z" finished-at="2016-01-06T13:49:15Z">
          <reporter-output>
          </reporter-output>
        </test-method> <!-- copySocket -->
        <test-method status="PASS" signature="init()[pri:0, instance:ratajczak.test.BallAndSocketTest@f5ac9e4]" name="init" is-config="true" duration-ms="0" started-at="2016-01-06T13:49:15Z" finished-at="2016-01-06T13:49:15Z">
          <reporter-output>
          </reporter-output>
        </test-method> <!-- init -->
        <test-method status="PASS" signature="testBallBounds()[pri:0, instance:ratajczak.test.BallAndSocketTest@f5ac9e4]" name="testBallBounds" duration-ms="0" started-at="2016-01-06T13:49:15Z" finished-at="2016-01-06T13:49:15Z">
          <reporter-output>
          </reporter-output>
        </test-method> <!-- testBallBounds -->
        <test-method status="PASS" signature="init()[pri:0, instance:ratajczak.test.BallAndSocketTest@f5ac9e4]" name="init" is-config="true" duration-ms="15" started-at="2016-01-06T13:49:15Z" finished-at="2016-01-06T13:49:15Z">
          <reporter-output>
          </reporter-output>
        </test-method> <!-- init -->
        <test-method status="PASS" signature="testSocketBounds()[pri:0, instance:ratajczak.test.BallAndSocketTest@f5ac9e4]" name="testSocketBounds" duration-ms="0" started-at="2016-01-06T13:49:15Z" finished-at="2016-01-06T13:49:15Z">
          <reporter-output>
          </reporter-output>
        </test-method> <!-- testSocketBounds -->
      </class> <!-- ratajczak.test.BallAndSocketTest -->
      <class name="ratajczak.test.XLineEdgeBeanInfoTest">
        <test-method status="PASS" signature="propertDescriptorCheck()[pri:0, instance:ratajczak.test.XLineEdgeBeanInfoTest@7ec7ffd3]" name="propertDescriptorCheck" duration-ms="31" started-at="2016-01-06T13:49:15Z" finished-at="2016-01-06T13:49:15Z">
          <reporter-output>
          </reporter-output>
        </test-method> <!-- propertDescriptorCheck -->
        <test-method status="PASS" signature="init()[pri:0, instance:ratajczak.test.XLineEdgeBeanInfoTest@7ec7ffd3]" name="init" is-config="true" duration-ms="0" started-at="2016-01-06T13:49:15Z" finished-at="2016-01-06T13:49:15Z">
          <reporter-output>
          </reporter-output>
        </test-method> <!-- init -->
      </class> <!-- ratajczak.test.XLineEdgeBeanInfoTest -->
      <class name="ratajczak.test.XLineEdgeTest">
        <test-method status="PASS" signature="init()[pri:0, instance:ratajczak.test.XLineEdgeTest@5b239d7d]" name="init" is-config="true" duration-ms="0" started-at="2016-01-06T13:49:15Z" finished-at="2016-01-06T13:49:15Z">
          <reporter-output>
          </reporter-output>
        </test-method> <!-- init -->
        <test-method status="PASS" signature="checkLable(java.lang.String, java.lang.String)[pri:0, instance:ratajczak.test.XLineEdgeTest@5b239d7d]" name="checkLable" duration-ms="0" started-at="2016-01-06T13:49:15Z" data-provider="LabelTest" finished-at="2016-01-06T13:49:15Z">
          <params>
            <param index="0">
              <value>
                <![CDATA[test]]>
              </value>
            </param>
            <param index="1">
              <value>
                <![CDATA[test]]>
              </value>
            </param>
          </params>
          <reporter-output>
          </reporter-output>
        </test-method> <!-- checkLable -->
        <test-method status="PASS" signature="checkLable(java.lang.String, java.lang.String)[pri:0, instance:ratajczak.test.XLineEdgeTest@5b239d7d]" name="checkLable" duration-ms="0" started-at="2016-01-06T13:49:15Z" data-provider="LabelTest" finished-at="2016-01-06T13:49:15Z">
          <params>
            <param index="0">
              <value>
                <![CDATA[label]]>
              </value>
            </param>
            <param index="1">
              <value>
                <![CDATA[label]]>
              </value>
            </param>
          </params>
          <reporter-output>
          </reporter-output>
        </test-method> <!-- checkLable -->
        <test-method status="PASS" signature="init()[pri:0, instance:ratajczak.test.XLineEdgeTest@5b239d7d]" name="init" is-config="true" duration-ms="0" started-at="2016-01-06T13:49:15Z" finished-at="2016-01-06T13:49:15Z">
          <reporter-output>
          </reporter-output>
        </test-method> <!-- init -->
        <test-method status="PASS" signature="checkLable(java.lang.String, java.lang.String)[pri:0, instance:ratajczak.test.XLineEdgeTest@5b239d7d]" name="checkLable" duration-ms="0" started-at="2016-01-06T13:49:15Z" data-provider="LabelTest" finished-at="2016-01-06T13:49:15Z">
          <params>
            <param index="0">
              <value>
                <![CDATA[Artur]]>
              </value>
            </param>
            <param index="1">
              <value>
                <![CDATA[Artur]]>
              </value>
            </param>
          </params>
          <reporter-output>
          </reporter-output>
        </test-method> <!-- checkLable -->
        <test-method status="PASS" signature="init()[pri:0, instance:ratajczak.test.XLineEdgeTest@5b239d7d]" name="init" is-config="true" duration-ms="0" started-at="2016-01-06T13:49:15Z" finished-at="2016-01-06T13:49:15Z">
          <reporter-output>
          </reporter-output>
        </test-method> <!-- init -->
        <test-method status="PASS" signature="init()[pri:0, instance:ratajczak.test.XLineEdgeTest@5b239d7d]" name="init" is-config="true" duration-ms="0" started-at="2016-01-06T13:49:15Z" finished-at="2016-01-06T13:49:15Z">
          <reporter-output>
          </reporter-output>
        </test-method> <!-- init -->
        <test-method status="PASS" signature="checkLable(java.lang.String, java.lang.String)[pri:0, instance:ratajczak.test.XLineEdgeTest@5b239d7d]" name="checkLable" duration-ms="0" started-at="2016-01-06T13:49:15Z" data-provider="LabelTest" finished-at="2016-01-06T13:49:15Z">
          <params>
            <param index="0">
              <value>
                <![CDATA[dwa]]>
              </value>
            </param>
            <param index="1">
              <value>
                <![CDATA[dwa]]>
              </value>
            </param>
          </params>
          <reporter-output>
          </reporter-output>
        </test-method> <!-- checkLable -->
        <test-method status="PASS" signature="getConnectionPointsBetween2Class()[pri:0, instance:ratajczak.test.XLineEdgeTest@5b239d7d]" name="getConnectionPointsBetween2Class" duration-ms="47" started-at="2016-01-06T13:49:15Z" description="Wymiary bloków ClassNode to 100x60. Wynik to skrajny punkt klasy startowej lub początkowej" finished-at="2016-01-06T13:49:15Z">
          <reporter-output>
          </reporter-output>
        </test-method> <!-- getConnectionPointsBetween2Class -->
        <test-method status="PASS" signature="init()[pri:0, instance:ratajczak.test.XLineEdgeTest@5b239d7d]" name="init" is-config="true" duration-ms="0" started-at="2016-01-06T13:49:15Z" finished-at="2016-01-06T13:49:15Z">
          <reporter-output>
          </reporter-output>
        </test-method> <!-- init -->
        <test-method status="PASS" signature="init()[pri:0, instance:ratajczak.test.XLineEdgeTest@5b239d7d]" name="init" is-config="true" duration-ms="0" started-at="2016-01-06T13:49:15Z" finished-at="2016-01-06T13:49:15Z">
          <reporter-output>
          </reporter-output>
        </test-method> <!-- init -->
        <test-method status="PASS" signature="getLineStyleShouldBeSOLID()[pri:0, instance:ratajczak.test.XLineEdgeTest@5b239d7d]" name="getLineStyleShouldBeSOLID" duration-ms="0" started-at="2016-01-06T13:49:15Z" finished-at="2016-01-06T13:49:15Z">
          <reporter-output>
          </reporter-output>
        </test-method> <!-- getLineStyleShouldBeSOLID -->
        <test-method status="PASS" signature="getNoExistingLine()[pri:0, instance:ratajczak.test.XLineEdgeTest@5b239d7d]" name="getNoExistingLine" duration-ms="0" started-at="2016-01-06T13:49:15Z" description="Brak punktów by wyznaczyć linię" finished-at="2016-01-06T13:49:15Z">
          <exception class="java.lang.NullPointerException">
            <full-stacktrace>
              <![CDATA[java.lang.NullPointerException
	at com.horstmann.violet.product.diagram.abstracts.edge.AbstractEdge.getConnectionPoints(AbstractEdge.java:156)
	at ratajczak.test.XLineEdgeTest.getNoExistingLine(XLineEdgeTest.java:95)
	at sun.reflect.NativeMethodAccessorImpl.invoke0(Native Method)
	at sun.reflect.NativeMethodAccessorImpl.invoke(NativeMethodAccessorImpl.java:62)
	at sun.reflect.DelegatingMethodAccessorImpl.invoke(DelegatingMethodAccessorImpl.java:43)
	at java.lang.reflect.Method.invoke(Method.java:497)
	at org.testng.internal.MethodInvocationHelper.invokeMethod(MethodInvocationHelper.java:85)
	at org.testng.internal.Invoker.invokeMethod(Invoker.java:639)
	at org.testng.internal.Invoker.invokeTestMethod(Invoker.java:821)
	at org.testng.internal.Invoker.invokeTestMethods(Invoker.java:1131)
	at org.testng.internal.TestMethodWorker.invokeTestMethods(TestMethodWorker.java:124)
	at org.testng.internal.TestMethodWorker.run(TestMethodWorker.java:108)
	at org.testng.TestRunner.privateRun(TestRunner.java:773)
	at org.testng.TestRunner.run(TestRunner.java:623)
	at org.testng.SuiteRunner.runTest(SuiteRunner.java:357)
	at org.testng.SuiteRunner.runSequentially(SuiteRunner.java:352)
	at org.testng.SuiteRunner.privateRun(SuiteRunner.java:310)
	at org.testng.SuiteRunner.run(SuiteRunner.java:259)
	at org.testng.SuiteRunnerWorker.runSuite(SuiteRunnerWorker.java:52)
	at org.testng.SuiteRunnerWorker.run(SuiteRunnerWorker.java:86)
	at org.testng.TestNG.runSuitesSequentially(TestNG.java:1185)
	at org.testng.TestNG.runSuitesLocally(TestNG.java:1110)
	at org.testng.TestNG.run(TestNG.java:1018)
	at org.testng.remote.RemoteTestNG.run(RemoteTestNG.java:111)
	at org.testng.remote.RemoteTestNG.initAndRun(RemoteTestNG.java:204)
	at org.testng.remote.RemoteTestNG.main(RemoteTestNG.java:175)
]]>
            </full-stacktrace>
          </exception> <!-- java.lang.NullPointerException -->
          <reporter-output>
          </reporter-output>
        </test-method> <!-- getNoExistingLine -->
        <test-method status="PASS" signature="init()[pri:0, instance:ratajczak.test.XLineEdgeTest@5b239d7d]" name="init" is-config="true" duration-ms="0" started-at="2016-01-06T13:49:15Z" finished-at="2016-01-06T13:49:15Z">
          <reporter-output>
          </reporter-output>
        </test-method> <!-- init -->
        <test-method status="PASS" signature="init()[pri:0, instance:ratajczak.test.XLineEdgeTest@5b239d7d]" name="init" is-config="true" duration-ms="0" started-at="2016-01-06T13:49:15Z" finished-at="2016-01-06T13:49:15Z">
          <reporter-output>
          </reporter-output>
        </test-method> <!-- init -->
        <test-method status="PASS" signature="getsAllNoExistingPoints()[pri:0, instance:ratajczak.test.XLineEdgeTest@5b239d7d]" name="getsAllNoExistingPoints" duration-ms="0" started-at="2016-01-06T13:49:15Z" description="Brak jakichkolwiek punktów by je pobrać" finished-at="2016-01-06T13:49:15Z">
          <exception class="java.lang.NullPointerException">
            <full-stacktrace>
              <![CDATA[java.lang.NullPointerException
	at com.horstmann.violet.product.diagram.abstracts.edge.AbstractEdge.getConnectionPoints(AbstractEdge.java:156)
	at com.horstmann.violet.product.diagram.abstracts.edge.SegmentedLineEdge.getPoints(SegmentedLineEdge.java:402)
	at ratajczak.test.XLineEdgeTest.getsAllNoExistingPoints(XLineEdgeTest.java:88)
	at sun.reflect.NativeMethodAccessorImpl.invoke0(Native Method)
	at sun.reflect.NativeMethodAccessorImpl.invoke(NativeMethodAccessorImpl.java:62)
	at sun.reflect.DelegatingMethodAccessorImpl.invoke(DelegatingMethodAccessorImpl.java:43)
	at java.lang.reflect.Method.invoke(Method.java:497)
	at org.testng.internal.MethodInvocationHelper.invokeMethod(MethodInvocationHelper.java:85)
	at org.testng.internal.Invoker.invokeMethod(Invoker.java:639)
	at org.testng.internal.Invoker.invokeTestMethod(Invoker.java:821)
	at org.testng.internal.Invoker.invokeTestMethods(Invoker.java:1131)
	at org.testng.internal.TestMethodWorker.invokeTestMethods(TestMethodWorker.java:124)
	at org.testng.internal.TestMethodWorker.run(TestMethodWorker.java:108)
	at org.testng.TestRunner.privateRun(TestRunner.java:773)
	at org.testng.TestRunner.run(TestRunner.java:623)
	at org.testng.SuiteRunner.runTest(SuiteRunner.java:357)
	at org.testng.SuiteRunner.runSequentially(SuiteRunner.java:352)
	at org.testng.SuiteRunner.privateRun(SuiteRunner.java:310)
	at org.testng.SuiteRunner.run(SuiteRunner.java:259)
	at org.testng.SuiteRunnerWorker.runSuite(SuiteRunnerWorker.java:52)
	at org.testng.SuiteRunnerWorker.run(SuiteRunnerWorker.java:86)
	at org.testng.TestNG.runSuitesSequentially(TestNG.java:1185)
	at org.testng.TestNG.runSuitesLocally(TestNG.java:1110)
	at org.testng.TestNG.run(TestNG.java:1018)
	at org.testng.remote.RemoteTestNG.run(RemoteTestNG.java:111)
	at org.testng.remote.RemoteTestNG.initAndRun(RemoteTestNG.java:204)
	at org.testng.remote.RemoteTestNG.main(RemoteTestNG.java:175)
]]>
            </full-stacktrace>
          </exception> <!-- java.lang.NullPointerException -->
          <reporter-output>
          </reporter-output>
        </test-method> <!-- getsAllNoExistingPoints -->
        <test-method status="PASS" signature="isTransitionPointsSupportedShouldBeFALSE()[pri:0, instance:ratajczak.test.XLineEdgeTest@5b239d7d]" name="isTransitionPointsSupportedShouldBeFALSE" duration-ms="0" started-at="2016-01-06T13:49:15Z" finished-at="2016-01-06T13:49:15Z">
          <reporter-output>
          </reporter-output>
        </test-method> <!-- isTransitionPointsSupportedShouldBeFALSE -->
        <test-method status="PASS" signature="init()[pri:0, instance:ratajczak.test.XLineEdgeTest@5b239d7d]" name="init" is-config="true" duration-ms="0" started-at="2016-01-06T13:49:15Z" finished-at="2016-01-06T13:49:15Z">
          <reporter-output>
          </reporter-output>
        </test-method> <!-- init -->
        <test-method status="PASS" signature="privateMethodReturnedPointsTest()[pri:0, instance:ratajczak.test.XLineEdgeTest@5b239d7d]" name="privateMethodReturnedPointsTest" duration-ms="0" started-at="2016-01-06T13:49:15Z" finished-at="2016-01-06T13:49:15Z">
          <reporter-output>
          </reporter-output>
        </test-method> <!-- privateMethodReturnedPointsTest -->
        <test-method status="PASS" signature="init()[pri:0, instance:ratajczak.test.XLineEdgeTest@5b239d7d]" name="init" is-config="true" duration-ms="0" started-at="2016-01-06T13:49:15Z" finished-at="2016-01-06T13:49:15Z">
          <reporter-output>
          </reporter-output>
        </test-method> <!-- init -->
        <test-method status="PASS" signature="shouldSetOnlyXandVEndArrowHead(com.horstmann.violet.product.diagram.abstracts.property.ArrowHead, com.horstmann.violet.product.diagram.abstracts.property.ArrowHead)[pri:0, instance:ratajczak.test.XLineEdgeTest@5b239d7d]" name="shouldSetOnlyXandVEndArrowHead" duration-ms="0" started-at="2016-01-06T13:49:15Z" data-provider="ArrowHeads" finished-at="2016-01-06T13:49:15Z">
          <params>
            <param index="0">
              <value>
                <![CDATA[com.horstmann.violet.product.diagram.abstracts.property.ArrowHead.BLACK_DIAMOND]]>
              </value>
            </param>
            <param index="1">
              <value>
                <![CDATA[com.horstmann.violet.product.diagram.abstracts.property.ArrowHead.NONE]]>
              </value>
            </param>
          </params>
          <reporter-output>
          </reporter-output>
        </test-method> <!-- shouldSetOnlyXandVEndArrowHead -->
        <test-method status="PASS" signature="init()[pri:0, instance:ratajczak.test.XLineEdgeTest@5b239d7d]" name="init" is-config="true" duration-ms="0" started-at="2016-01-06T13:49:15Z" finished-at="2016-01-06T13:49:15Z">
          <reporter-output>
          </reporter-output>
        </test-method> <!-- init -->
        <test-method status="PASS" signature="init()[pri:0, instance:ratajczak.test.XLineEdgeTest@5b239d7d]" name="init" is-config="true" duration-ms="0" started-at="2016-01-06T13:49:15Z" finished-at="2016-01-06T13:49:15Z">
          <reporter-output>
          </reporter-output>
        </test-method> <!-- init -->
        <test-method status="PASS" signature="shouldNotChangeLineStyle()[pri:0, instance:ratajczak.test.XLineEdgeTest@5b239d7d]" name="shouldNotChangeLineStyle" duration-ms="0" started-at="2016-01-06T13:49:15Z" description="Nie powinno dać się zmienić stylu lini" finished-at="2016-01-06T13:49:15Z">
          <reporter-output>
          </reporter-output>
        </test-method> <!-- shouldNotChangeLineStyle -->
        <test-method status="PASS" signature="shouldSetOnlyXandVEndArrowHead(com.horstmann.violet.product.diagram.abstracts.property.ArrowHead, com.horstmann.violet.product.diagram.abstracts.property.ArrowHead)[pri:0, instance:ratajczak.test.XLineEdgeTest@5b239d7d]" name="shouldSetOnlyXandVEndArrowHead" duration-ms="16" started-at="2016-01-06T13:49:15Z" data-provider="ArrowHeads" finished-at="2016-01-06T13:49:16Z">
          <params>
            <param index="0">
              <value>
                <![CDATA[com.horstmann.violet.product.diagram.abstracts.property.ArrowHead.HALF_V]]>
              </value>
            </param>
            <param index="1">
              <value>
                <![CDATA[com.horstmann.violet.product.diagram.abstracts.property.ArrowHead.NONE]]>
              </value>
            </param>
          </params>
          <reporter-output>
          </reporter-output>
        </test-method> <!-- shouldSetOnlyXandVEndArrowHead -->
        <test-method status="PASS" signature="shouldSetOnlyXandVEndArrowHead(com.horstmann.violet.product.diagram.abstracts.property.ArrowHead, com.horstmann.violet.product.diagram.abstracts.property.ArrowHead)[pri:0, instance:ratajczak.test.XLineEdgeTest@5b239d7d]" name="shouldSetOnlyXandVEndArrowHead" duration-ms="0" started-at="2016-01-06T13:49:15Z" data-provider="ArrowHeads" finished-at="2016-01-06T13:49:15Z">
          <params>
            <param index="0">
              <value>
                <![CDATA[com.horstmann.violet.product.diagram.abstracts.property.ArrowHead.X_HEAD]]>
              </value>
            </param>
            <param index="1">
              <value>
                <![CDATA[com.horstmann.violet.product.diagram.abstracts.property.ArrowHead.X_HEAD]]>
              </value>
            </param>
          </params>
          <reporter-output>
          </reporter-output>
        </test-method> <!-- shouldSetOnlyXandVEndArrowHead -->
        <test-method status="PASS" signature="init()[pri:0, instance:ratajczak.test.XLineEdgeTest@5b239d7d]" name="init" is-config="true" duration-ms="0" started-at="2016-01-06T13:49:15Z" finished-at="2016-01-06T13:49:15Z">
          <reporter-output>
          </reporter-output>
        </test-method> <!-- init -->
        <test-method status="PASS" signature="init()[pri:0, instance:ratajczak.test.XLineEdgeTest@5b239d7d]" name="init" is-config="true" duration-ms="0" started-at="2016-01-06T13:49:15Z" finished-at="2016-01-06T13:49:15Z">
          <reporter-output>
          </reporter-output>
        </test-method> <!-- init -->
        <test-method status="PASS" signature="init()[pri:0, instance:ratajczak.test.XLineEdgeTest@5b239d7d]" name="init" is-config="true" duration-ms="0" started-at="2016-01-06T13:49:16Z" finished-at="2016-01-06T13:49:16Z">
          <reporter-output>
          </reporter-output>
        </test-method> <!-- init -->
        <test-method status="PASS" signature="shouldSetOnlyXandVEndArrowHead(com.horstmann.violet.product.diagram.abstracts.property.ArrowHead, com.horstmann.violet.product.diagram.abstracts.property.ArrowHead)[pri:0, instance:ratajczak.test.XLineEdgeTest@5b239d7d]" name="shouldSetOnlyXandVEndArrowHead" duration-ms="0" started-at="2016-01-06T13:49:16Z" data-provider="ArrowHeads" finished-at="2016-01-06T13:49:16Z">
          <params>
            <param index="0">
              <value>
                <![CDATA[com.horstmann.violet.product.diagram.abstracts.property.ArrowHead.V]]>
              </value>
            </param>
            <param index="1">
              <value>
                <![CDATA[com.horstmann.violet.product.diagram.abstracts.property.ArrowHead.V]]>
              </value>
            </param>
          </params>
          <reporter-output>
          </reporter-output>
        </test-method> <!-- shouldSetOnlyXandVEndArrowHead -->
        <test-method status="PASS" signature="shouldSetOnlyXandVEndArrowHead(com.horstmann.violet.product.diagram.abstracts.property.ArrowHead, com.horstmann.violet.product.diagram.abstracts.property.ArrowHead)[pri:0, instance:ratajczak.test.XLineEdgeTest@5b239d7d]" name="shouldSetOnlyXandVEndArrowHead" duration-ms="0" started-at="2016-01-06T13:49:16Z" data-provider="ArrowHeads" finished-at="2016-01-06T13:49:16Z">
          <params>
            <param index="0">
              <value is-null="true"/>
            </param>
            <param index="1">
              <value>
                <![CDATA[com.horstmann.violet.product.diagram.abstracts.property.ArrowHead.NONE]]>
              </value>
            </param>
          </params>
          <reporter-output>
          </reporter-output>
        </test-method> <!-- shouldSetOnlyXandVEndArrowHead -->
        <test-method status="PASS" signature="init()[pri:0, instance:ratajczak.test.XLineEdgeTest@5b239d7d]" name="init" is-config="true" duration-ms="0" started-at="2016-01-06T13:49:16Z" finished-at="2016-01-06T13:49:16Z">
          <reporter-output>
          </reporter-output>
        </test-method> <!-- init -->
        <test-method status="PASS" signature="shouldSetOnlyXandVStartArrowHead(com.horstmann.violet.product.diagram.abstracts.property.ArrowHead, com.horstmann.violet.product.diagram.abstracts.property.ArrowHead)[pri:0, instance:ratajczak.test.XLineEdgeTest@5b239d7d]" name="shouldSetOnlyXandVStartArrowHead" duration-ms="0" started-at="2016-01-06T13:49:16Z" description="Metoda zezwala wyłącznie na ustawienie X_HEAD inaczej ustawia NONE" data-provider="ArrowHeads" finished-at="2016-01-06T13:49:16Z">
          <params>
            <param index="0">
              <value>
                <![CDATA[com.horstmann.violet.product.diagram.abstracts.property.ArrowHead.BLACK_DIAMOND]]>
              </value>
            </param>
            <param index="1">
              <value>
                <![CDATA[com.horstmann.violet.product.diagram.abstracts.property.ArrowHead.NONE]]>
              </value>
            </param>
          </params>
          <reporter-output>
          </reporter-output>
        </test-method> <!-- shouldSetOnlyXandVStartArrowHead -->
        <test-method status="PASS" signature="init()[pri:0, instance:ratajczak.test.XLineEdgeTest@5b239d7d]" name="init" is-config="true" duration-ms="0" started-at="2016-01-06T13:49:16Z" finished-at="2016-01-06T13:49:16Z">
          <reporter-output>
          </reporter-output>
        </test-method> <!-- init -->
        <test-method status="PASS" signature="init()[pri:0, instance:ratajczak.test.XLineEdgeTest@5b239d7d]" name="init" is-config="true" duration-ms="0" started-at="2016-01-06T13:49:16Z" finished-at="2016-01-06T13:49:16Z">
          <reporter-output>
          </reporter-output>
        </test-method> <!-- init -->
        <test-method status="PASS" signature="init()[pri:0, instance:ratajczak.test.XLineEdgeTest@5b239d7d]" name="init" is-config="true" duration-ms="0" started-at="2016-01-06T13:49:16Z" finished-at="2016-01-06T13:49:16Z">
          <reporter-output>
          </reporter-output>
        </test-method> <!-- init -->
        <test-method status="PASS" signature="shouldSetOnlyXandVStartArrowHead(com.horstmann.violet.product.diagram.abstracts.property.ArrowHead, com.horstmann.violet.product.diagram.abstracts.property.ArrowHead)[pri:0, instance:ratajczak.test.XLineEdgeTest@5b239d7d]" name="shouldSetOnlyXandVStartArrowHead" duration-ms="0" started-at="2016-01-06T13:49:16Z" description="Metoda zezwala wyłącznie na ustawienie X_HEAD inaczej ustawia NONE" data-provider="ArrowHeads" finished-at="2016-01-06T13:49:16Z">
          <params>
            <param index="0">
              <value>
                <![CDATA[com.horstmann.violet.product.diagram.abstracts.property.ArrowHead.X_HEAD]]>
              </value>
            </param>
            <param index="1">
              <value>
                <![CDATA[com.horstmann.violet.product.diagram.abstracts.property.ArrowHead.X_HEAD]]>
              </value>
            </param>
          </params>
          <reporter-output>
          </reporter-output>
        </test-method> <!-- shouldSetOnlyXandVStartArrowHead -->
        <test-method status="PASS" signature="shouldSetOnlyXandVStartArrowHead(com.horstmann.violet.product.diagram.abstracts.property.ArrowHead, com.horstmann.violet.product.diagram.abstracts.property.ArrowHead)[pri:0, instance:ratajczak.test.XLineEdgeTest@5b239d7d]" name="shouldSetOnlyXandVStartArrowHead" duration-ms="16" started-at="2016-01-06T13:49:16Z" description="Metoda zezwala wyłącznie na ustawienie X_HEAD inaczej ustawia NONE" data-provider="ArrowHeads" finished-at="2016-01-06T13:49:16Z">
          <params>
            <param index="0">
              <value>
                <![CDATA[com.horstmann.violet.product.diagram.abstracts.property.ArrowHead.HALF_V]]>
              </value>
            </param>
            <param index="1">
              <value>
                <![CDATA[com.horstmann.violet.product.diagram.abstracts.property.ArrowHead.NONE]]>
              </value>
            </param>
          </params>
          <reporter-output>
          </reporter-output>
        </test-method> <!-- shouldSetOnlyXandVStartArrowHead -->
        <test-method status="PASS" signature="shouldSetOnlyXandVStartArrowHead(com.horstmann.violet.product.diagram.abstracts.property.ArrowHead, com.horstmann.violet.product.diagram.abstracts.property.ArrowHead)[pri:0, instance:ratajczak.test.XLineEdgeTest@5b239d7d]" name="shouldSetOnlyXandVStartArrowHead" duration-ms="0" started-at="2016-01-06T13:49:16Z" description="Metoda zezwala wyłącznie na ustawienie X_HEAD inaczej ustawia NONE" data-provider="ArrowHeads" finished-at="2016-01-06T13:49:16Z">
          <params>
            <param index="0">
              <value>
                <![CDATA[com.horstmann.violet.product.diagram.abstracts.property.ArrowHead.V]]>
              </value>
            </param>
            <param index="1">
              <value>
                <![CDATA[com.horstmann.violet.product.diagram.abstracts.property.ArrowHead.V]]>
              </value>
            </param>
          </params>
          <reporter-output>
          </reporter-output>
        </test-method> <!-- shouldSetOnlyXandVStartArrowHead -->
        <test-method status="PASS" signature="init()[pri:0, instance:ratajczak.test.XLineEdgeTest@5b239d7d]" name="init" is-config="true" duration-ms="0" started-at="2016-01-06T13:49:16Z" finished-at="2016-01-06T13:49:16Z">
          <reporter-output>
          </reporter-output>
        </test-method> <!-- init -->
        <test-method status="PASS" signature="init()[pri:0, instance:ratajczak.test.XLineEdgeTest@5b239d7d]" name="init" is-config="true" duration-ms="0" started-at="2016-01-06T13:49:16Z" finished-at="2016-01-06T13:49:16Z">
          <reporter-output>
          </reporter-output>
        </test-method> <!-- init -->
        <test-method status="PASS" signature="shouldSetOnlyXandVStartArrowHead(com.horstmann.violet.product.diagram.abstracts.property.ArrowHead, com.horstmann.violet.product.diagram.abstracts.property.ArrowHead)[pri:0, instance:ratajczak.test.XLineEdgeTest@5b239d7d]" name="shouldSetOnlyXandVStartArrowHead" duration-ms="0" started-at="2016-01-06T13:49:16Z" description="Metoda zezwala wyłącznie na ustawienie X_HEAD inaczej ustawia NONE" data-provider="ArrowHeads" finished-at="2016-01-06T13:49:16Z">
          <params>
            <param index="0">
              <value is-null="true"/>
            </param>
            <param index="1">
              <value>
                <![CDATA[com.horstmann.violet.product.diagram.abstracts.property.ArrowHead.NONE]]>
              </value>
            </param>
          </params>
          <reporter-output>
          </reporter-output>
        </test-method> <!-- shouldSetOnlyXandVStartArrowHead -->
      </class> <!-- ratajczak.test.XLineEdgeTest -->
    </test> <!-- ratajczak.test -->
  </suite> <!-- violetplugin-classdiagram by packages -->
</testng-results>
