<?xml version="1.0" encoding="UTF-8"?>
<!-- Generated by org.testng.reporters.JUnitXMLReporter -->
<testsuite hostname="Artur-PC" name="Default test" tests="5" failures="0" timestamp="25 Dec 2015 16:44:51 GMT" time="0.492" errors="0">
  <testcase name="ShoulbeClassInEdgeList" time="0.012" classname="ratajczak.test.ClassDiagramGraphTest"/>
  <testcase name="ShoulbeClassInEdgeList" time="0.001" classname="ratajczak.test.ClassDiagramGraphTest"/>
  <testcase name="ShoulbeClassInEdgeList" time="0.003" classname="ratajczak.test.ClassDiagramGraphTest"/>
  <testcase name="ShoulbeClassInEdgeList" time="0.003" classname="ratajczak.test.ClassDiagramGraphTest"/>
  <testcase name="ShoulbeClassInEdgeList" time="0.003" classname="ratajczak.test.ClassDiagramGraphTest"/>
</testsuite> <!-- Default test -->
