<?xml version="1.0" encoding="UTF-8"?>
<!-- Generated by org.testng.reporters.JUnitXMLReporter -->
<testsuite hostname="Artur-PC" name="Default test" tests="4" failures="0" timestamp="6 Jan 2016 12:42:14 GMT" time="0.234" errors="0">
  <testcase name="copyBall" time="0.016" classname="ratajczak.test.BallAndSocketTest"/>
  <testcase name="copySocket" time="0.0" classname="ratajczak.test.BallAndSocketTest"/>
  <testcase name="testBallBounds" time="0.0" classname="ratajczak.test.BallAndSocketTest"/>
  <testcase name="testSocketBounds" time="0.0" classname="ratajczak.test.BallAndSocketTest"/>
</testsuite> <!-- Default test -->
