<?xml version="1.0" encoding="UTF-8"?>
<!-- Generated by org.testng.reporters.JUnitXMLReporter -->
<testsuite hostname="Artur-PC" name="ratajczak.artur" tests="75" failures="0" timestamp="6 Jan 2016 12:52:44 GMT" time="1.187" errors="0">
  <testcase name="boundsWithSomeText" time="0.172" classname="ratajczak.artur.AbstractNodeMorphTest"/>
  <testcase name="boundsWithSomeText" time="0.0" classname="ratajczak.artur.AbstractNodeMorphTest"/>
  <testcase name="boundsWithSomeText" time="0.015" classname="ratajczak.artur.AbstractNodeMorphTest"/>
  <testcase name="boundsWithSomeText" time="0.016" classname="ratajczak.artur.AbstractNodeMorphTest"/>
  <testcase name="boundsWithSomeText" time="0.016" classname="ratajczak.artur.AbstractNodeMorphTest"/>
  <testcase name="cloneTest" time="0.0" classname="ratajczak.artur.AbstractNodeMorphTest"/>
  <testcase name="constructionTest" time="0.0" classname="ratajczak.artur.AbstractNodeMorphTest"/>
  <testcase name="morphValuTest" time="0.0" classname="ratajczak.artur.AbstractNodeMorphTest"/>
  <testcase name="morphValuTest" time="0.0" classname="ratajczak.artur.AbstractNodeMorphTest"/>
  <testcase name="morphValuTest" time="0.0" classname="ratajczak.artur.AbstractNodeMorphTest"/>
  <testcase name="nameIsLargeAndJustyfy" time="0.015" classname="ratajczak.artur.AbstractNodeMorphTest"/>
  <testcase name="morphStartValueTest" time="0.0" classname="ratajczak.artur.ClassNodeMorphTest"/>
  <testcase name="morphStartValueTest" time="0.0" classname="ratajczak.artur.ClassNodeMorphTest"/>
  <testcase name="morphStartValueTest" time="0.015" classname="ratajczak.artur.ClassNodeMorphTest"/>
  <testcase name="morphStartValueTest" time="0.0" classname="ratajczak.artur.InterfaceNodeMorphTest"/>
  <testcase name="morphStartValueTest" time="0.0" classname="ratajczak.artur.InterfaceNodeMorphTest"/>
  <testcase name="morphStartValueTest" time="0.0" classname="ratajczak.artur.InterfaceNodeMorphTest"/>
  <testcase name="abstractToClass" time="0.0" classname="ratajczak.artur.MorphClassTest"/>
  <testcase name="abstractToClass" time="0.0" classname="ratajczak.artur.MorphClassTest"/>
  <testcase name="abstractToClass" time="0.016" classname="ratajczak.artur.MorphClassTest"/>
  <testcase name="abstractToClass" time="0.016" classname="ratajczak.artur.MorphClassTest"/>
  <testcase name="abstractToClass" time="0.0" classname="ratajczak.artur.MorphClassTest"/>
  <testcase name="abstractToClass" time="0.0" classname="ratajczak.artur.MorphClassTest"/>
  <testcase name="abstractToClass" time="0.016" classname="ratajczak.artur.MorphClassTest"/>
  <testcase name="abstractToClass" time="0.016" classname="ratajczak.artur.MorphClassTest"/>
  <testcase name="abstractToClass" time="0.0" classname="ratajczak.artur.MorphClassTest"/>
  <testcase name="abstractToINterface" time="0.0" classname="ratajczak.artur.MorphClassTest"/>
  <testcase name="abstractToINterface" time="0.016" classname="ratajczak.artur.MorphClassTest"/>
  <testcase name="abstractToINterface" time="0.0" classname="ratajczak.artur.MorphClassTest"/>
  <testcase name="abstractToINterface" time="0.0" classname="ratajczak.artur.MorphClassTest"/>
  <testcase name="abstractToINterface" time="0.0" classname="ratajczak.artur.MorphClassTest"/>
  <testcase name="abstractToINterface" time="0.0" classname="ratajczak.artur.MorphClassTest"/>
  <testcase name="abstractToINterface" time="0.0" classname="ratajczak.artur.MorphClassTest"/>
  <testcase name="abstractToINterface" time="0.0" classname="ratajczak.artur.MorphClassTest"/>
  <testcase name="abstractToINterface" time="0.0" classname="ratajczak.artur.MorphClassTest"/>
  <testcase name="classToAbstract" time="0.016" classname="ratajczak.artur.MorphClassTest"/>
  <testcase name="classToAbstract" time="0.0" classname="ratajczak.artur.MorphClassTest"/>
  <testcase name="classToAbstract" time="0.0" classname="ratajczak.artur.MorphClassTest"/>
  <testcase name="classToAbstract" time="0.0" classname="ratajczak.artur.MorphClassTest"/>
  <testcase name="classToAbstract" time="0.0" classname="ratajczak.artur.MorphClassTest"/>
  <testcase name="classToAbstract" time="0.0" classname="ratajczak.artur.MorphClassTest"/>
  <testcase name="classToAbstract" time="0.0" classname="ratajczak.artur.MorphClassTest"/>
  <testcase name="classToAbstract" time="0.0" classname="ratajczak.artur.MorphClassTest"/>
  <testcase name="classToAbstract" time="0.0" classname="ratajczak.artur.MorphClassTest"/>
  <testcase name="classToInterfaceTest" time="0.0" classname="ratajczak.artur.MorphClassTest"/>
  <testcase name="classToInterfaceTest" time="0.015" classname="ratajczak.artur.MorphClassTest"/>
  <testcase name="classToInterfaceTest" time="0.0" classname="ratajczak.artur.MorphClassTest"/>
  <testcase name="classToInterfaceTest" time="0.0" classname="ratajczak.artur.MorphClassTest"/>
  <testcase name="classToInterfaceTest" time="0.0" classname="ratajczak.artur.MorphClassTest"/>
  <testcase name="classToInterfaceTest" time="0.0" classname="ratajczak.artur.MorphClassTest"/>
  <testcase name="classToInterfaceTest" time="0.0" classname="ratajczak.artur.MorphClassTest"/>
  <testcase name="classToInterfaceTest" time="0.0" classname="ratajczak.artur.MorphClassTest"/>
  <testcase name="classToInterfaceTest" time="0.0" classname="ratajczak.artur.MorphClassTest"/>
  <testcase name="interfaceToAbstract" time="0.016" classname="ratajczak.artur.MorphClassTest"/>
  <testcase name="interfaceToAbstract" time="0.0" classname="ratajczak.artur.MorphClassTest"/>
  <testcase name="interfaceToAbstract" time="0.0" classname="ratajczak.artur.MorphClassTest"/>
  <testcase name="interfaceToAbstract" time="0.0" classname="ratajczak.artur.MorphClassTest"/>
  <testcase name="interfaceToAbstract" time="0.0" classname="ratajczak.artur.MorphClassTest"/>
  <testcase name="interfaceToAbstract" time="0.0" classname="ratajczak.artur.MorphClassTest"/>
  <testcase name="interfaceToAbstract" time="0.0" classname="ratajczak.artur.MorphClassTest"/>
  <testcase name="interfaceToAbstract" time="0.016" classname="ratajczak.artur.MorphClassTest"/>
  <testcase name="interfaceToAbstract" time="0.0" classname="ratajczak.artur.MorphClassTest"/>
  <testcase name="interfaceToClass" time="0.0" classname="ratajczak.artur.MorphClassTest"/>
  <testcase name="interfaceToClass" time="0.0" classname="ratajczak.artur.MorphClassTest"/>
  <testcase name="interfaceToClass" time="0.016" classname="ratajczak.artur.MorphClassTest"/>
  <testcase name="interfaceToClass" time="0.0" classname="ratajczak.artur.MorphClassTest"/>
  <testcase name="interfaceToClass" time="0.0" classname="ratajczak.artur.MorphClassTest"/>
  <testcase name="interfaceToClass" time="0.0" classname="ratajczak.artur.MorphClassTest"/>
  <testcase name="interfaceToClass" time="0.0" classname="ratajczak.artur.MorphClassTest"/>
  <testcase name="interfaceToClass" time="0.0" classname="ratajczak.artur.MorphClassTest"/>
  <testcase name="interfaceToClass" time="0.0" classname="ratajczak.artur.MorphClassTest"/>
  <testcase name="redrawTest" time="0.016" classname="ratajczak.artur.MorphClassTest"/>
  <testcase name="testEditorValueAndName" time="0.0" classname="ratajczak.artur.MorphEditorTest"/>
  <testcase name="testEditorValueAndName" time="0.0" classname="ratajczak.artur.MorphEditorTest"/>
  <testcase name="testEditorValueAndName" time="0.0" classname="ratajczak.artur.MorphEditorTest"/>
</testsuite> <!-- ratajczak.artur -->
