<?xml version="1.0" encoding="UTF-8"?>
<!-- Generated by org.testng.reporters.JUnitXMLReporter -->
<testsuite hostname="Artur-PC" name="ratajczak.test" tests="33" failures="0" timestamp="6 Jan 2016 12:51:26 GMT" time="1.063" errors="0">
  <testcase name="edgesPrototypeTest" time="0.016" classname="ratajczak.test.DiagramGraphTest"/>
  <testcase name="edgesPrototypeTest" time="0.0" classname="ratajczak.test.DiagramGraphTest"/>
  <testcase name="edgesPrototypeTest" time="0.0" classname="ratajczak.test.DiagramGraphTest"/>
  <testcase name="edgesPrototypeTest" time="0.0" classname="ratajczak.test.DiagramGraphTest"/>
  <testcase name="edgesPrototypeTest" time="0.0" classname="ratajczak.test.DiagramGraphTest"/>
  <testcase name="nodesPrototypeTest" time="0.0" classname="ratajczak.test.DiagramGraphTest"/>
  <testcase name="nodesPrototypeTest" time="0.0" classname="ratajczak.test.DiagramGraphTest"/>
  <testcase name="nodesPrototypeTest" time="0.0" classname="ratajczak.test.DiagramGraphTest"/>
  <testcase name="nodesPrototypeTest" time="0.0" classname="ratajczak.test.DiagramGraphTest"/>
  <testcase name="nodesPrototypeTest" time="0.0" classname="ratajczak.test.DiagramGraphTest"/>
  <testcase name="DiagramPropertyTest" time="0.0" classname="ratajczak.test.DiagramPluginTest"/>
  <testcase name="MessageConstructionTest" time="0.0" classname="ratajczak.test.DirectionEdgeTest"/>
  <testcase name="MessageConstructionTest" time="0.0" classname="ratajczak.test.DirectionEdgeTest"/>
  <testcase name="MessageConstructionTest" time="0.0" classname="ratajczak.test.DirectionEdgeTest"/>
  <testcase name="MessageConstructionTest" time="0.0" classname="ratajczak.test.DirectionEdgeTest"/>
  <testcase name="MessageConstructionTest" time="0.0" classname="ratajczak.test.DirectionEdgeTest"/>
  <testcase name="MessageConstructionTest" time="0.016" classname="ratajczak.test.DirectionEdgeTest"/>
  <testcase name="MessageConstructionTest" time="0.0" classname="ratajczak.test.DirectionEdgeTest"/>
  <testcase name="MessageConstructionTest" time="0.0" classname="ratajczak.test.DirectionEdgeTest"/>
  <testcase name="MessageConstructionTest" time="0.0" classname="ratajczak.test.DirectionEdgeTest"/>
  <testcase name="MessageConstructionTest" time="0.0" classname="ratajczak.test.DirectionEdgeTest"/>
  <testcase name="constructionTest" time="0.0" classname="ratajczak.test.DirectionEdgeTest"/>
  <testcase name="supportTransitionPoint" time="0.016" classname="ratajczak.test.DirectionEdgeTest"/>
  <testcase name="ClearBoundsTest" time="0.047" classname="ratajczak.test.ObjectNodeTest"/>
  <testcase name="CreateTest" time="0.015" classname="ratajczak.test.ObjectNodeTest"/>
  <testcase name="boundsWithSomeText" time="0.0" classname="ratajczak.test.ObjectNodeTest"/>
  <testcase name="boundsWithSomeText" time="0.0" classname="ratajczak.test.ObjectNodeTest"/>
  <testcase name="boundsWithSomeText" time="0.016" classname="ratajczak.test.ObjectNodeTest"/>
  <testcase name="boundsWithSomeText" time="0.0" classname="ratajczak.test.ObjectNodeTest"/>
  <testcase name="boundsWithSomeText" time="0.0" classname="ratajczak.test.ObjectNodeTest"/>
  <testcase name="checkNameParameterTest" time="0.0" classname="ratajczak.test.ObjectNodeTest"/>
  <testcase name="cloneTest" time="0.0" classname="ratajczak.test.ObjectNodeTest"/>
  <testcase name="scholdByNullPointExceptionOngetBounds" time="0.0" classname="ratajczak.test.ObjectNodeTest"/>
</testsuite> <!-- ratajczak.test -->
