<?xml version="1.0" encoding="UTF-8"?>
<!-- Generated by org.testng.reporters.JUnitXMLReporter -->
<testsuite hostname="Artur-PC" name="BallAndSocket" tests="3" failures="0" timestamp="6 Jan 2016 11:31:00 GMT" time="0.016" errors="0">
  <testcase name="copyBall" time="0.0" classname="ratajczak.test.BallAndSocketTest"/>
  <testcase name="copySocket" time="0.0" classname="ratajczak.test.BallAndSocketTest"/>
  <testcase name="testSocketAndBallBounds" time="0.0" classname="ratajczak.test.BallAndSocketTest"/>
</testsuite> <!-- BallAndSocket -->
