<?xml version="1.0" encoding="UTF-8"?>
<!-- Generated by org.testng.reporters.JUnitXMLReporter -->
<testsuite hostname="Artur-PC" name="ClassDiagramGraph" tests="5" failures="0" timestamp="25 Dec 2015 16:47:06 GMT" time="0.225" errors="0">
  <testcase name="ShoulbeClassInEdgeList" time="0.004" classname="ratajczak.test.ClassDiagramGraphTest"/>
  <testcase name="ShoulbeClassInEdgeList" time="0.001" classname="ratajczak.test.ClassDiagramGraphTest"/>
  <testcase name="ShoulbeClassInEdgeList" time="0.002" classname="ratajczak.test.ClassDiagramGraphTest"/>
  <testcase name="ShoulbeClassInEdgeList" time="0.026" classname="ratajczak.test.ClassDiagramGraphTest"/>
  <testcase name="ShoulbeClassInEdgeList" time="0.001" classname="ratajczak.test.ClassDiagramGraphTest"/>
</testsuite> <!-- ClassDiagramGraph -->
