<?xml version="1.0" encoding="UTF-8"?>
<!-- Generated by org.testng.reporters.JUnitXMLReporter -->
<testsuite hostname="Artur-PC" name="ClassDiagramGraph" tests="8" failures="0" timestamp="6 Jan 2016 11:31:00 GMT" time="0.079" errors="0">
  <testcase name="ShoulbeClassInEdgeList" time="0.0" classname="ratajczak.test.ClassDiagramGraphTest"/>
  <testcase name="ShoulbeClassInEdgeList" time="0.0" classname="ratajczak.test.ClassDiagramGraphTest"/>
  <testcase name="ShoulbeClassInEdgeList" time="0.0" classname="ratajczak.test.ClassDiagramGraphTest"/>
  <testcase name="ShoulbeClassInEdgeList" time="0.0" classname="ratajczak.test.ClassDiagramGraphTest"/>
  <testcase name="ShoulbeClassInEdgeList" time="0.0" classname="ratajczak.test.ClassDiagramGraphTest"/>
  <testcase name="ShoulbeClassInEdgeList" time="0.0" classname="ratajczak.test.ClassDiagramGraphTest"/>
  <testcase name="ShoulbeClassInEdgeList" time="0.0" classname="ratajczak.test.ClassDiagramGraphTest"/>
  <testcase name="ShoulbeClassInEdgeList" time="0.0" classname="ratajczak.test.ClassDiagramGraphTest"/>
</testsuite> <!-- ClassDiagramGraph -->
