<?xml version="1.0" encoding="UTF-8"?>
<!-- Generated by org.testng.reporters.JUnitXMLReporter -->
<testsuite hostname="Artur-PC" name="XLineEdge" tests="10" failures="0" timestamp="25 Dec 2015 16:47:06 GMT" time="0.388" errors="0">
  <testcase name="getEndArrowHeadShouldBeXHEAD" time="0.017" classname="ratajczak.test.XLineEdgeTest"/>
  <testcase name="getLineStyleShouldBeSOLID" time="0.004" classname="ratajczak.test.XLineEdgeTest"/>
  <testcase name="getNoExistingLine" time="0.003" classname="ratajczak.test.XLineEdgeTest"/>
  <testcase name="getsAllNoExistingPoints" time="0.006" classname="ratajczak.test.XLineEdgeTest"/>
  <testcase name="isTransitionPointsSupportedShouldBeFALSE" time="0.002" classname="ratajczak.test.XLineEdgeTest"/>
  <testcase name="privateMethodReturnedPointsTest" time="0.009" classname="ratajczak.test.XLineEdgeTest"/>
  <testcase name="shouldNotChangeLineStyle" time="0.001" classname="ratajczak.test.XLineEdgeTest"/>
  <testcase name="shouldSetOnlyXHEDStartArrowHead" time="0.003" classname="ratajczak.test.XLineEdgeTest"/>
  <testcase name="shouldSetOnlyXHEDStartArrowHead" time="0.001" classname="ratajczak.test.XLineEdgeTest"/>
  <testcase name="shouldSetOnlyXHEDStartArrowHead" time="0.001" classname="ratajczak.test.XLineEdgeTest"/>
</testsuite> <!-- XLineEdge -->
