<?xml version="1.0" encoding="UTF-8"?>
<!-- Generated by org.testng.reporters.JUnitXMLReporter -->
<testsuite hostname="Artur-PC" name="XLineEdge" tests="25" failures="0" timestamp="26 Dec 2015 12:15:49 GMT" time="0.625" errors="0">
  <testcase name="BenStyleTest" time="0.015" classname="ratajczak.test.XLineEdgeTest"/>
  <testcase name="BenStyleTest" time="0.0" classname="ratajczak.test.XLineEdgeTest"/>
  <testcase name="BenStyleTest" time="0.0" classname="ratajczak.test.XLineEdgeTest"/>
  <testcase name="BenStyleTest" time="0.0" classname="ratajczak.test.XLineEdgeTest"/>
  <testcase name="checkLable" time="0.0" classname="ratajczak.test.XLineEdgeTest"/>
  <testcase name="checkLable" time="0.0" classname="ratajczak.test.XLineEdgeTest"/>
  <testcase name="checkLable" time="0.0" classname="ratajczak.test.XLineEdgeTest"/>
  <testcase name="checkLable" time="0.0" classname="ratajczak.test.XLineEdgeTest"/>
  <testcase name="getConnectionPointsBetween2Class" time="0.219" classname="ratajczak.test.XLineEdgeTest"/>
  <testcase name="getLineStyleShouldBeSOLID" time="0.016" classname="ratajczak.test.XLineEdgeTest"/>
  <testcase name="getNoExistingLine" time="0.0" classname="ratajczak.test.XLineEdgeTest"/>
  <testcase name="getsAllNoExistingPoints" time="0.0" classname="ratajczak.test.XLineEdgeTest"/>
  <testcase name="isTransitionPointsSupportedShouldBeFALSE" time="0.0" classname="ratajczak.test.XLineEdgeTest"/>
  <testcase name="privateMethodReturnedPointsTest" time="0.0" classname="ratajczak.test.XLineEdgeTest"/>
  <testcase name="shouldNotChangeLineStyle" time="0.0" classname="ratajczak.test.XLineEdgeTest"/>
  <testcase name="shouldSetOnlyXandVEndArrowHead" time="0.0" classname="ratajczak.test.XLineEdgeTest"/>
  <testcase name="shouldSetOnlyXandVEndArrowHead" time="0.0" classname="ratajczak.test.XLineEdgeTest"/>
  <testcase name="shouldSetOnlyXandVEndArrowHead" time="0.016" classname="ratajczak.test.XLineEdgeTest"/>
  <testcase name="shouldSetOnlyXandVEndArrowHead" time="0.0" classname="ratajczak.test.XLineEdgeTest"/>
  <testcase name="shouldSetOnlyXandVEndArrowHead" time="0.0" classname="ratajczak.test.XLineEdgeTest"/>
  <testcase name="shouldSetOnlyXandVStartArrowHead" time="0.0" classname="ratajczak.test.XLineEdgeTest"/>
  <testcase name="shouldSetOnlyXandVStartArrowHead" time="0.015" classname="ratajczak.test.XLineEdgeTest"/>
  <testcase name="shouldSetOnlyXandVStartArrowHead" time="0.0" classname="ratajczak.test.XLineEdgeTest"/>
  <testcase name="shouldSetOnlyXandVStartArrowHead" time="0.0" classname="ratajczak.test.XLineEdgeTest"/>
  <testcase name="shouldSetOnlyXandVStartArrowHead" time="0.0" classname="ratajczak.test.XLineEdgeTest"/>
</testsuite> <!-- XLineEdge -->
