<?xml version="1.0" encoding="UTF-8"?>
<testng-results skipped="0" failed="0" total="33" passed="33">
  <reporter-output>
  </reporter-output>
  <suite name="violetplugin-communicationdiagram by packages" duration-ms="1063" started-at="2016-01-06T12:51:25Z" finished-at="2016-01-06T12:51:26Z">
    <groups>
    </groups>
    <test name="ratajczak.test" duration-ms="1063" started-at="2016-01-06T12:51:25Z" finished-at="2016-01-06T12:51:26Z">
      <class name="ratajczak.test.DirectionEdgeTest">
        <test-method status="PASS" signature="init()[pri:0, instance:ratajczak.test.DirectionEdgeTest@20deea7f]" name="init" is-config="true" duration-ms="0" started-at="2016-01-06T13:51:25Z" finished-at="2016-01-06T13:51:25Z">
          <reporter-output>
          </reporter-output>
        </test-method> <!-- init -->
        <test-method status="PASS" signature="MessageConstructionTest(ratajczak.test.supportMessageTest)[pri:0, instance:ratajczak.test.DirectionEdgeTest@20deea7f]" name="MessageConstructionTest" duration-ms="0" started-at="2016-01-06T13:51:25Z" description="Sprawdzenie poprawnej konstrukcji dla middleLabel" data-provider="MessageConstruction" finished-at="2016-01-06T13:51:25Z">
          <params>
            <param index="0">
              <value>
                <![CDATA[ratajczak.test.supportMessageTest@611889f4]]>
              </value>
            </param>
          </params>
          <reporter-output>
          </reporter-output>
        </test-method> <!-- MessageConstructionTest -->
        <test-method status="PASS" signature="init()[pri:0, instance:ratajczak.test.DirectionEdgeTest@20deea7f]" name="init" is-config="true" duration-ms="0" started-at="2016-01-06T13:51:25Z" finished-at="2016-01-06T13:51:25Z">
          <reporter-output>
          </reporter-output>
        </test-method> <!-- init -->
        <test-method status="PASS" signature="MessageConstructionTest(ratajczak.test.supportMessageTest)[pri:0, instance:ratajczak.test.DirectionEdgeTest@20deea7f]" name="MessageConstructionTest" duration-ms="0" started-at="2016-01-06T13:51:25Z" description="Sprawdzenie poprawnej konstrukcji dla middleLabel" data-provider="MessageConstruction" finished-at="2016-01-06T13:51:25Z">
          <params>
            <param index="0">
              <value>
                <![CDATA[ratajczak.test.supportMessageTest@7fee8714]]>
              </value>
            </param>
          </params>
          <reporter-output>
          </reporter-output>
        </test-method> <!-- MessageConstructionTest -->
        <test-method status="PASS" signature="MessageConstructionTest(ratajczak.test.supportMessageTest)[pri:0, instance:ratajczak.test.DirectionEdgeTest@20deea7f]" name="MessageConstructionTest" duration-ms="0" started-at="2016-01-06T13:51:26Z" description="Sprawdzenie poprawnej konstrukcji dla middleLabel" data-provider="MessageConstruction" finished-at="2016-01-06T13:51:26Z">
          <params>
            <param index="0">
              <value>
                <![CDATA[ratajczak.test.supportMessageTest@66d3eec0]]>
              </value>
            </param>
          </params>
          <reporter-output>
          </reporter-output>
        </test-method> <!-- MessageConstructionTest -->
        <test-method status="PASS" signature="init()[pri:0, instance:ratajczak.test.DirectionEdgeTest@20deea7f]" name="init" is-config="true" duration-ms="0" started-at="2016-01-06T13:51:26Z" finished-at="2016-01-06T13:51:26Z">
          <reporter-output>
          </reporter-output>
        </test-method> <!-- init -->
        <test-method status="PASS" signature="init()[pri:0, instance:ratajczak.test.DirectionEdgeTest@20deea7f]" name="init" is-config="true" duration-ms="0" started-at="2016-01-06T13:51:26Z" finished-at="2016-01-06T13:51:26Z">
          <reporter-output>
          </reporter-output>
        </test-method> <!-- init -->
        <test-method status="PASS" signature="MessageConstructionTest(ratajczak.test.supportMessageTest)[pri:0, instance:ratajczak.test.DirectionEdgeTest@20deea7f]" name="MessageConstructionTest" duration-ms="0" started-at="2016-01-06T13:51:26Z" description="Sprawdzenie poprawnej konstrukcji dla middleLabel" data-provider="MessageConstruction" finished-at="2016-01-06T13:51:26Z">
          <params>
            <param index="0">
              <value>
                <![CDATA[ratajczak.test.supportMessageTest@7c24b813]]>
              </value>
            </param>
          </params>
          <reporter-output>
          </reporter-output>
        </test-method> <!-- MessageConstructionTest -->
        <test-method status="PASS" signature="MessageConstructionTest(ratajczak.test.supportMessageTest)[pri:0, instance:ratajczak.test.DirectionEdgeTest@20deea7f]" name="MessageConstructionTest" duration-ms="0" started-at="2016-01-06T13:51:26Z" description="Sprawdzenie poprawnej konstrukcji dla middleLabel" data-provider="MessageConstruction" finished-at="2016-01-06T13:51:26Z">
          <params>
            <param index="0">
              <value>
                <![CDATA[ratajczak.test.supportMessageTest@4f2b503c]]>
              </value>
            </param>
          </params>
          <reporter-output>
          </reporter-output>
        </test-method> <!-- MessageConstructionTest -->
        <test-method status="PASS" signature="init()[pri:0, instance:ratajczak.test.DirectionEdgeTest@20deea7f]" name="init" is-config="true" duration-ms="0" started-at="2016-01-06T13:51:26Z" finished-at="2016-01-06T13:51:26Z">
          <reporter-output>
          </reporter-output>
        </test-method> <!-- init -->
        <test-method status="PASS" signature="init()[pri:0, instance:ratajczak.test.DirectionEdgeTest@20deea7f]" name="init" is-config="true" duration-ms="0" started-at="2016-01-06T13:51:26Z" finished-at="2016-01-06T13:51:26Z">
          <reporter-output>
          </reporter-output>
        </test-method> <!-- init -->
        <test-method status="PASS" signature="MessageConstructionTest(ratajczak.test.supportMessageTest)[pri:0, instance:ratajczak.test.DirectionEdgeTest@20deea7f]" name="MessageConstructionTest" duration-ms="16" started-at="2016-01-06T13:51:26Z" description="Sprawdzenie poprawnej konstrukcji dla middleLabel" data-provider="MessageConstruction" finished-at="2016-01-06T13:51:26Z">
          <params>
            <param index="0">
              <value>
                <![CDATA[ratajczak.test.supportMessageTest@5d0a1059]]>
              </value>
            </param>
          </params>
          <reporter-output>
          </reporter-output>
        </test-method> <!-- MessageConstructionTest -->
        <test-method status="PASS" signature="MessageConstructionTest(ratajczak.test.supportMessageTest)[pri:0, instance:ratajczak.test.DirectionEdgeTest@20deea7f]" name="MessageConstructionTest" duration-ms="0" started-at="2016-01-06T13:51:26Z" description="Sprawdzenie poprawnej konstrukcji dla middleLabel" data-provider="MessageConstruction" finished-at="2016-01-06T13:51:26Z">
          <params>
            <param index="0">
              <value>
                <![CDATA[ratajczak.test.supportMessageTest@6e0f5f7f]]>
              </value>
            </param>
          </params>
          <reporter-output>
          </reporter-output>
        </test-method> <!-- MessageConstructionTest -->
        <test-method status="PASS" signature="init()[pri:0, instance:ratajczak.test.DirectionEdgeTest@20deea7f]" name="init" is-config="true" duration-ms="0" started-at="2016-01-06T13:51:26Z" finished-at="2016-01-06T13:51:26Z">
          <reporter-output>
          </reporter-output>
        </test-method> <!-- init -->
        <test-method status="PASS" signature="init()[pri:0, instance:ratajczak.test.DirectionEdgeTest@20deea7f]" name="init" is-config="true" duration-ms="0" started-at="2016-01-06T13:51:26Z" finished-at="2016-01-06T13:51:26Z">
          <reporter-output>
          </reporter-output>
        </test-method> <!-- init -->
        <test-method status="PASS" signature="MessageConstructionTest(ratajczak.test.supportMessageTest)[pri:0, instance:ratajczak.test.DirectionEdgeTest@20deea7f]" name="MessageConstructionTest" duration-ms="0" started-at="2016-01-06T13:51:26Z" description="Sprawdzenie poprawnej konstrukcji dla middleLabel" data-provider="MessageConstruction" finished-at="2016-01-06T13:51:26Z">
          <params>
            <param index="0">
              <value>
                <![CDATA[ratajczak.test.supportMessageTest@66f57048]]>
              </value>
            </param>
          </params>
          <reporter-output>
          </reporter-output>
        </test-method> <!-- MessageConstructionTest -->
        <test-method status="PASS" signature="MessageConstructionTest(ratajczak.test.supportMessageTest)[pri:0, instance:ratajczak.test.DirectionEdgeTest@20deea7f]" name="MessageConstructionTest" duration-ms="0" started-at="2016-01-06T13:51:26Z" description="Sprawdzenie poprawnej konstrukcji dla middleLabel" data-provider="MessageConstruction" finished-at="2016-01-06T13:51:26Z">
          <params>
            <param index="0">
              <value>
                <![CDATA[ratajczak.test.supportMessageTest@67f639d3]]>
              </value>
            </param>
          </params>
          <reporter-output>
          </reporter-output>
        </test-method> <!-- MessageConstructionTest -->
        <test-method status="PASS" signature="init()[pri:0, instance:ratajczak.test.DirectionEdgeTest@20deea7f]" name="init" is-config="true" duration-ms="0" started-at="2016-01-06T13:51:26Z" finished-at="2016-01-06T13:51:26Z">
          <reporter-output>
          </reporter-output>
        </test-method> <!-- init -->
        <test-method status="PASS" signature="MessageConstructionTest(ratajczak.test.supportMessageTest)[pri:0, instance:ratajczak.test.DirectionEdgeTest@20deea7f]" name="MessageConstructionTest" duration-ms="0" started-at="2016-01-06T13:51:26Z" description="Sprawdzenie poprawnej konstrukcji dla middleLabel" data-provider="MessageConstruction" finished-at="2016-01-06T13:51:26Z">
          <params>
            <param index="0">
              <value>
                <![CDATA[ratajczak.test.supportMessageTest@53ce1329]]>
              </value>
            </param>
          </params>
          <reporter-output>
          </reporter-output>
        </test-method> <!-- MessageConstructionTest -->
        <test-method status="PASS" signature="init()[pri:0, instance:ratajczak.test.DirectionEdgeTest@20deea7f]" name="init" is-config="true" duration-ms="0" started-at="2016-01-06T13:51:26Z" finished-at="2016-01-06T13:51:26Z">
          <reporter-output>
          </reporter-output>
        </test-method> <!-- init -->
        <test-method status="PASS" signature="init()[pri:0, instance:ratajczak.test.DirectionEdgeTest@20deea7f]" name="init" is-config="true" duration-ms="0" started-at="2016-01-06T13:51:26Z" finished-at="2016-01-06T13:51:26Z">
          <reporter-output>
          </reporter-output>
        </test-method> <!-- init -->
        <test-method status="PASS" signature="supportTransitionPoint()[pri:0, instance:ratajczak.test.DirectionEdgeTest@20deea7f]" name="supportTransitionPoint" duration-ms="16" started-at="2016-01-06T13:51:26Z" finished-at="2016-01-06T13:51:26Z">
          <reporter-output>
          </reporter-output>
        </test-method> <!-- supportTransitionPoint -->
        <test-method status="PASS" signature="init()[pri:0, instance:ratajczak.test.DirectionEdgeTest@20deea7f]" name="init" is-config="true" duration-ms="0" started-at="2016-01-06T13:51:26Z" finished-at="2016-01-06T13:51:26Z">
          <reporter-output>
          </reporter-output>
        </test-method> <!-- init -->
        <test-method status="PASS" signature="constructionTest()[pri:0, instance:ratajczak.test.DirectionEdgeTest@20deea7f]" name="constructionTest" duration-ms="0" started-at="2016-01-06T13:51:26Z" finished-at="2016-01-06T13:51:26Z">
          <reporter-output>
          </reporter-output>
        </test-method> <!-- constructionTest -->
      </class> <!-- ratajczak.test.DirectionEdgeTest -->
      <class name="ratajczak.test.ObjectNodeTest">
        <test-method status="PASS" signature="ClearBoundsTest()[pri:0, instance:ratajczak.test.ObjectNodeTest@1dde4cb2]" name="ClearBoundsTest" duration-ms="47" started-at="2016-01-06T13:51:26Z" description="Sprawdzenie poprawnych wymiarów 100x60" finished-at="2016-01-06T13:51:26Z">
          <reporter-output>
          </reporter-output>
        </test-method> <!-- ClearBoundsTest -->
        <test-method status="PASS" signature="init()[pri:0, instance:ratajczak.test.ObjectNodeTest@1dde4cb2]" name="init" is-config="true" duration-ms="0" started-at="2016-01-06T13:51:26Z" finished-at="2016-01-06T13:51:26Z">
          <reporter-output>
          </reporter-output>
        </test-method> <!-- init -->
        <test-method status="PASS" signature="init()[pri:0, instance:ratajczak.test.ObjectNodeTest@1dde4cb2]" name="init" is-config="true" duration-ms="0" started-at="2016-01-06T13:51:26Z" finished-at="2016-01-06T13:51:26Z">
          <reporter-output>
          </reporter-output>
        </test-method> <!-- init -->
        <test-method status="PASS" signature="CreateTest()[pri:0, instance:ratajczak.test.ObjectNodeTest@1dde4cb2]" name="CreateTest" duration-ms="15" started-at="2016-01-06T13:51:26Z" description="Nazwa powinna być pusta" finished-at="2016-01-06T13:51:26Z">
          <reporter-output>
          </reporter-output>
        </test-method> <!-- CreateTest -->
        <test-method status="PASS" signature="boundsWithSomeText(java.lang.String)[pri:0, instance:ratajczak.test.ObjectNodeTest@1dde4cb2]" name="boundsWithSomeText" duration-ms="0" started-at="2016-01-06T13:51:26Z" data-provider="BoundsText" finished-at="2016-01-06T13:51:26Z">
          <params>
            <param index="0">
              <value>
                <![CDATA[przyklad]]>
              </value>
            </param>
          </params>
          <reporter-output>
          </reporter-output>
        </test-method> <!-- boundsWithSomeText -->
        <test-method status="PASS" signature="init()[pri:0, instance:ratajczak.test.ObjectNodeTest@1dde4cb2]" name="init" is-config="true" duration-ms="0" started-at="2016-01-06T13:51:26Z" finished-at="2016-01-06T13:51:26Z">
          <reporter-output>
          </reporter-output>
        </test-method> <!-- init -->
        <test-method status="PASS" signature="init()[pri:0, instance:ratajczak.test.ObjectNodeTest@1dde4cb2]" name="init" is-config="true" duration-ms="0" started-at="2016-01-06T13:51:26Z" finished-at="2016-01-06T13:51:26Z">
          <reporter-output>
          </reporter-output>
        </test-method> <!-- init -->
        <test-method status="PASS" signature="boundsWithSomeText(java.lang.String)[pri:0, instance:ratajczak.test.ObjectNodeTest@1dde4cb2]" name="boundsWithSomeText" duration-ms="0" started-at="2016-01-06T13:51:26Z" data-provider="BoundsText" finished-at="2016-01-06T13:51:26Z">
          <params>
            <param index="0">
              <value>
                <![CDATA[zienna dlugosc]]>
              </value>
            </param>
          </params>
          <reporter-output>
          </reporter-output>
        </test-method> <!-- boundsWithSomeText -->
        <test-method status="PASS" signature="boundsWithSomeText(java.lang.String)[pri:0, instance:ratajczak.test.ObjectNodeTest@1dde4cb2]" name="boundsWithSomeText" duration-ms="16" started-at="2016-01-06T13:51:26Z" data-provider="BoundsText" finished-at="2016-01-06T13:51:26Z">
          <params>
            <param index="0">
              <value>
                <![CDATA[nowe znaczenie]]>
              </value>
            </param>
          </params>
          <reporter-output>
          </reporter-output>
        </test-method> <!-- boundsWithSomeText -->
        <test-method status="PASS" signature="init()[pri:0, instance:ratajczak.test.ObjectNodeTest@1dde4cb2]" name="init" is-config="true" duration-ms="0" started-at="2016-01-06T13:51:26Z" finished-at="2016-01-06T13:51:26Z">
          <reporter-output>
          </reporter-output>
        </test-method> <!-- init -->
        <test-method status="PASS" signature="boundsWithSomeText(java.lang.String)[pri:0, instance:ratajczak.test.ObjectNodeTest@1dde4cb2]" name="boundsWithSomeText" duration-ms="0" started-at="2016-01-06T13:51:26Z" data-provider="BoundsText" finished-at="2016-01-06T13:51:26Z">
          <params>
            <param index="0">
              <value>
                <![CDATA[]]>
              </value>
            </param>
          </params>
          <reporter-output>
          </reporter-output>
        </test-method> <!-- boundsWithSomeText -->
        <test-method status="PASS" signature="init()[pri:0, instance:ratajczak.test.ObjectNodeTest@1dde4cb2]" name="init" is-config="true" duration-ms="0" started-at="2016-01-06T13:51:26Z" finished-at="2016-01-06T13:51:26Z">
          <reporter-output>
          </reporter-output>
        </test-method> <!-- init -->
        <test-method status="PASS" signature="checkNameParameterTest()[pri:0, instance:ratajczak.test.ObjectNodeTest@1dde4cb2]" name="checkNameParameterTest" duration-ms="0" started-at="2016-01-06T13:51:26Z" description="Tekst powinien być wycentorowany i duży" finished-at="2016-01-06T13:51:26Z">
          <reporter-output>
          </reporter-output>
        </test-method> <!-- checkNameParameterTest -->
        <test-method status="PASS" signature="init()[pri:0, instance:ratajczak.test.ObjectNodeTest@1dde4cb2]" name="init" is-config="true" duration-ms="0" started-at="2016-01-06T13:51:26Z" finished-at="2016-01-06T13:51:26Z">
          <reporter-output>
          </reporter-output>
        </test-method> <!-- init -->
        <test-method status="PASS" signature="init()[pri:0, instance:ratajczak.test.ObjectNodeTest@1dde4cb2]" name="init" is-config="true" duration-ms="0" started-at="2016-01-06T13:51:26Z" finished-at="2016-01-06T13:51:26Z">
          <reporter-output>
          </reporter-output>
        </test-method> <!-- init -->
        <test-method status="PASS" signature="boundsWithSomeText(java.lang.String)[pri:0, instance:ratajczak.test.ObjectNodeTest@1dde4cb2]" name="boundsWithSomeText" duration-ms="0" started-at="2016-01-06T13:51:26Z" data-provider="BoundsText" finished-at="2016-01-06T13:51:26Z">
          <params>
            <param index="0">
              <value>
                <![CDATA[A co mi tam]]>
              </value>
            </param>
          </params>
          <reporter-output>
          </reporter-output>
        </test-method> <!-- boundsWithSomeText -->
        <test-method status="PASS" signature="cloneTest()[pri:0, instance:ratajczak.test.ObjectNodeTest@1dde4cb2]" name="cloneTest" duration-ms="0" started-at="2016-01-06T13:51:26Z" finished-at="2016-01-06T13:51:26Z">
          <reporter-output>
          </reporter-output>
        </test-method> <!-- cloneTest -->
        <test-method status="PASS" signature="init()[pri:0, instance:ratajczak.test.ObjectNodeTest@1dde4cb2]" name="init" is-config="true" duration-ms="0" started-at="2016-01-06T13:51:26Z" finished-at="2016-01-06T13:51:26Z">
          <reporter-output>
          </reporter-output>
        </test-method> <!-- init -->
        <test-method status="PASS" signature="init()[pri:0, instance:ratajczak.test.ObjectNodeTest@1dde4cb2]" name="init" is-config="true" duration-ms="0" started-at="2016-01-06T13:51:26Z" finished-at="2016-01-06T13:51:26Z">
          <reporter-output>
          </reporter-output>
        </test-method> <!-- init -->
        <test-method status="PASS" signature="scholdByNullPointExceptionOngetBounds()[pri:0, instance:ratajczak.test.ObjectNodeTest@1dde4cb2]" name="scholdByNullPointExceptionOngetBounds" duration-ms="0" started-at="2016-01-06T13:51:26Z" finished-at="2016-01-06T13:51:26Z">
          <exception class="java.lang.NullPointerException">
            <full-stacktrace>
              <![CDATA[java.lang.NullPointerException
	at java.util.StringTokenizer.<init>(StringTokenizer.java:199)
	at java.util.StringTokenizer.<init>(StringTokenizer.java:221)
	at com.horstmann.violet.framework.swingextension.MultiLineLabel.newLabel(MultiLineLabel.java:49)
	at com.horstmann.violet.framework.swingextension.MultiLineLabel.setLabel(MultiLineLabel.java:98)
	at com.horstmann.violet.product.diagram.abstracts.property.MultiLineString.setLabelText(MultiLineString.java:138)
	at com.horstmann.violet.product.diagram.abstracts.property.MultiLineString.setText(MultiLineString.java:57)
	at ratajczak.test.ObjectNodeTest.scholdByNullPointExceptionOngetBounds(ObjectNodeTest.java:72)
	at sun.reflect.NativeMethodAccessorImpl.invoke0(Native Method)
	at sun.reflect.NativeMethodAccessorImpl.invoke(NativeMethodAccessorImpl.java:62)
	at sun.reflect.DelegatingMethodAccessorImpl.invoke(DelegatingMethodAccessorImpl.java:43)
	at java.lang.reflect.Method.invoke(Method.java:497)
	at org.testng.internal.MethodInvocationHelper.invokeMethod(MethodInvocationHelper.java:85)
	at org.testng.internal.Invoker.invokeMethod(Invoker.java:639)
	at org.testng.internal.Invoker.invokeTestMethod(Invoker.java:821)
	at org.testng.internal.Invoker.invokeTestMethods(Invoker.java:1131)
	at org.testng.internal.TestMethodWorker.invokeTestMethods(TestMethodWorker.java:124)
	at org.testng.internal.TestMethodWorker.run(TestMethodWorker.java:108)
	at org.testng.TestRunner.privateRun(TestRunner.java:773)
	at org.testng.TestRunner.run(TestRunner.java:623)
	at org.testng.SuiteRunner.runTest(SuiteRunner.java:357)
	at org.testng.SuiteRunner.runSequentially(SuiteRunner.java:352)
	at org.testng.SuiteRunner.privateRun(SuiteRunner.java:310)
	at org.testng.SuiteRunner.run(SuiteRunner.java:259)
	at org.testng.SuiteRunnerWorker.runSuite(SuiteRunnerWorker.java:52)
	at org.testng.SuiteRunnerWorker.run(SuiteRunnerWorker.java:86)
	at org.testng.TestNG.runSuitesSequentially(TestNG.java:1185)
	at org.testng.TestNG.runSuitesLocally(TestNG.java:1110)
	at org.testng.TestNG.run(TestNG.java:1018)
	at org.testng.remote.RemoteTestNG.run(RemoteTestNG.java:111)
	at org.testng.remote.RemoteTestNG.initAndRun(RemoteTestNG.java:204)
	at org.testng.remote.RemoteTestNG.main(RemoteTestNG.java:175)
]]>
            </full-stacktrace>
          </exception> <!-- java.lang.NullPointerException -->
          <reporter-output>
          </reporter-output>
        </test-method> <!-- scholdByNullPointExceptionOngetBounds -->
      </class> <!-- ratajczak.test.ObjectNodeTest -->
      <class name="ratajczak.test.DiagramGraphTest">
        <test-method status="PASS" signature="init()[pri:0, instance:ratajczak.test.DiagramGraphTest@2c767a52]" name="init" is-config="true" duration-ms="625" started-at="2016-01-06T13:51:25Z" finished-at="2016-01-06T13:51:25Z">
          <reporter-output>
          </reporter-output>
        </test-method> <!-- init -->
        <test-method status="PASS" signature="edgesPrototypeTest(java.lang.String, boolean)[pri:0, instance:ratajczak.test.DiagramGraphTest@2c767a52]" name="edgesPrototypeTest" duration-ms="16" started-at="2016-01-06T13:51:25Z" description="Powinna wystąpic strzałka o nazwie Message w prototypach" data-provider="EdgesToolTipTest" finished-at="2016-01-06T13:51:25Z">
          <params>
            <param index="0">
              <value>
                <![CDATA[Depends on]]>
              </value>
            </param>
            <param index="1">
              <value>
                <![CDATA[false]]>
              </value>
            </param>
          </params>
          <reporter-output>
          </reporter-output>
        </test-method> <!-- edgesPrototypeTest -->
        <test-method status="PASS" signature="edgesPrototypeTest(java.lang.String, boolean)[pri:0, instance:ratajczak.test.DiagramGraphTest@2c767a52]" name="edgesPrototypeTest" duration-ms="0" started-at="2016-01-06T13:51:25Z" description="Powinna wystąpic strzałka o nazwie Message w prototypach" data-provider="EdgesToolTipTest" finished-at="2016-01-06T13:51:25Z">
          <params>
            <param index="0">
              <value>
                <![CDATA[Is associated with]]>
              </value>
            </param>
            <param index="1">
              <value>
                <![CDATA[false]]>
              </value>
            </param>
          </params>
          <reporter-output>
          </reporter-output>
        </test-method> <!-- edgesPrototypeTest -->
        <test-method status="PASS" signature="edgesPrototypeTest(java.lang.String, boolean)[pri:0, instance:ratajczak.test.DiagramGraphTest@2c767a52]" name="edgesPrototypeTest" duration-ms="0" started-at="2016-01-06T13:51:25Z" description="Powinna wystąpic strzałka o nazwie Message w prototypach" data-provider="EdgesToolTipTest" finished-at="2016-01-06T13:51:25Z">
          <params>
            <param index="0">
              <value>
                <![CDATA[Message]]>
              </value>
            </param>
            <param index="1">
              <value>
                <![CDATA[true]]>
              </value>
            </param>
          </params>
          <reporter-output>
          </reporter-output>
        </test-method> <!-- edgesPrototypeTest -->
        <test-method status="PASS" signature="edgesPrototypeTest(java.lang.String, boolean)[pri:0, instance:ratajczak.test.DiagramGraphTest@2c767a52]" name="edgesPrototypeTest" duration-ms="0" started-at="2016-01-06T13:51:25Z" description="Powinna wystąpic strzałka o nazwie Message w prototypach" data-provider="EdgesToolTipTest" finished-at="2016-01-06T13:51:25Z">
          <params>
            <param index="0">
              <value>
                <![CDATA[<<Use>>]]>
              </value>
            </param>
            <param index="1">
              <value>
                <![CDATA[false]]>
              </value>
            </param>
          </params>
          <reporter-output>
          </reporter-output>
        </test-method> <!-- edgesPrototypeTest -->
        <test-method status="PASS" signature="edgesPrototypeTest(java.lang.String, boolean)[pri:0, instance:ratajczak.test.DiagramGraphTest@2c767a52]" name="edgesPrototypeTest" duration-ms="0" started-at="2016-01-06T13:51:25Z" description="Powinna wystąpic strzałka o nazwie Message w prototypach" data-provider="EdgesToolTipTest" finished-at="2016-01-06T13:51:25Z">
          <params>
            <param index="0">
              <value>
                <![CDATA[Is composed of]]>
              </value>
            </param>
            <param index="1">
              <value>
                <![CDATA[false]]>
              </value>
            </param>
          </params>
          <reporter-output>
          </reporter-output>
        </test-method> <!-- edgesPrototypeTest -->
        <test-method status="PASS" signature="nodesPrototypeTest(java.lang.String, boolean)[pri:0, instance:ratajczak.test.DiagramGraphTest@2c767a52]" name="nodesPrototypeTest" duration-ms="0" started-at="2016-01-06T13:51:25Z" description="W liście powinien znajdować się klasa obiekt" data-provider="NodesToolTipTest" finished-at="2016-01-06T13:51:25Z">
          <params>
            <param index="0">
              <value>
                <![CDATA[Class]]>
              </value>
            </param>
            <param index="1">
              <value>
                <![CDATA[false]]>
              </value>
            </param>
          </params>
          <reporter-output>
          </reporter-output>
        </test-method> <!-- nodesPrototypeTest -->
        <test-method status="PASS" signature="nodesPrototypeTest(java.lang.String, boolean)[pri:0, instance:ratajczak.test.DiagramGraphTest@2c767a52]" name="nodesPrototypeTest" duration-ms="0" started-at="2016-01-06T13:51:25Z" description="W liście powinien znajdować się klasa obiekt" data-provider="NodesToolTipTest" finished-at="2016-01-06T13:51:25Z">
          <params>
            <param index="0">
              <value>
                <![CDATA[Interface]]>
              </value>
            </param>
            <param index="1">
              <value>
                <![CDATA[false]]>
              </value>
            </param>
          </params>
          <reporter-output>
          </reporter-output>
        </test-method> <!-- nodesPrototypeTest -->
        <test-method status="PASS" signature="nodesPrototypeTest(java.lang.String, boolean)[pri:0, instance:ratajczak.test.DiagramGraphTest@2c767a52]" name="nodesPrototypeTest" duration-ms="0" started-at="2016-01-06T13:51:25Z" description="W liście powinien znajdować się klasa obiekt" data-provider="NodesToolTipTest" finished-at="2016-01-06T13:51:25Z">
          <params>
            <param index="0">
              <value>
                <![CDATA[Actor]]>
              </value>
            </param>
            <param index="1">
              <value>
                <![CDATA[true]]>
              </value>
            </param>
          </params>
          <reporter-output>
          </reporter-output>
        </test-method> <!-- nodesPrototypeTest -->
        <test-method status="PASS" signature="nodesPrototypeTest(java.lang.String, boolean)[pri:0, instance:ratajczak.test.DiagramGraphTest@2c767a52]" name="nodesPrototypeTest" duration-ms="0" started-at="2016-01-06T13:51:25Z" description="W liście powinien znajdować się klasa obiekt" data-provider="NodesToolTipTest" finished-at="2016-01-06T13:51:25Z">
          <params>
            <param index="0">
              <value>
                <![CDATA[Object]]>
              </value>
            </param>
            <param index="1">
              <value>
                <![CDATA[true]]>
              </value>
            </param>
          </params>
          <reporter-output>
          </reporter-output>
        </test-method> <!-- nodesPrototypeTest -->
        <test-method status="PASS" signature="nodesPrototypeTest(java.lang.String, boolean)[pri:0, instance:ratajczak.test.DiagramGraphTest@2c767a52]" name="nodesPrototypeTest" duration-ms="0" started-at="2016-01-06T13:51:25Z" description="W liście powinien znajdować się klasa obiekt" data-provider="NodesToolTipTest" finished-at="2016-01-06T13:51:25Z">
          <params>
            <param index="0">
              <value>
                <![CDATA[Action]]>
              </value>
            </param>
            <param index="1">
              <value>
                <![CDATA[false]]>
              </value>
            </param>
          </params>
          <reporter-output>
          </reporter-output>
        </test-method> <!-- nodesPrototypeTest -->
      </class> <!-- ratajczak.test.DiagramGraphTest -->
      <class name="ratajczak.test.DiagramPluginTest">
        <test-method status="PASS" signature="DiagramPropertyTest()[pri:0, instance:ratajczak.test.DiagramPluginTest@5119fb47]" name="DiagramPropertyTest" duration-ms="0" started-at="2016-01-06T13:51:25Z" finished-at="2016-01-06T13:51:25Z">
          <reporter-output>
          </reporter-output>
        </test-method> <!-- DiagramPropertyTest -->
        <test-method status="PASS" signature="init()[pri:0, instance:ratajczak.test.DiagramPluginTest@5119fb47]" name="init" is-config="true" duration-ms="0" started-at="2016-01-06T13:51:25Z" finished-at="2016-01-06T13:51:25Z">
          <reporter-output>
          </reporter-output>
        </test-method> <!-- init -->
      </class> <!-- ratajczak.test.DiagramPluginTest -->
    </test> <!-- ratajczak.test -->
  </suite> <!-- violetplugin-communicationdiagram by packages -->
</testng-results>
