<?xml version="1.0" encoding="UTF-8"?>
<testng-results skipped="0" failed="0" total="55" passed="55">
  <reporter-output>
  </reporter-output>
  <suite name="Default suite" duration-ms="891" started-at="2016-01-13T18:09:18Z" finished-at="2016-01-13T18:09:19Z">
    <groups>
    </groups>
    <test name="Default test" duration-ms="891" started-at="2016-01-13T18:09:18Z" finished-at="2016-01-13T18:09:19Z">
      <class name="ratajczak.artur.MorphClassTest">
        <test-method status="PASS" signature="init()[pri:0, instance:ratajczak.artur.MorphClassTest@233c0b17]" name="init" is-config="true" duration-ms="406" started-at="2016-01-13T19:09:18Z" finished-at="2016-01-13T19:09:18Z">
          <reporter-output>
          </reporter-output>
        </test-method> <!-- init -->
        <test-method status="PASS" signature="abstractToClass(ratajczak.artur.SupportToCreateClass)[pri:0, instance:ratajczak.artur.MorphClassTest@233c0b17]" name="abstractToClass" duration-ms="31" started-at="2016-01-13T19:09:18Z" data-provider="Class" finished-at="2016-01-13T19:09:18Z">
          <params>
            <param index="0">
              <value>
                <![CDATA[ratajczak.artur.SupportToCreateClass@14acaea5]]>
              </value>
            </param>
          </params>
          <reporter-output>
          </reporter-output>
        </test-method> <!-- abstractToClass -->
        <test-method status="PASS" signature="init()[pri:0, instance:ratajczak.artur.MorphClassTest@233c0b17]" name="init" is-config="true" duration-ms="0" started-at="2016-01-13T19:09:18Z" finished-at="2016-01-13T19:09:18Z">
          <reporter-output>
          </reporter-output>
        </test-method> <!-- init -->
        <test-method status="PASS" signature="abstractToClass(ratajczak.artur.SupportToCreateClass)[pri:0, instance:ratajczak.artur.MorphClassTest@233c0b17]" name="abstractToClass" duration-ms="0" started-at="2016-01-13T19:09:18Z" data-provider="Class" finished-at="2016-01-13T19:09:18Z">
          <params>
            <param index="0">
              <value>
                <![CDATA[ratajczak.artur.SupportToCreateClass@42d80b78]]>
              </value>
            </param>
          </params>
          <reporter-output>
          </reporter-output>
        </test-method> <!-- abstractToClass -->
        <test-method status="PASS" signature="abstractToClass(ratajczak.artur.SupportToCreateClass)[pri:0, instance:ratajczak.artur.MorphClassTest@233c0b17]" name="abstractToClass" duration-ms="0" started-at="2016-01-13T19:09:18Z" data-provider="Class" finished-at="2016-01-13T19:09:18Z">
          <params>
            <param index="0">
              <value>
                <![CDATA[ratajczak.artur.SupportToCreateClass@6d4b1c02]]>
              </value>
            </param>
          </params>
          <reporter-output>
          </reporter-output>
        </test-method> <!-- abstractToClass -->
        <test-method status="PASS" signature="abstractToClass(ratajczak.artur.SupportToCreateClass)[pri:0, instance:ratajczak.artur.MorphClassTest@233c0b17]" name="abstractToClass" duration-ms="0" started-at="2016-01-13T19:09:18Z" data-provider="Class" finished-at="2016-01-13T19:09:18Z">
          <params>
            <param index="0">
              <value>
                <![CDATA[ratajczak.artur.SupportToCreateClass@5442a311]]>
              </value>
            </param>
          </params>
          <reporter-output>
          </reporter-output>
        </test-method> <!-- abstractToClass -->
        <test-method status="PASS" signature="init()[pri:0, instance:ratajczak.artur.MorphClassTest@233c0b17]" name="init" is-config="true" duration-ms="0" started-at="2016-01-13T19:09:18Z" finished-at="2016-01-13T19:09:18Z">
          <reporter-output>
          </reporter-output>
        </test-method> <!-- init -->
        <test-method status="PASS" signature="init()[pri:0, instance:ratajczak.artur.MorphClassTest@233c0b17]" name="init" is-config="true" duration-ms="0" started-at="2016-01-13T19:09:18Z" finished-at="2016-01-13T19:09:18Z">
          <reporter-output>
          </reporter-output>
        </test-method> <!-- init -->
        <test-method status="PASS" signature="init()[pri:0, instance:ratajczak.artur.MorphClassTest@233c0b17]" name="init" is-config="true" duration-ms="0" started-at="2016-01-13T19:09:18Z" finished-at="2016-01-13T19:09:18Z">
          <reporter-output>
          </reporter-output>
        </test-method> <!-- init -->
        <test-method status="PASS" signature="init()[pri:0, instance:ratajczak.artur.MorphClassTest@233c0b17]" name="init" is-config="true" duration-ms="0" started-at="2016-01-13T19:09:18Z" finished-at="2016-01-13T19:09:18Z">
          <reporter-output>
          </reporter-output>
        </test-method> <!-- init -->
        <test-method status="PASS" signature="init()[pri:0, instance:ratajczak.artur.MorphClassTest@233c0b17]" name="init" is-config="true" duration-ms="0" started-at="2016-01-13T19:09:18Z" finished-at="2016-01-13T19:09:18Z">
          <reporter-output>
          </reporter-output>
        </test-method> <!-- init -->
        <test-method status="PASS" signature="abstractToClass(ratajczak.artur.SupportToCreateClass)[pri:0, instance:ratajczak.artur.MorphClassTest@233c0b17]" name="abstractToClass" duration-ms="0" started-at="2016-01-13T19:09:18Z" data-provider="Class" finished-at="2016-01-13T19:09:18Z">
          <params>
            <param index="0">
              <value>
                <![CDATA[ratajczak.artur.SupportToCreateClass@553f17c]]>
              </value>
            </param>
          </params>
          <reporter-output>
          </reporter-output>
        </test-method> <!-- abstractToClass -->
        <test-method status="PASS" signature="abstractToClass(ratajczak.artur.SupportToCreateClass)[pri:0, instance:ratajczak.artur.MorphClassTest@233c0b17]" name="abstractToClass" duration-ms="16" started-at="2016-01-13T19:09:18Z" data-provider="Class" finished-at="2016-01-13T19:09:18Z">
          <params>
            <param index="0">
              <value>
                <![CDATA[ratajczak.artur.SupportToCreateClass@73ad2d6]]>
              </value>
            </param>
          </params>
          <reporter-output>
          </reporter-output>
        </test-method> <!-- abstractToClass -->
        <test-method status="PASS" signature="abstractToClass(ratajczak.artur.SupportToCreateClass)[pri:0, instance:ratajczak.artur.MorphClassTest@233c0b17]" name="abstractToClass" duration-ms="0" started-at="2016-01-13T19:09:18Z" data-provider="Class" finished-at="2016-01-13T19:09:18Z">
          <params>
            <param index="0">
              <value>
                <![CDATA[ratajczak.artur.SupportToCreateClass@464bee09]]>
              </value>
            </param>
          </params>
          <reporter-output>
          </reporter-output>
        </test-method> <!-- abstractToClass -->
        <test-method status="PASS" signature="abstractToClass(ratajczak.artur.SupportToCreateClass)[pri:0, instance:ratajczak.artur.MorphClassTest@233c0b17]" name="abstractToClass" duration-ms="0" started-at="2016-01-13T19:09:18Z" data-provider="Class" finished-at="2016-01-13T19:09:18Z">
          <params>
            <param index="0">
              <value>
                <![CDATA[ratajczak.artur.SupportToCreateClass@490ab905]]>
              </value>
            </param>
          </params>
          <reporter-output>
          </reporter-output>
        </test-method> <!-- abstractToClass -->
        <test-method status="PASS" signature="init()[pri:0, instance:ratajczak.artur.MorphClassTest@233c0b17]" name="init" is-config="true" duration-ms="0" started-at="2016-01-13T19:09:18Z" finished-at="2016-01-13T19:09:18Z">
          <reporter-output>
          </reporter-output>
        </test-method> <!-- init -->
        <test-method status="PASS" signature="abstractToClass(ratajczak.artur.SupportToCreateClass)[pri:0, instance:ratajczak.artur.MorphClassTest@233c0b17]" name="abstractToClass" duration-ms="0" started-at="2016-01-13T19:09:18Z" data-provider="Class" finished-at="2016-01-13T19:09:18Z">
          <params>
            <param index="0">
              <value>
                <![CDATA[ratajczak.artur.SupportToCreateClass@4566e5bd]]>
              </value>
            </param>
          </params>
          <reporter-output>
          </reporter-output>
        </test-method> <!-- abstractToClass -->
        <test-method status="PASS" signature="init()[pri:0, instance:ratajczak.artur.MorphClassTest@233c0b17]" name="init" is-config="true" duration-ms="0" started-at="2016-01-13T19:09:18Z" finished-at="2016-01-13T19:09:18Z">
          <reporter-output>
          </reporter-output>
        </test-method> <!-- init -->
        <test-method status="PASS" signature="abstractToINterface(ratajczak.artur.SupportToCreateClass)[pri:0, instance:ratajczak.artur.MorphClassTest@233c0b17]" name="abstractToINterface" duration-ms="0" started-at="2016-01-13T19:09:18Z" data-provider="Class" finished-at="2016-01-13T19:09:18Z">
          <params>
            <param index="0">
              <value>
                <![CDATA[ratajczak.artur.SupportToCreateClass@10bdf5e5]]>
              </value>
            </param>
          </params>
          <reporter-output>
          </reporter-output>
        </test-method> <!-- abstractToINterface -->
        <test-method status="PASS" signature="abstractToINterface(ratajczak.artur.SupportToCreateClass)[pri:0, instance:ratajczak.artur.MorphClassTest@233c0b17]" name="abstractToINterface" duration-ms="0" started-at="2016-01-13T19:09:18Z" data-provider="Class" finished-at="2016-01-13T19:09:18Z">
          <params>
            <param index="0">
              <value>
                <![CDATA[ratajczak.artur.SupportToCreateClass@5649fd9b]]>
              </value>
            </param>
          </params>
          <reporter-output>
          </reporter-output>
        </test-method> <!-- abstractToINterface -->
        <test-method status="PASS" signature="init()[pri:0, instance:ratajczak.artur.MorphClassTest@233c0b17]" name="init" is-config="true" duration-ms="0" started-at="2016-01-13T19:09:18Z" finished-at="2016-01-13T19:09:18Z">
          <reporter-output>
          </reporter-output>
        </test-method> <!-- init -->
        <test-method status="PASS" signature="init()[pri:0, instance:ratajczak.artur.MorphClassTest@233c0b17]" name="init" is-config="true" duration-ms="0" started-at="2016-01-13T19:09:18Z" finished-at="2016-01-13T19:09:18Z">
          <reporter-output>
          </reporter-output>
        </test-method> <!-- init -->
        <test-method status="PASS" signature="abstractToINterface(ratajczak.artur.SupportToCreateClass)[pri:0, instance:ratajczak.artur.MorphClassTest@233c0b17]" name="abstractToINterface" duration-ms="16" started-at="2016-01-13T19:09:18Z" data-provider="Class" finished-at="2016-01-13T19:09:18Z">
          <params>
            <param index="0">
              <value>
                <![CDATA[ratajczak.artur.SupportToCreateClass@5383967b]]>
              </value>
            </param>
          </params>
          <reporter-output>
          </reporter-output>
        </test-method> <!-- abstractToINterface -->
        <test-method status="PASS" signature="init()[pri:0, instance:ratajczak.artur.MorphClassTest@233c0b17]" name="init" is-config="true" duration-ms="0" started-at="2016-01-13T19:09:18Z" finished-at="2016-01-13T19:09:18Z">
          <reporter-output>
          </reporter-output>
        </test-method> <!-- init -->
        <test-method status="PASS" signature="abstractToINterface(ratajczak.artur.SupportToCreateClass)[pri:0, instance:ratajczak.artur.MorphClassTest@233c0b17]" name="abstractToINterface" duration-ms="0" started-at="2016-01-13T19:09:18Z" data-provider="Class" finished-at="2016-01-13T19:09:18Z">
          <params>
            <param index="0">
              <value>
                <![CDATA[ratajczak.artur.SupportToCreateClass@71318ec4]]>
              </value>
            </param>
          </params>
          <reporter-output>
          </reporter-output>
        </test-method> <!-- abstractToINterface -->
        <test-method status="PASS" signature="init()[pri:0, instance:ratajczak.artur.MorphClassTest@233c0b17]" name="init" is-config="true" duration-ms="0" started-at="2016-01-13T19:09:18Z" finished-at="2016-01-13T19:09:18Z">
          <reporter-output>
          </reporter-output>
        </test-method> <!-- init -->
        <test-method status="PASS" signature="init()[pri:0, instance:ratajczak.artur.MorphClassTest@233c0b17]" name="init" is-config="true" duration-ms="0" started-at="2016-01-13T19:09:18Z" finished-at="2016-01-13T19:09:18Z">
          <reporter-output>
          </reporter-output>
        </test-method> <!-- init -->
        <test-method status="PASS" signature="abstractToINterface(ratajczak.artur.SupportToCreateClass)[pri:0, instance:ratajczak.artur.MorphClassTest@233c0b17]" name="abstractToINterface" duration-ms="0" started-at="2016-01-13T19:09:18Z" data-provider="Class" finished-at="2016-01-13T19:09:18Z">
          <params>
            <param index="0">
              <value>
                <![CDATA[ratajczak.artur.SupportToCreateClass@527740a2]]>
              </value>
            </param>
          </params>
          <reporter-output>
          </reporter-output>
        </test-method> <!-- abstractToINterface -->
        <test-method status="PASS" signature="abstractToINterface(ratajczak.artur.SupportToCreateClass)[pri:0, instance:ratajczak.artur.MorphClassTest@233c0b17]" name="abstractToINterface" duration-ms="0" started-at="2016-01-13T19:09:18Z" data-provider="Class" finished-at="2016-01-13T19:09:18Z">
          <params>
            <param index="0">
              <value>
                <![CDATA[ratajczak.artur.SupportToCreateClass@6c3708b3]]>
              </value>
            </param>
          </params>
          <reporter-output>
          </reporter-output>
        </test-method> <!-- abstractToINterface -->
        <test-method status="PASS" signature="init()[pri:0, instance:ratajczak.artur.MorphClassTest@233c0b17]" name="init" is-config="true" duration-ms="0" started-at="2016-01-13T19:09:18Z" finished-at="2016-01-13T19:09:18Z">
          <reporter-output>
          </reporter-output>
        </test-method> <!-- init -->
        <test-method status="PASS" signature="init()[pri:0, instance:ratajczak.artur.MorphClassTest@233c0b17]" name="init" is-config="true" duration-ms="0" started-at="2016-01-13T19:09:18Z" finished-at="2016-01-13T19:09:18Z">
          <reporter-output>
          </reporter-output>
        </test-method> <!-- init -->
        <test-method status="PASS" signature="abstractToINterface(ratajczak.artur.SupportToCreateClass)[pri:0, instance:ratajczak.artur.MorphClassTest@233c0b17]" name="abstractToINterface" duration-ms="15" started-at="2016-01-13T19:09:18Z" data-provider="Class" finished-at="2016-01-13T19:09:18Z">
          <params>
            <param index="0">
              <value>
                <![CDATA[ratajczak.artur.SupportToCreateClass@4b4523f8]]>
              </value>
            </param>
          </params>
          <reporter-output>
          </reporter-output>
        </test-method> <!-- abstractToINterface -->
        <test-method status="PASS" signature="abstractToINterface(ratajczak.artur.SupportToCreateClass)[pri:0, instance:ratajczak.artur.MorphClassTest@233c0b17]" name="abstractToINterface" duration-ms="0" started-at="2016-01-13T19:09:18Z" data-provider="Class" finished-at="2016-01-13T19:09:18Z">
          <params>
            <param index="0">
              <value>
                <![CDATA[ratajczak.artur.SupportToCreateClass@3dd4520b]]>
              </value>
            </param>
          </params>
          <reporter-output>
          </reporter-output>
        </test-method> <!-- abstractToINterface -->
        <test-method status="PASS" signature="init()[pri:0, instance:ratajczak.artur.MorphClassTest@233c0b17]" name="init" is-config="true" duration-ms="0" started-at="2016-01-13T19:09:18Z" finished-at="2016-01-13T19:09:18Z">
          <reporter-output>
          </reporter-output>
        </test-method> <!-- init -->
        <test-method status="PASS" signature="init()[pri:0, instance:ratajczak.artur.MorphClassTest@233c0b17]" name="init" is-config="true" duration-ms="0" started-at="2016-01-13T19:09:18Z" finished-at="2016-01-13T19:09:18Z">
          <reporter-output>
          </reporter-output>
        </test-method> <!-- init -->
        <test-method status="PASS" signature="abstractToINterface(ratajczak.artur.SupportToCreateClass)[pri:0, instance:ratajczak.artur.MorphClassTest@233c0b17]" name="abstractToINterface" duration-ms="0" started-at="2016-01-13T19:09:18Z" data-provider="Class" finished-at="2016-01-13T19:09:18Z">
          <params>
            <param index="0">
              <value>
                <![CDATA[ratajczak.artur.SupportToCreateClass@65e2dbf3]]>
              </value>
            </param>
          </params>
          <reporter-output>
          </reporter-output>
        </test-method> <!-- abstractToINterface -->
        <test-method status="PASS" signature="init()[pri:0, instance:ratajczak.artur.MorphClassTest@233c0b17]" name="init" is-config="true" duration-ms="0" started-at="2016-01-13T19:09:18Z" finished-at="2016-01-13T19:09:18Z">
          <reporter-output>
          </reporter-output>
        </test-method> <!-- init -->
        <test-method status="PASS" signature="classToAbstract(ratajczak.artur.SupportToCreateClass)[pri:0, instance:ratajczak.artur.MorphClassTest@233c0b17]" name="classToAbstract" duration-ms="0" started-at="2016-01-13T19:09:18Z" data-provider="Class" finished-at="2016-01-13T19:09:18Z">
          <params>
            <param index="0">
              <value>
                <![CDATA[ratajczak.artur.SupportToCreateClass@551aa95a]]>
              </value>
            </param>
          </params>
          <reporter-output>
          </reporter-output>
        </test-method> <!-- classToAbstract -->
        <test-method status="PASS" signature="init()[pri:0, instance:ratajczak.artur.MorphClassTest@233c0b17]" name="init" is-config="true" duration-ms="0" started-at="2016-01-13T19:09:18Z" finished-at="2016-01-13T19:09:18Z">
          <reporter-output>
          </reporter-output>
        </test-method> <!-- init -->
        <test-method status="PASS" signature="classToAbstract(ratajczak.artur.SupportToCreateClass)[pri:0, instance:ratajczak.artur.MorphClassTest@233c0b17]" name="classToAbstract" duration-ms="15" started-at="2016-01-13T19:09:18Z" data-provider="Class" finished-at="2016-01-13T19:09:18Z">
          <params>
            <param index="0">
              <value>
                <![CDATA[ratajczak.artur.SupportToCreateClass@4973813a]]>
              </value>
            </param>
          </params>
          <reporter-output>
          </reporter-output>
        </test-method> <!-- classToAbstract -->
        <test-method status="PASS" signature="init()[pri:0, instance:ratajczak.artur.MorphClassTest@233c0b17]" name="init" is-config="true" duration-ms="0" started-at="2016-01-13T19:09:18Z" finished-at="2016-01-13T19:09:18Z">
          <reporter-output>
          </reporter-output>
        </test-method> <!-- init -->
        <test-method status="PASS" signature="classToAbstract(ratajczak.artur.SupportToCreateClass)[pri:0, instance:ratajczak.artur.MorphClassTest@233c0b17]" name="classToAbstract" duration-ms="16" started-at="2016-01-13T19:09:18Z" data-provider="Class" finished-at="2016-01-13T19:09:18Z">
          <params>
            <param index="0">
              <value>
                <![CDATA[ratajczak.artur.SupportToCreateClass@7d0587f1]]>
              </value>
            </param>
          </params>
          <reporter-output>
          </reporter-output>
        </test-method> <!-- classToAbstract -->
        <test-method status="PASS" signature="init()[pri:0, instance:ratajczak.artur.MorphClassTest@233c0b17]" name="init" is-config="true" duration-ms="0" started-at="2016-01-13T19:09:18Z" finished-at="2016-01-13T19:09:18Z">
          <reporter-output>
          </reporter-output>
        </test-method> <!-- init -->
        <test-method status="PASS" signature="classToAbstract(ratajczak.artur.SupportToCreateClass)[pri:0, instance:ratajczak.artur.MorphClassTest@233c0b17]" name="classToAbstract" duration-ms="0" started-at="2016-01-13T19:09:18Z" data-provider="Class" finished-at="2016-01-13T19:09:18Z">
          <params>
            <param index="0">
              <value>
                <![CDATA[ratajczak.artur.SupportToCreateClass@a7e666]]>
              </value>
            </param>
          </params>
          <reporter-output>
          </reporter-output>
        </test-method> <!-- classToAbstract -->
        <test-method status="PASS" signature="classToAbstract(ratajczak.artur.SupportToCreateClass)[pri:0, instance:ratajczak.artur.MorphClassTest@233c0b17]" name="classToAbstract" duration-ms="16" started-at="2016-01-13T19:09:18Z" data-provider="Class" finished-at="2016-01-13T19:09:18Z">
          <params>
            <param index="0">
              <value>
                <![CDATA[ratajczak.artur.SupportToCreateClass@10bbd20a]]>
              </value>
            </param>
          </params>
          <reporter-output>
          </reporter-output>
        </test-method> <!-- classToAbstract -->
        <test-method status="PASS" signature="init()[pri:0, instance:ratajczak.artur.MorphClassTest@233c0b17]" name="init" is-config="true" duration-ms="0" started-at="2016-01-13T19:09:18Z" finished-at="2016-01-13T19:09:18Z">
          <reporter-output>
          </reporter-output>
        </test-method> <!-- init -->
        <test-method status="PASS" signature="classToAbstract(ratajczak.artur.SupportToCreateClass)[pri:0, instance:ratajczak.artur.MorphClassTest@233c0b17]" name="classToAbstract" duration-ms="0" started-at="2016-01-13T19:09:18Z" data-provider="Class" finished-at="2016-01-13T19:09:18Z">
          <params>
            <param index="0">
              <value>
                <![CDATA[ratajczak.artur.SupportToCreateClass@26aa12dd]]>
              </value>
            </param>
          </params>
          <reporter-output>
          </reporter-output>
        </test-method> <!-- classToAbstract -->
        <test-method status="PASS" signature="init()[pri:0, instance:ratajczak.artur.MorphClassTest@233c0b17]" name="init" is-config="true" duration-ms="0" started-at="2016-01-13T19:09:18Z" finished-at="2016-01-13T19:09:18Z">
          <reporter-output>
          </reporter-output>
        </test-method> <!-- init -->
        <test-method status="PASS" signature="init()[pri:0, instance:ratajczak.artur.MorphClassTest@233c0b17]" name="init" is-config="true" duration-ms="0" started-at="2016-01-13T19:09:18Z" finished-at="2016-01-13T19:09:18Z">
          <reporter-output>
          </reporter-output>
        </test-method> <!-- init -->
        <test-method status="PASS" signature="classToAbstract(ratajczak.artur.SupportToCreateClass)[pri:0, instance:ratajczak.artur.MorphClassTest@233c0b17]" name="classToAbstract" duration-ms="15" started-at="2016-01-13T19:09:18Z" data-provider="Class" finished-at="2016-01-13T19:09:18Z">
          <params>
            <param index="0">
              <value>
                <![CDATA[ratajczak.artur.SupportToCreateClass@5f282abb]]>
              </value>
            </param>
          </params>
          <reporter-output>
          </reporter-output>
        </test-method> <!-- classToAbstract -->
        <test-method status="PASS" signature="init()[pri:0, instance:ratajczak.artur.MorphClassTest@233c0b17]" name="init" is-config="true" duration-ms="16" started-at="2016-01-13T19:09:18Z" finished-at="2016-01-13T19:09:18Z">
          <reporter-output>
          </reporter-output>
        </test-method> <!-- init -->
        <test-method status="PASS" signature="classToAbstract(ratajczak.artur.SupportToCreateClass)[pri:0, instance:ratajczak.artur.MorphClassTest@233c0b17]" name="classToAbstract" duration-ms="0" started-at="2016-01-13T19:09:18Z" data-provider="Class" finished-at="2016-01-13T19:09:18Z">
          <params>
            <param index="0">
              <value>
                <![CDATA[ratajczak.artur.SupportToCreateClass@17579e0f]]>
              </value>
            </param>
          </params>
          <reporter-output>
          </reporter-output>
        </test-method> <!-- classToAbstract -->
        <test-method status="PASS" signature="init()[pri:0, instance:ratajczak.artur.MorphClassTest@233c0b17]" name="init" is-config="true" duration-ms="0" started-at="2016-01-13T19:09:18Z" finished-at="2016-01-13T19:09:18Z">
          <reporter-output>
          </reporter-output>
        </test-method> <!-- init -->
        <test-method status="PASS" signature="classToAbstract(ratajczak.artur.SupportToCreateClass)[pri:0, instance:ratajczak.artur.MorphClassTest@233c0b17]" name="classToAbstract" duration-ms="16" started-at="2016-01-13T19:09:18Z" data-provider="Class" finished-at="2016-01-13T19:09:18Z">
          <params>
            <param index="0">
              <value>
                <![CDATA[ratajczak.artur.SupportToCreateClass@e320068]]>
              </value>
            </param>
          </params>
          <reporter-output>
          </reporter-output>
        </test-method> <!-- classToAbstract -->
        <test-method status="PASS" signature="init()[pri:0, instance:ratajczak.artur.MorphClassTest@233c0b17]" name="init" is-config="true" duration-ms="0" started-at="2016-01-13T19:09:18Z" finished-at="2016-01-13T19:09:18Z">
          <reporter-output>
          </reporter-output>
        </test-method> <!-- init -->
        <test-method status="PASS" signature="classToInterfaceTest(ratajczak.artur.SupportToCreateClass)[pri:0, instance:ratajczak.artur.MorphClassTest@233c0b17]" name="classToInterfaceTest" duration-ms="15" started-at="2016-01-13T19:09:18Z" data-provider="Class" finished-at="2016-01-13T19:09:18Z">
          <params>
            <param index="0">
              <value>
                <![CDATA[ratajczak.artur.SupportToCreateClass@86be70a]]>
              </value>
            </param>
          </params>
          <reporter-output>
          </reporter-output>
        </test-method> <!-- classToInterfaceTest -->
        <test-method status="PASS" signature="init()[pri:0, instance:ratajczak.artur.MorphClassTest@233c0b17]" name="init" is-config="true" duration-ms="0" started-at="2016-01-13T19:09:18Z" finished-at="2016-01-13T19:09:18Z">
          <reporter-output>
          </reporter-output>
        </test-method> <!-- init -->
        <test-method status="PASS" signature="classToInterfaceTest(ratajczak.artur.SupportToCreateClass)[pri:0, instance:ratajczak.artur.MorphClassTest@233c0b17]" name="classToInterfaceTest" duration-ms="0" started-at="2016-01-13T19:09:18Z" data-provider="Class" finished-at="2016-01-13T19:09:18Z">
          <params>
            <param index="0">
              <value>
                <![CDATA[ratajczak.artur.SupportToCreateClass@52feb982]]>
              </value>
            </param>
          </params>
          <reporter-output>
          </reporter-output>
        </test-method> <!-- classToInterfaceTest -->
        <test-method status="PASS" signature="classToInterfaceTest(ratajczak.artur.SupportToCreateClass)[pri:0, instance:ratajczak.artur.MorphClassTest@233c0b17]" name="classToInterfaceTest" duration-ms="0" started-at="2016-01-13T19:09:18Z" data-provider="Class" finished-at="2016-01-13T19:09:18Z">
          <params>
            <param index="0">
              <value>
                <![CDATA[ratajczak.artur.SupportToCreateClass@458c1321]]>
              </value>
            </param>
          </params>
          <reporter-output>
          </reporter-output>
        </test-method> <!-- classToInterfaceTest -->
        <test-method status="PASS" signature="init()[pri:0, instance:ratajczak.artur.MorphClassTest@233c0b17]" name="init" is-config="true" duration-ms="0" started-at="2016-01-13T19:09:18Z" finished-at="2016-01-13T19:09:18Z">
          <reporter-output>
          </reporter-output>
        </test-method> <!-- init -->
        <test-method status="PASS" signature="classToInterfaceTest(ratajczak.artur.SupportToCreateClass)[pri:0, instance:ratajczak.artur.MorphClassTest@233c0b17]" name="classToInterfaceTest" duration-ms="0" started-at="2016-01-13T19:09:18Z" data-provider="Class" finished-at="2016-01-13T19:09:18Z">
          <params>
            <param index="0">
              <value>
                <![CDATA[ratajczak.artur.SupportToCreateClass@307f6b8c]]>
              </value>
            </param>
          </params>
          <reporter-output>
          </reporter-output>
        </test-method> <!-- classToInterfaceTest -->
        <test-method status="PASS" signature="init()[pri:0, instance:ratajczak.artur.MorphClassTest@233c0b17]" name="init" is-config="true" duration-ms="0" started-at="2016-01-13T19:09:18Z" finished-at="2016-01-13T19:09:18Z">
          <reporter-output>
          </reporter-output>
        </test-method> <!-- init -->
        <test-method status="PASS" signature="init()[pri:0, instance:ratajczak.artur.MorphClassTest@233c0b17]" name="init" is-config="true" duration-ms="0" started-at="2016-01-13T19:09:18Z" finished-at="2016-01-13T19:09:18Z">
          <reporter-output>
          </reporter-output>
        </test-method> <!-- init -->
        <test-method status="PASS" signature="init()[pri:0, instance:ratajczak.artur.MorphClassTest@233c0b17]" name="init" is-config="true" duration-ms="0" started-at="2016-01-13T19:09:18Z" finished-at="2016-01-13T19:09:18Z">
          <reporter-output>
          </reporter-output>
        </test-method> <!-- init -->
        <test-method status="PASS" signature="classToInterfaceTest(ratajczak.artur.SupportToCreateClass)[pri:0, instance:ratajczak.artur.MorphClassTest@233c0b17]" name="classToInterfaceTest" duration-ms="16" started-at="2016-01-13T19:09:18Z" data-provider="Class" finished-at="2016-01-13T19:09:18Z">
          <params>
            <param index="0">
              <value>
                <![CDATA[ratajczak.artur.SupportToCreateClass@587d1d39]]>
              </value>
            </param>
          </params>
          <reporter-output>
          </reporter-output>
        </test-method> <!-- classToInterfaceTest -->
        <test-method status="PASS" signature="classToInterfaceTest(ratajczak.artur.SupportToCreateClass)[pri:0, instance:ratajczak.artur.MorphClassTest@233c0b17]" name="classToInterfaceTest" duration-ms="0" started-at="2016-01-13T19:09:18Z" data-provider="Class" finished-at="2016-01-13T19:09:18Z">
          <params>
            <param index="0">
              <value>
                <![CDATA[ratajczak.artur.SupportToCreateClass@36b4cef0]]>
              </value>
            </param>
          </params>
          <reporter-output>
          </reporter-output>
        </test-method> <!-- classToInterfaceTest -->
        <test-method status="PASS" signature="init()[pri:0, instance:ratajczak.artur.MorphClassTest@233c0b17]" name="init" is-config="true" duration-ms="0" started-at="2016-01-13T19:09:18Z" finished-at="2016-01-13T19:09:18Z">
          <reporter-output>
          </reporter-output>
        </test-method> <!-- init -->
        <test-method status="PASS" signature="init()[pri:0, instance:ratajczak.artur.MorphClassTest@233c0b17]" name="init" is-config="true" duration-ms="15" started-at="2016-01-13T19:09:18Z" finished-at="2016-01-13T19:09:18Z">
          <reporter-output>
          </reporter-output>
        </test-method> <!-- init -->
        <test-method status="PASS" signature="init()[pri:0, instance:ratajczak.artur.MorphClassTest@233c0b17]" name="init" is-config="true" duration-ms="0" started-at="2016-01-13T19:09:18Z" finished-at="2016-01-13T19:09:18Z">
          <reporter-output>
          </reporter-output>
        </test-method> <!-- init -->
        <test-method status="PASS" signature="classToInterfaceTest(ratajczak.artur.SupportToCreateClass)[pri:0, instance:ratajczak.artur.MorphClassTest@233c0b17]" name="classToInterfaceTest" duration-ms="0" started-at="2016-01-13T19:09:18Z" data-provider="Class" finished-at="2016-01-13T19:09:18Z">
          <params>
            <param index="0">
              <value>
                <![CDATA[ratajczak.artur.SupportToCreateClass@5bfbf16f]]>
              </value>
            </param>
          </params>
          <reporter-output>
          </reporter-output>
        </test-method> <!-- classToInterfaceTest -->
        <test-method status="PASS" signature="classToInterfaceTest(ratajczak.artur.SupportToCreateClass)[pri:0, instance:ratajczak.artur.MorphClassTest@233c0b17]" name="classToInterfaceTest" duration-ms="0" started-at="2016-01-13T19:09:18Z" data-provider="Class" finished-at="2016-01-13T19:09:18Z">
          <params>
            <param index="0">
              <value>
                <![CDATA[ratajczak.artur.SupportToCreateClass@7ce6a65d]]>
              </value>
            </param>
          </params>
          <reporter-output>
          </reporter-output>
        </test-method> <!-- classToInterfaceTest -->
        <test-method status="PASS" signature="init()[pri:0, instance:ratajczak.artur.MorphClassTest@233c0b17]" name="init" is-config="true" duration-ms="0" started-at="2016-01-13T19:09:18Z" finished-at="2016-01-13T19:09:18Z">
          <reporter-output>
          </reporter-output>
        </test-method> <!-- init -->
        <test-method status="PASS" signature="interfaceToAbstract(ratajczak.artur.SupportToCreateClass)[pri:0, instance:ratajczak.artur.MorphClassTest@233c0b17]" name="interfaceToAbstract" duration-ms="16" started-at="2016-01-13T19:09:18Z" data-provider="Class" finished-at="2016-01-13T19:09:18Z">
          <params>
            <param index="0">
              <value>
                <![CDATA[ratajczak.artur.SupportToCreateClass@77f99a05]]>
              </value>
            </param>
          </params>
          <reporter-output>
          </reporter-output>
        </test-method> <!-- interfaceToAbstract -->
        <test-method status="PASS" signature="classToInterfaceTest(ratajczak.artur.SupportToCreateClass)[pri:0, instance:ratajczak.artur.MorphClassTest@233c0b17]" name="classToInterfaceTest" duration-ms="0" started-at="2016-01-13T19:09:18Z" data-provider="Class" finished-at="2016-01-13T19:09:18Z">
          <params>
            <param index="0">
              <value>
                <![CDATA[ratajczak.artur.SupportToCreateClass@12f41634]]>
              </value>
            </param>
          </params>
          <reporter-output>
          </reporter-output>
        </test-method> <!-- classToInterfaceTest -->
        <test-method status="PASS" signature="init()[pri:0, instance:ratajczak.artur.MorphClassTest@233c0b17]" name="init" is-config="true" duration-ms="0" started-at="2016-01-13T19:09:18Z" finished-at="2016-01-13T19:09:18Z">
          <reporter-output>
          </reporter-output>
        </test-method> <!-- init -->
        <test-method status="PASS" signature="interfaceToAbstract(ratajczak.artur.SupportToCreateClass)[pri:0, instance:ratajczak.artur.MorphClassTest@233c0b17]" name="interfaceToAbstract" duration-ms="0" started-at="2016-01-13T19:09:18Z" data-provider="Class" finished-at="2016-01-13T19:09:18Z">
          <params>
            <param index="0">
              <value>
                <![CDATA[ratajczak.artur.SupportToCreateClass@66d1af89]]>
              </value>
            </param>
          </params>
          <reporter-output>
          </reporter-output>
        </test-method> <!-- interfaceToAbstract -->
        <test-method status="PASS" signature="init()[pri:0, instance:ratajczak.artur.MorphClassTest@233c0b17]" name="init" is-config="true" duration-ms="0" started-at="2016-01-13T19:09:18Z" finished-at="2016-01-13T19:09:18Z">
          <reporter-output>
          </reporter-output>
        </test-method> <!-- init -->
        <test-method status="PASS" signature="interfaceToAbstract(ratajczak.artur.SupportToCreateClass)[pri:0, instance:ratajczak.artur.MorphClassTest@233c0b17]" name="interfaceToAbstract" duration-ms="0" started-at="2016-01-13T19:09:18Z" data-provider="Class" finished-at="2016-01-13T19:09:18Z">
          <params>
            <param index="0">
              <value>
                <![CDATA[ratajczak.artur.SupportToCreateClass@612679d6]]>
              </value>
            </param>
          </params>
          <reporter-output>
          </reporter-output>
        </test-method> <!-- interfaceToAbstract -->
        <test-method status="PASS" signature="interfaceToAbstract(ratajczak.artur.SupportToCreateClass)[pri:0, instance:ratajczak.artur.MorphClassTest@233c0b17]" name="interfaceToAbstract" duration-ms="15" started-at="2016-01-13T19:09:18Z" data-provider="Class" finished-at="2016-01-13T19:09:18Z">
          <params>
            <param index="0">
              <value>
                <![CDATA[ratajczak.artur.SupportToCreateClass@12c8a2c0]]>
              </value>
            </param>
          </params>
          <reporter-output>
          </reporter-output>
        </test-method> <!-- interfaceToAbstract -->
        <test-method status="PASS" signature="init()[pri:0, instance:ratajczak.artur.MorphClassTest@233c0b17]" name="init" is-config="true" duration-ms="0" started-at="2016-01-13T19:09:18Z" finished-at="2016-01-13T19:09:18Z">
          <reporter-output>
          </reporter-output>
        </test-method> <!-- init -->
        <test-method status="PASS" signature="interfaceToAbstract(ratajczak.artur.SupportToCreateClass)[pri:0, instance:ratajczak.artur.MorphClassTest@233c0b17]" name="interfaceToAbstract" duration-ms="0" started-at="2016-01-13T19:09:18Z" data-provider="Class" finished-at="2016-01-13T19:09:18Z">
          <params>
            <param index="0">
              <value>
                <![CDATA[ratajczak.artur.SupportToCreateClass@1fc2b765]]>
              </value>
            </param>
          </params>
          <reporter-output>
          </reporter-output>
        </test-method> <!-- interfaceToAbstract -->
        <test-method status="PASS" signature="init()[pri:0, instance:ratajczak.artur.MorphClassTest@233c0b17]" name="init" is-config="true" duration-ms="0" started-at="2016-01-13T19:09:18Z" finished-at="2016-01-13T19:09:18Z">
          <reporter-output>
          </reporter-output>
        </test-method> <!-- init -->
        <test-method status="PASS" signature="interfaceToAbstract(ratajczak.artur.SupportToCreateClass)[pri:0, instance:ratajczak.artur.MorphClassTest@233c0b17]" name="interfaceToAbstract" duration-ms="0" started-at="2016-01-13T19:09:18Z" data-provider="Class" finished-at="2016-01-13T19:09:18Z">
          <params>
            <param index="0">
              <value>
                <![CDATA[ratajczak.artur.SupportToCreateClass@3ecd23d9]]>
              </value>
            </param>
          </params>
          <reporter-output>
          </reporter-output>
        </test-method> <!-- interfaceToAbstract -->
        <test-method status="PASS" signature="interfaceToAbstract(ratajczak.artur.SupportToCreateClass)[pri:0, instance:ratajczak.artur.MorphClassTest@233c0b17]" name="interfaceToAbstract" duration-ms="0" started-at="2016-01-13T19:09:18Z" data-provider="Class" finished-at="2016-01-13T19:09:18Z">
          <params>
            <param index="0">
              <value>
                <![CDATA[ratajczak.artur.SupportToCreateClass@23fe1d71]]>
              </value>
            </param>
          </params>
          <reporter-output>
          </reporter-output>
        </test-method> <!-- interfaceToAbstract -->
        <test-method status="PASS" signature="init()[pri:0, instance:ratajczak.artur.MorphClassTest@233c0b17]" name="init" is-config="true" duration-ms="0" started-at="2016-01-13T19:09:18Z" finished-at="2016-01-13T19:09:18Z">
          <reporter-output>
          </reporter-output>
        </test-method> <!-- init -->
        <test-method status="PASS" signature="init()[pri:0, instance:ratajczak.artur.MorphClassTest@233c0b17]" name="init" is-config="true" duration-ms="0" started-at="2016-01-13T19:09:18Z" finished-at="2016-01-13T19:09:18Z">
          <reporter-output>
          </reporter-output>
        </test-method> <!-- init -->
        <test-method status="PASS" signature="interfaceToAbstract(ratajczak.artur.SupportToCreateClass)[pri:0, instance:ratajczak.artur.MorphClassTest@233c0b17]" name="interfaceToAbstract" duration-ms="16" started-at="2016-01-13T19:09:18Z" data-provider="Class" finished-at="2016-01-13T19:09:18Z">
          <params>
            <param index="0">
              <value>
                <![CDATA[ratajczak.artur.SupportToCreateClass@2eda0940]]>
              </value>
            </param>
          </params>
          <reporter-output>
          </reporter-output>
        </test-method> <!-- interfaceToAbstract -->
        <test-method status="PASS" signature="interfaceToAbstract(ratajczak.artur.SupportToCreateClass)[pri:0, instance:ratajczak.artur.MorphClassTest@233c0b17]" name="interfaceToAbstract" duration-ms="0" started-at="2016-01-13T19:09:18Z" data-provider="Class" finished-at="2016-01-13T19:09:18Z">
          <params>
            <param index="0">
              <value>
                <![CDATA[ratajczak.artur.SupportToCreateClass@7276c8cd]]>
              </value>
            </param>
          </params>
          <reporter-output>
          </reporter-output>
        </test-method> <!-- interfaceToAbstract -->
        <test-method status="PASS" signature="init()[pri:0, instance:ratajczak.artur.MorphClassTest@233c0b17]" name="init" is-config="true" duration-ms="0" started-at="2016-01-13T19:09:18Z" finished-at="2016-01-13T19:09:18Z">
          <reporter-output>
          </reporter-output>
        </test-method> <!-- init -->
        <test-method status="PASS" signature="init()[pri:0, instance:ratajczak.artur.MorphClassTest@233c0b17]" name="init" is-config="true" duration-ms="0" started-at="2016-01-13T19:09:18Z" finished-at="2016-01-13T19:09:18Z">
          <reporter-output>
          </reporter-output>
        </test-method> <!-- init -->
        <test-method status="PASS" signature="interfaceToClass(ratajczak.artur.SupportToCreateClass)[pri:0, instance:ratajczak.artur.MorphClassTest@233c0b17]" name="interfaceToClass" duration-ms="0" started-at="2016-01-13T19:09:18Z" data-provider="Class" finished-at="2016-01-13T19:09:18Z">
          <params>
            <param index="0">
              <value>
                <![CDATA[ratajczak.artur.SupportToCreateClass@704921a5]]>
              </value>
            </param>
          </params>
          <reporter-output>
          </reporter-output>
        </test-method> <!-- interfaceToClass -->
        <test-method status="PASS" signature="init()[pri:0, instance:ratajczak.artur.MorphClassTest@233c0b17]" name="init" is-config="true" duration-ms="0" started-at="2016-01-13T19:09:18Z" finished-at="2016-01-13T19:09:18Z">
          <reporter-output>
          </reporter-output>
        </test-method> <!-- init -->
        <test-method status="PASS" signature="interfaceToClass(ratajczak.artur.SupportToCreateClass)[pri:0, instance:ratajczak.artur.MorphClassTest@233c0b17]" name="interfaceToClass" duration-ms="0" started-at="2016-01-13T19:09:18Z" data-provider="Class" finished-at="2016-01-13T19:09:18Z">
          <params>
            <param index="0">
              <value>
                <![CDATA[ratajczak.artur.SupportToCreateClass@5204062d]]>
              </value>
            </param>
          </params>
          <reporter-output>
          </reporter-output>
        </test-method> <!-- interfaceToClass -->
        <test-method status="PASS" signature="interfaceToClass(ratajczak.artur.SupportToCreateClass)[pri:0, instance:ratajczak.artur.MorphClassTest@233c0b17]" name="interfaceToClass" duration-ms="0" started-at="2016-01-13T19:09:18Z" data-provider="Class" finished-at="2016-01-13T19:09:18Z">
          <params>
            <param index="0">
              <value>
                <![CDATA[ratajczak.artur.SupportToCreateClass@6fb0d3ed]]>
              </value>
            </param>
          </params>
          <reporter-output>
          </reporter-output>
        </test-method> <!-- interfaceToClass -->
        <test-method status="PASS" signature="interfaceToClass(ratajczak.artur.SupportToCreateClass)[pri:0, instance:ratajczak.artur.MorphClassTest@233c0b17]" name="interfaceToClass" duration-ms="0" started-at="2016-01-13T19:09:18Z" data-provider="Class" finished-at="2016-01-13T19:09:18Z">
          <params>
            <param index="0">
              <value>
                <![CDATA[ratajczak.artur.SupportToCreateClass@710726a3]]>
              </value>
            </param>
          </params>
          <reporter-output>
          </reporter-output>
        </test-method> <!-- interfaceToClass -->
        <test-method status="PASS" signature="init()[pri:0, instance:ratajczak.artur.MorphClassTest@233c0b17]" name="init" is-config="true" duration-ms="0" started-at="2016-01-13T19:09:18Z" finished-at="2016-01-13T19:09:18Z">
          <reporter-output>
          </reporter-output>
        </test-method> <!-- init -->
        <test-method status="PASS" signature="init()[pri:0, instance:ratajczak.artur.MorphClassTest@233c0b17]" name="init" is-config="true" duration-ms="0" started-at="2016-01-13T19:09:18Z" finished-at="2016-01-13T19:09:18Z">
          <reporter-output>
          </reporter-output>
        </test-method> <!-- init -->
        <test-method status="PASS" signature="init()[pri:0, instance:ratajczak.artur.MorphClassTest@233c0b17]" name="init" is-config="true" duration-ms="0" started-at="2016-01-13T19:09:18Z" finished-at="2016-01-13T19:09:18Z">
          <reporter-output>
          </reporter-output>
        </test-method> <!-- init -->
        <test-method status="PASS" signature="interfaceToClass(ratajczak.artur.SupportToCreateClass)[pri:0, instance:ratajczak.artur.MorphClassTest@233c0b17]" name="interfaceToClass" duration-ms="0" started-at="2016-01-13T19:09:18Z" data-provider="Class" finished-at="2016-01-13T19:09:18Z">
          <params>
            <param index="0">
              <value>
                <![CDATA[ratajczak.artur.SupportToCreateClass@587c290d]]>
              </value>
            </param>
          </params>
          <reporter-output>
          </reporter-output>
        </test-method> <!-- interfaceToClass -->
        <test-method status="PASS" signature="interfaceToClass(ratajczak.artur.SupportToCreateClass)[pri:0, instance:ratajczak.artur.MorphClassTest@233c0b17]" name="interfaceToClass" duration-ms="0" started-at="2016-01-13T19:09:18Z" data-provider="Class" finished-at="2016-01-13T19:09:18Z">
          <params>
            <param index="0">
              <value>
                <![CDATA[ratajczak.artur.SupportToCreateClass@5fcd892a]]>
              </value>
            </param>
          </params>
          <reporter-output>
          </reporter-output>
        </test-method> <!-- interfaceToClass -->
        <test-method status="PASS" signature="init()[pri:0, instance:ratajczak.artur.MorphClassTest@233c0b17]" name="init" is-config="true" duration-ms="0" started-at="2016-01-13T19:09:18Z" finished-at="2016-01-13T19:09:18Z">
          <reporter-output>
          </reporter-output>
        </test-method> <!-- init -->
        <test-method status="PASS" signature="interfaceToClass(ratajczak.artur.SupportToCreateClass)[pri:0, instance:ratajczak.artur.MorphClassTest@233c0b17]" name="interfaceToClass" duration-ms="0" started-at="2016-01-13T19:09:18Z" data-provider="Class" finished-at="2016-01-13T19:09:18Z">
          <params>
            <param index="0">
              <value>
                <![CDATA[ratajczak.artur.SupportToCreateClass@5a4041cc]]>
              </value>
            </param>
          </params>
          <reporter-output>
          </reporter-output>
        </test-method> <!-- interfaceToClass -->
        <test-method status="PASS" signature="init()[pri:0, instance:ratajczak.artur.MorphClassTest@233c0b17]" name="init" is-config="true" duration-ms="0" started-at="2016-01-13T19:09:18Z" finished-at="2016-01-13T19:09:18Z">
          <reporter-output>
          </reporter-output>
        </test-method> <!-- init -->
        <test-method status="PASS" signature="init()[pri:0, instance:ratajczak.artur.MorphClassTest@233c0b17]" name="init" is-config="true" duration-ms="0" started-at="2016-01-13T19:09:18Z" finished-at="2016-01-13T19:09:18Z">
          <reporter-output>
          </reporter-output>
        </test-method> <!-- init -->
        <test-method status="PASS" signature="interfaceToClass(ratajczak.artur.SupportToCreateClass)[pri:0, instance:ratajczak.artur.MorphClassTest@233c0b17]" name="interfaceToClass" duration-ms="0" started-at="2016-01-13T19:09:18Z" data-provider="Class" finished-at="2016-01-13T19:09:18Z">
          <params>
            <param index="0">
              <value>
                <![CDATA[ratajczak.artur.SupportToCreateClass@1e4a7dd4]]>
              </value>
            </param>
          </params>
          <reporter-output>
          </reporter-output>
        </test-method> <!-- interfaceToClass -->
        <test-method status="PASS" signature="interfaceToClass(ratajczak.artur.SupportToCreateClass)[pri:0, instance:ratajczak.artur.MorphClassTest@233c0b17]" name="interfaceToClass" duration-ms="0" started-at="2016-01-13T19:09:18Z" data-provider="Class" finished-at="2016-01-13T19:09:18Z">
          <params>
            <param index="0">
              <value>
                <![CDATA[ratajczak.artur.SupportToCreateClass@3d0f8e03]]>
              </value>
            </param>
          </params>
          <reporter-output>
          </reporter-output>
        </test-method> <!-- interfaceToClass -->
        <test-method status="PASS" signature="init()[pri:0, instance:ratajczak.artur.MorphClassTest@233c0b17]" name="init" is-config="true" duration-ms="0" started-at="2016-01-13T19:09:18Z" finished-at="2016-01-13T19:09:18Z">
          <reporter-output>
          </reporter-output>
        </test-method> <!-- init -->
        <test-method status="PASS" signature="init()[pri:0, instance:ratajczak.artur.MorphClassTest@233c0b17]" name="init" is-config="true" duration-ms="0" started-at="2016-01-13T19:09:18Z" finished-at="2016-01-13T19:09:18Z">
          <reporter-output>
          </reporter-output>
        </test-method> <!-- init -->
        <test-method status="PASS" signature="redrawTest()[pri:0, instance:ratajczak.artur.MorphClassTest@233c0b17]" name="redrawTest" duration-ms="15" started-at="2016-01-13T19:09:18Z" finished-at="2016-01-13T19:09:18Z">
          <reporter-output>
          </reporter-output>
        </test-method> <!-- redrawTest -->
        <test-method status="PASS" signature="init()[pri:0, instance:ratajczak.artur.MorphClassTest@233c0b17]" name="init" is-config="true" duration-ms="0" started-at="2016-01-13T19:09:18Z" finished-at="2016-01-13T19:09:18Z">
          <reporter-output>
          </reporter-output>
        </test-method> <!-- init -->
      </class> <!-- ratajczak.artur.MorphClassTest -->
    </test> <!-- Default test -->
  </suite> <!-- Default suite -->
</testng-results>
