<?xml version="1.0" encoding="UTF-8"?>
<testng-results skipped="0" failed="0" total="75" passed="75">
  <reporter-output>
  </reporter-output>
  <suite name="Suite1" duration-ms="745" started-at="2016-01-16T14:55:44Z" finished-at="2016-01-16T14:55:45Z">
    <groups>
    </groups>
    <test name="AbstractNodeMorphTest" duration-ms="214" started-at="2016-01-16T14:55:44Z" finished-at="2016-01-16T14:55:44Z">
      <class name="ratajczak.artur.AbstractNodeMorphTest">
        <test-method status="PASS" signature="boundsWithSomeText(java.lang.String)[pri:0, instance:ratajczak.artur.AbstractNodeMorphTest@233c0b17]" name="boundsWithSomeText" duration-ms="62" started-at="2016-01-16T15:55:44Z" data-provider="BoundsText" finished-at="2016-01-16T15:55:44Z">
          <params>
            <param index="0">
              <value>
                <![CDATA[przyklad]]>
              </value>
            </param>
          </params>
          <reporter-output>
          </reporter-output>
        </test-method> <!-- boundsWithSomeText -->
        <test-method status="PASS" signature="init()[pri:0, instance:ratajczak.artur.AbstractNodeMorphTest@233c0b17]" name="init" is-config="true" duration-ms="0" started-at="2016-01-16T15:55:44Z" finished-at="2016-01-16T15:55:44Z">
          <reporter-output>
          </reporter-output>
        </test-method> <!-- init -->
        <test-method status="PASS" signature="boundsWithSomeText(java.lang.String)[pri:0, instance:ratajczak.artur.AbstractNodeMorphTest@233c0b17]" name="boundsWithSomeText" duration-ms="31" started-at="2016-01-16T15:55:44Z" data-provider="BoundsText" finished-at="2016-01-16T15:55:44Z">
          <params>
            <param index="0">
              <value>
                <![CDATA[zienna dlugosc]]>
              </value>
            </param>
          </params>
          <reporter-output>
          </reporter-output>
        </test-method> <!-- boundsWithSomeText -->
        <test-method status="PASS" signature="init()[pri:0, instance:ratajczak.artur.AbstractNodeMorphTest@233c0b17]" name="init" is-config="true" duration-ms="0" started-at="2016-01-16T15:55:44Z" finished-at="2016-01-16T15:55:44Z">
          <reporter-output>
          </reporter-output>
        </test-method> <!-- init -->
        <test-method status="PASS" signature="init()[pri:0, instance:ratajczak.artur.AbstractNodeMorphTest@233c0b17]" name="init" is-config="true" duration-ms="0" started-at="2016-01-16T15:55:44Z" finished-at="2016-01-16T15:55:44Z">
          <reporter-output>
          </reporter-output>
        </test-method> <!-- init -->
        <test-method status="PASS" signature="boundsWithSomeText(java.lang.String)[pri:0, instance:ratajczak.artur.AbstractNodeMorphTest@233c0b17]" name="boundsWithSomeText" duration-ms="16" started-at="2016-01-16T15:55:44Z" data-provider="BoundsText" finished-at="2016-01-16T15:55:44Z">
          <params>
            <param index="0">
              <value>
                <![CDATA[nowe znaczenie]]>
              </value>
            </param>
          </params>
          <reporter-output>
          </reporter-output>
        </test-method> <!-- boundsWithSomeText -->
        <test-method status="PASS" signature="init()[pri:0, instance:ratajczak.artur.AbstractNodeMorphTest@233c0b17]" name="init" is-config="true" duration-ms="0" started-at="2016-01-16T15:55:44Z" finished-at="2016-01-16T15:55:44Z">
          <reporter-output>
          </reporter-output>
        </test-method> <!-- init -->
        <test-method status="PASS" signature="boundsWithSomeText(java.lang.String)[pri:0, instance:ratajczak.artur.AbstractNodeMorphTest@233c0b17]" name="boundsWithSomeText" duration-ms="0" started-at="2016-01-16T15:55:44Z" data-provider="BoundsText" finished-at="2016-01-16T15:55:44Z">
          <params>
            <param index="0">
              <value>
                <![CDATA[]]>
              </value>
            </param>
          </params>
          <reporter-output>
          </reporter-output>
        </test-method> <!-- boundsWithSomeText -->
        <test-method status="PASS" signature="init()[pri:0, instance:ratajczak.artur.AbstractNodeMorphTest@233c0b17]" name="init" is-config="true" duration-ms="0" started-at="2016-01-16T15:55:44Z" finished-at="2016-01-16T15:55:44Z">
          <reporter-output>
          </reporter-output>
        </test-method> <!-- init -->
        <test-method status="PASS" signature="boundsWithSomeText(java.lang.String)[pri:0, instance:ratajczak.artur.AbstractNodeMorphTest@233c0b17]" name="boundsWithSomeText" duration-ms="16" started-at="2016-01-16T15:55:44Z" data-provider="BoundsText" finished-at="2016-01-16T15:55:44Z">
          <params>
            <param index="0">
              <value>
                <![CDATA[A co mi tam]]>
              </value>
            </param>
          </params>
          <reporter-output>
          </reporter-output>
        </test-method> <!-- boundsWithSomeText -->
        <test-method status="PASS" signature="cloneTest()[pri:0, instance:ratajczak.artur.AbstractNodeMorphTest@233c0b17]" name="cloneTest" duration-ms="15" started-at="2016-01-16T15:55:44Z" finished-at="2016-01-16T15:55:44Z">
          <reporter-output>
          </reporter-output>
        </test-method> <!-- cloneTest -->
        <test-method status="PASS" signature="init()[pri:0, instance:ratajczak.artur.AbstractNodeMorphTest@233c0b17]" name="init" is-config="true" duration-ms="0" started-at="2016-01-16T15:55:44Z" finished-at="2016-01-16T15:55:44Z">
          <reporter-output>
          </reporter-output>
        </test-method> <!-- init -->
        <test-method status="PASS" signature="init()[pri:0, instance:ratajczak.artur.AbstractNodeMorphTest@233c0b17]" name="init" is-config="true" duration-ms="0" started-at="2016-01-16T15:55:44Z" finished-at="2016-01-16T15:55:44Z">
          <reporter-output>
          </reporter-output>
        </test-method> <!-- init -->
        <test-method status="PASS" signature="init()[pri:0, instance:ratajczak.artur.AbstractNodeMorphTest@233c0b17]" name="init" is-config="true" duration-ms="0" started-at="2016-01-16T15:55:44Z" finished-at="2016-01-16T15:55:44Z">
          <reporter-output>
          </reporter-output>
        </test-method> <!-- init -->
        <test-method status="PASS" signature="init()[pri:0, instance:ratajczak.artur.AbstractNodeMorphTest@233c0b17]" name="init" is-config="true" duration-ms="0" started-at="2016-01-16T15:55:44Z" finished-at="2016-01-16T15:55:44Z">
          <reporter-output>
          </reporter-output>
        </test-method> <!-- init -->
        <test-method status="PASS" signature="morphValuTest(com.horstmann.violet.product.diagram.abstracts.property.Morph, boolean)[pri:0, instance:ratajczak.artur.AbstractNodeMorphTest@233c0b17]" name="morphValuTest" duration-ms="16" started-at="2016-01-16T15:55:44Z" data-provider="Morph" finished-at="2016-01-16T15:55:44Z">
          <params>
            <param index="0">
              <value>
                <![CDATA[com.horstmann.violet.product.diagram.abstracts.property.Morph.TOINTERFACE]]>
              </value>
            </param>
            <param index="1">
              <value>
                <![CDATA[false]]>
              </value>
            </param>
          </params>
          <reporter-output>
          </reporter-output>
        </test-method> <!-- morphValuTest -->
        <test-method status="PASS" signature="constructionTest()[pri:0, instance:ratajczak.artur.AbstractNodeMorphTest@233c0b17]" name="constructionTest" duration-ms="0" started-at="2016-01-16T15:55:44Z" finished-at="2016-01-16T15:55:44Z">
          <reporter-output>
          </reporter-output>
        </test-method> <!-- constructionTest -->
        <test-method status="PASS" signature="morphValuTest(com.horstmann.violet.product.diagram.abstracts.property.Morph, boolean)[pri:0, instance:ratajczak.artur.AbstractNodeMorphTest@233c0b17]" name="morphValuTest" duration-ms="0" started-at="2016-01-16T15:55:44Z" data-provider="Morph" finished-at="2016-01-16T15:55:44Z">
          <params>
            <param index="0">
              <value>
                <![CDATA[com.horstmann.violet.product.diagram.abstracts.property.Morph.TOCLASS]]>
              </value>
            </param>
            <param index="1">
              <value>
                <![CDATA[false]]>
              </value>
            </param>
          </params>
          <reporter-output>
          </reporter-output>
        </test-method> <!-- morphValuTest -->
        <test-method status="PASS" signature="init()[pri:0, instance:ratajczak.artur.AbstractNodeMorphTest@233c0b17]" name="init" is-config="true" duration-ms="0" started-at="2016-01-16T15:55:44Z" finished-at="2016-01-16T15:55:44Z">
          <reporter-output>
          </reporter-output>
        </test-method> <!-- init -->
        <test-method status="PASS" signature="nameIsLargeAndJustyfy()[pri:0, instance:ratajczak.artur.AbstractNodeMorphTest@233c0b17]" name="nameIsLargeAndJustyfy" duration-ms="0" started-at="2016-01-16T15:55:44Z" finished-at="2016-01-16T15:55:44Z">
          <reporter-output>
          </reporter-output>
        </test-method> <!-- nameIsLargeAndJustyfy -->
        <test-method status="PASS" signature="morphValuTest(com.horstmann.violet.product.diagram.abstracts.property.Morph, boolean)[pri:0, instance:ratajczak.artur.AbstractNodeMorphTest@233c0b17]" name="morphValuTest" duration-ms="0" started-at="2016-01-16T15:55:44Z" data-provider="Morph" finished-at="2016-01-16T15:55:44Z">
          <params>
            <param index="0">
              <value>
                <![CDATA[com.horstmann.violet.product.diagram.abstracts.property.Morph.ABSTRACT]]>
              </value>
            </param>
            <param index="1">
              <value>
                <![CDATA[true]]>
              </value>
            </param>
          </params>
          <reporter-output>
          </reporter-output>
        </test-method> <!-- morphValuTest -->
        <test-method status="PASS" signature="init()[pri:0, instance:ratajczak.artur.AbstractNodeMorphTest@233c0b17]" name="init" is-config="true" duration-ms="0" started-at="2016-01-16T15:55:44Z" finished-at="2016-01-16T15:55:44Z">
          <reporter-output>
          </reporter-output>
        </test-method> <!-- init -->
      </class> <!-- ratajczak.artur.AbstractNodeMorphTest -->
    </test> <!-- AbstractNodeMorphTest -->
    <test name="ClassNodeMorph" duration-ms="15" started-at="2016-01-16T14:55:44Z" finished-at="2016-01-16T14:55:44Z">
      <class name="ratajczak.artur.ClassNodeMorphTest">
        <test-method status="PASS" signature="morphStartValueTest(com.horstmann.violet.product.diagram.abstracts.property.Morph, boolean)[pri:0, instance:ratajczak.artur.ClassNodeMorphTest@90f6bfd]" name="morphStartValueTest" duration-ms="0" started-at="2016-01-16T15:55:44Z" data-provider="Morph2" finished-at="2016-01-16T15:55:44Z">
          <params>
            <param index="0">
              <value>
                <![CDATA[com.horstmann.violet.product.diagram.abstracts.property.Morph.TOCLASS]]>
              </value>
            </param>
            <param index="1">
              <value>
                <![CDATA[true]]>
              </value>
            </param>
          </params>
          <reporter-output>
          </reporter-output>
        </test-method> <!-- morphStartValueTest -->
        <test-method status="PASS" signature="init()[pri:0, instance:ratajczak.artur.ClassNodeMorphTest@90f6bfd]" name="init" is-config="true" duration-ms="0" started-at="2016-01-16T15:55:44Z" finished-at="2016-01-16T15:55:44Z">
          <reporter-output>
          </reporter-output>
        </test-method> <!-- init -->
        <test-method status="PASS" signature="init()[pri:0, instance:ratajczak.artur.ClassNodeMorphTest@90f6bfd]" name="init" is-config="true" duration-ms="0" started-at="2016-01-16T15:55:44Z" finished-at="2016-01-16T15:55:44Z">
          <reporter-output>
          </reporter-output>
        </test-method> <!-- init -->
        <test-method status="PASS" signature="init()[pri:0, instance:ratajczak.artur.ClassNodeMorphTest@90f6bfd]" name="init" is-config="true" duration-ms="0" started-at="2016-01-16T15:55:44Z" finished-at="2016-01-16T15:55:44Z">
          <reporter-output>
          </reporter-output>
        </test-method> <!-- init -->
        <test-method status="PASS" signature="morphStartValueTest(com.horstmann.violet.product.diagram.abstracts.property.Morph, boolean)[pri:0, instance:ratajczak.artur.ClassNodeMorphTest@90f6bfd]" name="morphStartValueTest" duration-ms="0" started-at="2016-01-16T15:55:44Z" data-provider="Morph2" finished-at="2016-01-16T15:55:44Z">
          <params>
            <param index="0">
              <value>
                <![CDATA[com.horstmann.violet.product.diagram.abstracts.property.Morph.ABSTRACT]]>
              </value>
            </param>
            <param index="1">
              <value>
                <![CDATA[false]]>
              </value>
            </param>
          </params>
          <reporter-output>
          </reporter-output>
        </test-method> <!-- morphStartValueTest -->
        <test-method status="PASS" signature="morphStartValueTest(com.horstmann.violet.product.diagram.abstracts.property.Morph, boolean)[pri:0, instance:ratajczak.artur.ClassNodeMorphTest@90f6bfd]" name="morphStartValueTest" duration-ms="0" started-at="2016-01-16T15:55:44Z" data-provider="Morph2" finished-at="2016-01-16T15:55:44Z">
          <params>
            <param index="0">
              <value>
                <![CDATA[com.horstmann.violet.product.diagram.abstracts.property.Morph.TOINTERFACE]]>
              </value>
            </param>
            <param index="1">
              <value>
                <![CDATA[false]]>
              </value>
            </param>
          </params>
          <reporter-output>
          </reporter-output>
        </test-method> <!-- morphStartValueTest -->
      </class> <!-- ratajczak.artur.ClassNodeMorphTest -->
    </test> <!-- ClassNodeMorph -->
    <test name="InterfaceNodeMorpg" duration-ms="15" started-at="2016-01-16T14:55:44Z" finished-at="2016-01-16T14:55:44Z">
      <class name="ratajczak.artur.InterfaceNodeMorphTest">
        <test-method status="PASS" signature="morphStartValueTest(com.horstmann.violet.product.diagram.abstracts.property.Morph, boolean)[pri:0, instance:ratajczak.artur.InterfaceNodeMorphTest@2d3fcdbd]" name="morphStartValueTest" duration-ms="0" started-at="2016-01-16T15:55:44Z" data-provider="Morph3" finished-at="2016-01-16T15:55:44Z">
          <params>
            <param index="0">
              <value>
                <![CDATA[com.horstmann.violet.product.diagram.abstracts.property.Morph.TOCLASS]]>
              </value>
            </param>
            <param index="1">
              <value>
                <![CDATA[false]]>
              </value>
            </param>
          </params>
          <reporter-output>
          </reporter-output>
        </test-method> <!-- morphStartValueTest -->
        <test-method status="PASS" signature="init()[pri:0, instance:ratajczak.artur.InterfaceNodeMorphTest@2d3fcdbd]" name="init" is-config="true" duration-ms="0" started-at="2016-01-16T15:55:44Z" finished-at="2016-01-16T15:55:44Z">
          <reporter-output>
          </reporter-output>
        </test-method> <!-- init -->
        <test-method status="PASS" signature="init()[pri:0, instance:ratajczak.artur.InterfaceNodeMorphTest@2d3fcdbd]" name="init" is-config="true" duration-ms="0" started-at="2016-01-16T15:55:44Z" finished-at="2016-01-16T15:55:44Z">
          <reporter-output>
          </reporter-output>
        </test-method> <!-- init -->
        <test-method status="PASS" signature="morphStartValueTest(com.horstmann.violet.product.diagram.abstracts.property.Morph, boolean)[pri:0, instance:ratajczak.artur.InterfaceNodeMorphTest@2d3fcdbd]" name="morphStartValueTest" duration-ms="0" started-at="2016-01-16T15:55:44Z" data-provider="Morph3" finished-at="2016-01-16T15:55:44Z">
          <params>
            <param index="0">
              <value>
                <![CDATA[com.horstmann.violet.product.diagram.abstracts.property.Morph.TOINTERFACE]]>
              </value>
            </param>
            <param index="1">
              <value>
                <![CDATA[true]]>
              </value>
            </param>
          </params>
          <reporter-output>
          </reporter-output>
        </test-method> <!-- morphStartValueTest -->
        <test-method status="PASS" signature="init()[pri:0, instance:ratajczak.artur.InterfaceNodeMorphTest@2d3fcdbd]" name="init" is-config="true" duration-ms="0" started-at="2016-01-16T15:55:44Z" finished-at="2016-01-16T15:55:44Z">
          <reporter-output>
          </reporter-output>
        </test-method> <!-- init -->
        <test-method status="PASS" signature="morphStartValueTest(com.horstmann.violet.product.diagram.abstracts.property.Morph, boolean)[pri:0, instance:ratajczak.artur.InterfaceNodeMorphTest@2d3fcdbd]" name="morphStartValueTest" duration-ms="0" started-at="2016-01-16T15:55:44Z" data-provider="Morph3" finished-at="2016-01-16T15:55:44Z">
          <params>
            <param index="0">
              <value>
                <![CDATA[com.horstmann.violet.product.diagram.abstracts.property.Morph.ABSTRACT]]>
              </value>
            </param>
            <param index="1">
              <value>
                <![CDATA[false]]>
              </value>
            </param>
          </params>
          <reporter-output>
          </reporter-output>
        </test-method> <!-- morphStartValueTest -->
      </class> <!-- ratajczak.artur.InterfaceNodeMorphTest -->
    </test> <!-- InterfaceNodeMorpg -->
    <test name="MorphClass" duration-ms="312" started-at="2016-01-16T14:55:44Z" finished-at="2016-01-16T14:55:45Z">
      <class name="ratajczak.artur.MorphClassTest">
        <test-method status="PASS" signature="init()[pri:0, instance:ratajczak.artur.MorphClassTest@7225790e]" name="init" is-config="true" duration-ms="62" started-at="2016-01-16T15:55:44Z" finished-at="2016-01-16T15:55:44Z">
          <reporter-output>
          </reporter-output>
        </test-method> <!-- init -->
        <test-method status="PASS" signature="abstractToClass(ratajczak.artur.SupportToCreateClass)[pri:0, instance:ratajczak.artur.MorphClassTest@7225790e]" name="abstractToClass" duration-ms="16" started-at="2016-01-16T15:55:44Z" data-provider="Class" finished-at="2016-01-16T15:55:44Z">
          <params>
            <param index="0">
              <value>
                <![CDATA[ratajczak.artur.SupportToCreateClass@15d0c81b]]>
              </value>
            </param>
          </params>
          <reporter-output>
          </reporter-output>
        </test-method> <!-- abstractToClass -->
        <test-method status="PASS" signature="init()[pri:0, instance:ratajczak.artur.MorphClassTest@7225790e]" name="init" is-config="true" duration-ms="0" started-at="2016-01-16T15:55:44Z" finished-at="2016-01-16T15:55:44Z">
          <reporter-output>
          </reporter-output>
        </test-method> <!-- init -->
        <test-method status="PASS" signature="abstractToClass(ratajczak.artur.SupportToCreateClass)[pri:0, instance:ratajczak.artur.MorphClassTest@7225790e]" name="abstractToClass" duration-ms="0" started-at="2016-01-16T15:55:44Z" data-provider="Class" finished-at="2016-01-16T15:55:44Z">
          <params>
            <param index="0">
              <value>
                <![CDATA[ratajczak.artur.SupportToCreateClass@1f7030a6]]>
              </value>
            </param>
          </params>
          <reporter-output>
          </reporter-output>
        </test-method> <!-- abstractToClass -->
        <test-method status="PASS" signature="init()[pri:0, instance:ratajczak.artur.MorphClassTest@7225790e]" name="init" is-config="true" duration-ms="0" started-at="2016-01-16T15:55:44Z" finished-at="2016-01-16T15:55:44Z">
          <reporter-output>
          </reporter-output>
        </test-method> <!-- init -->
        <test-method status="PASS" signature="abstractToClass(ratajczak.artur.SupportToCreateClass)[pri:0, instance:ratajczak.artur.MorphClassTest@7225790e]" name="abstractToClass" duration-ms="16" started-at="2016-01-16T15:55:44Z" data-provider="Class" finished-at="2016-01-16T15:55:44Z">
          <params>
            <param index="0">
              <value>
                <![CDATA[ratajczak.artur.SupportToCreateClass@4232c52b]]>
              </value>
            </param>
          </params>
          <reporter-output>
          </reporter-output>
        </test-method> <!-- abstractToClass -->
        <test-method status="PASS" signature="abstractToClass(ratajczak.artur.SupportToCreateClass)[pri:0, instance:ratajczak.artur.MorphClassTest@7225790e]" name="abstractToClass" duration-ms="0" started-at="2016-01-16T15:55:44Z" data-provider="Class" finished-at="2016-01-16T15:55:44Z">
          <params>
            <param index="0">
              <value>
                <![CDATA[ratajczak.artur.SupportToCreateClass@646d64ab]]>
              </value>
            </param>
          </params>
          <reporter-output>
          </reporter-output>
        </test-method> <!-- abstractToClass -->
        <test-method status="PASS" signature="init()[pri:0, instance:ratajczak.artur.MorphClassTest@7225790e]" name="init" is-config="true" duration-ms="0" started-at="2016-01-16T15:55:44Z" finished-at="2016-01-16T15:55:44Z">
          <reporter-output>
          </reporter-output>
        </test-method> <!-- init -->
        <test-method status="PASS" signature="abstractToClass(ratajczak.artur.SupportToCreateClass)[pri:0, instance:ratajczak.artur.MorphClassTest@7225790e]" name="abstractToClass" duration-ms="15" started-at="2016-01-16T15:55:44Z" data-provider="Class" finished-at="2016-01-16T15:55:44Z">
          <params>
            <param index="0">
              <value>
                <![CDATA[ratajczak.artur.SupportToCreateClass@2f943d71]]>
              </value>
            </param>
          </params>
          <reporter-output>
          </reporter-output>
        </test-method> <!-- abstractToClass -->
        <test-method status="PASS" signature="init()[pri:0, instance:ratajczak.artur.MorphClassTest@7225790e]" name="init" is-config="true" duration-ms="0" started-at="2016-01-16T15:55:44Z" finished-at="2016-01-16T15:55:44Z">
          <reporter-output>
          </reporter-output>
        </test-method> <!-- init -->
        <test-method status="PASS" signature="abstractToClass(ratajczak.artur.SupportToCreateClass)[pri:0, instance:ratajczak.artur.MorphClassTest@7225790e]" name="abstractToClass" duration-ms="0" started-at="2016-01-16T15:55:44Z" data-provider="Class" finished-at="2016-01-16T15:55:44Z">
          <params>
            <param index="0">
              <value>
                <![CDATA[ratajczak.artur.SupportToCreateClass@2bbf4b8b]]>
              </value>
            </param>
          </params>
          <reporter-output>
          </reporter-output>
        </test-method> <!-- abstractToClass -->
        <test-method status="PASS" signature="init()[pri:0, instance:ratajczak.artur.MorphClassTest@7225790e]" name="init" is-config="true" duration-ms="0" started-at="2016-01-16T15:55:44Z" finished-at="2016-01-16T15:55:44Z">
          <reporter-output>
          </reporter-output>
        </test-method> <!-- init -->
        <test-method status="PASS" signature="init()[pri:0, instance:ratajczak.artur.MorphClassTest@7225790e]" name="init" is-config="true" duration-ms="0" started-at="2016-01-16T15:55:44Z" finished-at="2016-01-16T15:55:44Z">
          <reporter-output>
          </reporter-output>
        </test-method> <!-- init -->
        <test-method status="PASS" signature="abstractToClass(ratajczak.artur.SupportToCreateClass)[pri:0, instance:ratajczak.artur.MorphClassTest@7225790e]" name="abstractToClass" duration-ms="16" started-at="2016-01-16T15:55:44Z" data-provider="Class" finished-at="2016-01-16T15:55:44Z">
          <params>
            <param index="0">
              <value>
                <![CDATA[ratajczak.artur.SupportToCreateClass@467aecef]]>
              </value>
            </param>
          </params>
          <reporter-output>
          </reporter-output>
        </test-method> <!-- abstractToClass -->
        <test-method status="PASS" signature="abstractToClass(ratajczak.artur.SupportToCreateClass)[pri:0, instance:ratajczak.artur.MorphClassTest@7225790e]" name="abstractToClass" duration-ms="15" started-at="2016-01-16T15:55:44Z" data-provider="Class" finished-at="2016-01-16T15:55:44Z">
          <params>
            <param index="0">
              <value>
                <![CDATA[ratajczak.artur.SupportToCreateClass@1d8d30f7]]>
              </value>
            </param>
          </params>
          <reporter-output>
          </reporter-output>
        </test-method> <!-- abstractToClass -->
        <test-method status="PASS" signature="init()[pri:0, instance:ratajczak.artur.MorphClassTest@7225790e]" name="init" is-config="true" duration-ms="0" started-at="2016-01-16T15:55:44Z" finished-at="2016-01-16T15:55:44Z">
          <reporter-output>
          </reporter-output>
        </test-method> <!-- init -->
        <test-method status="PASS" signature="abstractToClass(ratajczak.artur.SupportToCreateClass)[pri:0, instance:ratajczak.artur.MorphClassTest@7225790e]" name="abstractToClass" duration-ms="0" started-at="2016-01-16T15:55:44Z" data-provider="Class" finished-at="2016-01-16T15:55:44Z">
          <params>
            <param index="0">
              <value>
                <![CDATA[ratajczak.artur.SupportToCreateClass@42f93a98]]>
              </value>
            </param>
          </params>
          <reporter-output>
          </reporter-output>
        </test-method> <!-- abstractToClass -->
        <test-method status="PASS" signature="init()[pri:0, instance:ratajczak.artur.MorphClassTest@7225790e]" name="init" is-config="true" duration-ms="0" started-at="2016-01-16T15:55:44Z" finished-at="2016-01-16T15:55:44Z">
          <reporter-output>
          </reporter-output>
        </test-method> <!-- init -->
        <test-method status="PASS" signature="init()[pri:0, instance:ratajczak.artur.MorphClassTest@7225790e]" name="init" is-config="true" duration-ms="16" started-at="2016-01-16T15:55:44Z" finished-at="2016-01-16T15:55:44Z">
          <reporter-output>
          </reporter-output>
        </test-method> <!-- init -->
        <test-method status="PASS" signature="init()[pri:0, instance:ratajczak.artur.MorphClassTest@7225790e]" name="init" is-config="true" duration-ms="0" started-at="2016-01-16T15:55:44Z" finished-at="2016-01-16T15:55:44Z">
          <reporter-output>
          </reporter-output>
        </test-method> <!-- init -->
        <test-method status="PASS" signature="abstractToINterface(ratajczak.artur.SupportToCreateClass)[pri:0, instance:ratajczak.artur.MorphClassTest@7225790e]" name="abstractToINterface" duration-ms="16" started-at="2016-01-16T15:55:44Z" data-provider="Class" finished-at="2016-01-16T15:55:45Z">
          <params>
            <param index="0">
              <value>
                <![CDATA[ratajczak.artur.SupportToCreateClass@44c8afef]]>
              </value>
            </param>
          </params>
          <reporter-output>
          </reporter-output>
        </test-method> <!-- abstractToINterface -->
        <test-method status="PASS" signature="abstractToINterface(ratajczak.artur.SupportToCreateClass)[pri:0, instance:ratajczak.artur.MorphClassTest@7225790e]" name="abstractToINterface" duration-ms="0" started-at="2016-01-16T15:55:44Z" data-provider="Class" finished-at="2016-01-16T15:55:44Z">
          <params>
            <param index="0">
              <value>
                <![CDATA[ratajczak.artur.SupportToCreateClass@6043cd28]]>
              </value>
            </param>
          </params>
          <reporter-output>
          </reporter-output>
        </test-method> <!-- abstractToINterface -->
        <test-method status="PASS" signature="abstractToINterface(ratajczak.artur.SupportToCreateClass)[pri:0, instance:ratajczak.artur.MorphClassTest@7225790e]" name="abstractToINterface" duration-ms="0" started-at="2016-01-16T15:55:44Z" data-provider="Class" finished-at="2016-01-16T15:55:44Z">
          <params>
            <param index="0">
              <value>
                <![CDATA[ratajczak.artur.SupportToCreateClass@23d2a7e8]]>
              </value>
            </param>
          </params>
          <reporter-output>
          </reporter-output>
        </test-method> <!-- abstractToINterface -->
        <test-method status="PASS" signature="init()[pri:0, instance:ratajczak.artur.MorphClassTest@7225790e]" name="init" is-config="true" duration-ms="0" started-at="2016-01-16T15:55:44Z" finished-at="2016-01-16T15:55:44Z">
          <reporter-output>
          </reporter-output>
        </test-method> <!-- init -->
        <test-method status="PASS" signature="abstractToINterface(ratajczak.artur.SupportToCreateClass)[pri:0, instance:ratajczak.artur.MorphClassTest@7225790e]" name="abstractToINterface" duration-ms="15" started-at="2016-01-16T15:55:45Z" data-provider="Class" finished-at="2016-01-16T15:55:45Z">
          <params>
            <param index="0">
              <value>
                <![CDATA[ratajczak.artur.SupportToCreateClass@cb0ed20]]>
              </value>
            </param>
          </params>
          <reporter-output>
          </reporter-output>
        </test-method> <!-- abstractToINterface -->
        <test-method status="PASS" signature="init()[pri:0, instance:ratajczak.artur.MorphClassTest@7225790e]" name="init" is-config="true" duration-ms="0" started-at="2016-01-16T15:55:45Z" finished-at="2016-01-16T15:55:45Z">
          <reporter-output>
          </reporter-output>
        </test-method> <!-- init -->
        <test-method status="PASS" signature="init()[pri:0, instance:ratajczak.artur.MorphClassTest@7225790e]" name="init" is-config="true" duration-ms="0" started-at="2016-01-16T15:55:45Z" finished-at="2016-01-16T15:55:45Z">
          <reporter-output>
          </reporter-output>
        </test-method> <!-- init -->
        <test-method status="PASS" signature="init()[pri:0, instance:ratajczak.artur.MorphClassTest@7225790e]" name="init" is-config="true" duration-ms="0" started-at="2016-01-16T15:55:45Z" finished-at="2016-01-16T15:55:45Z">
          <reporter-output>
          </reporter-output>
        </test-method> <!-- init -->
        <test-method status="PASS" signature="init()[pri:0, instance:ratajczak.artur.MorphClassTest@7225790e]" name="init" is-config="true" duration-ms="0" started-at="2016-01-16T15:55:45Z" finished-at="2016-01-16T15:55:45Z">
          <reporter-output>
          </reporter-output>
        </test-method> <!-- init -->
        <test-method status="PASS" signature="abstractToINterface(ratajczak.artur.SupportToCreateClass)[pri:0, instance:ratajczak.artur.MorphClassTest@7225790e]" name="abstractToINterface" duration-ms="0" started-at="2016-01-16T15:55:45Z" data-provider="Class" finished-at="2016-01-16T15:55:45Z">
          <params>
            <param index="0">
              <value>
                <![CDATA[ratajczak.artur.SupportToCreateClass@462d5aee]]>
              </value>
            </param>
          </params>
          <reporter-output>
          </reporter-output>
        </test-method> <!-- abstractToINterface -->
        <test-method status="PASS" signature="abstractToINterface(ratajczak.artur.SupportToCreateClass)[pri:0, instance:ratajczak.artur.MorphClassTest@7225790e]" name="abstractToINterface" duration-ms="0" started-at="2016-01-16T15:55:45Z" data-provider="Class" finished-at="2016-01-16T15:55:45Z">
          <params>
            <param index="0">
              <value>
                <![CDATA[ratajczak.artur.SupportToCreateClass@4eb7f003]]>
              </value>
            </param>
          </params>
          <reporter-output>
          </reporter-output>
        </test-method> <!-- abstractToINterface -->
        <test-method status="PASS" signature="init()[pri:0, instance:ratajczak.artur.MorphClassTest@7225790e]" name="init" is-config="true" duration-ms="0" started-at="2016-01-16T15:55:45Z" finished-at="2016-01-16T15:55:45Z">
          <reporter-output>
          </reporter-output>
        </test-method> <!-- init -->
        <test-method status="PASS" signature="abstractToINterface(ratajczak.artur.SupportToCreateClass)[pri:0, instance:ratajczak.artur.MorphClassTest@7225790e]" name="abstractToINterface" duration-ms="0" started-at="2016-01-16T15:55:45Z" data-provider="Class" finished-at="2016-01-16T15:55:45Z">
          <params>
            <param index="0">
              <value>
                <![CDATA[ratajczak.artur.SupportToCreateClass@52f759d7]]>
              </value>
            </param>
          </params>
          <reporter-output>
          </reporter-output>
        </test-method> <!-- abstractToINterface -->
        <test-method status="PASS" signature="abstractToINterface(ratajczak.artur.SupportToCreateClass)[pri:0, instance:ratajczak.artur.MorphClassTest@7225790e]" name="abstractToINterface" duration-ms="0" started-at="2016-01-16T15:55:45Z" data-provider="Class" finished-at="2016-01-16T15:55:45Z">
          <params>
            <param index="0">
              <value>
                <![CDATA[ratajczak.artur.SupportToCreateClass@77ec78b9]]>
              </value>
            </param>
          </params>
          <reporter-output>
          </reporter-output>
        </test-method> <!-- abstractToINterface -->
        <test-method status="PASS" signature="init()[pri:0, instance:ratajczak.artur.MorphClassTest@7225790e]" name="init" is-config="true" duration-ms="0" started-at="2016-01-16T15:55:45Z" finished-at="2016-01-16T15:55:45Z">
          <reporter-output>
          </reporter-output>
        </test-method> <!-- init -->
        <test-method status="PASS" signature="classToAbstract(ratajczak.artur.SupportToCreateClass)[pri:0, instance:ratajczak.artur.MorphClassTest@7225790e]" name="classToAbstract" duration-ms="16" started-at="2016-01-16T15:55:45Z" data-provider="Class" finished-at="2016-01-16T15:55:45Z">
          <params>
            <param index="0">
              <value>
                <![CDATA[ratajczak.artur.SupportToCreateClass@25bbf683]]>
              </value>
            </param>
          </params>
          <reporter-output>
          </reporter-output>
        </test-method> <!-- classToAbstract -->
        <test-method status="PASS" signature="abstractToINterface(ratajczak.artur.SupportToCreateClass)[pri:0, instance:ratajczak.artur.MorphClassTest@7225790e]" name="abstractToINterface" duration-ms="0" started-at="2016-01-16T15:55:45Z" data-provider="Class" finished-at="2016-01-16T15:55:45Z">
          <params>
            <param index="0">
              <value>
                <![CDATA[ratajczak.artur.SupportToCreateClass@7403c468]]>
              </value>
            </param>
          </params>
          <reporter-output>
          </reporter-output>
        </test-method> <!-- abstractToINterface -->
        <test-method status="PASS" signature="init()[pri:0, instance:ratajczak.artur.MorphClassTest@7225790e]" name="init" is-config="true" duration-ms="0" started-at="2016-01-16T15:55:45Z" finished-at="2016-01-16T15:55:45Z">
          <reporter-output>
          </reporter-output>
        </test-method> <!-- init -->
        <test-method status="PASS" signature="init()[pri:0, instance:ratajczak.artur.MorphClassTest@7225790e]" name="init" is-config="true" duration-ms="0" started-at="2016-01-16T15:55:45Z" finished-at="2016-01-16T15:55:45Z">
          <reporter-output>
          </reporter-output>
        </test-method> <!-- init -->
        <test-method status="PASS" signature="classToAbstract(ratajczak.artur.SupportToCreateClass)[pri:0, instance:ratajczak.artur.MorphClassTest@7225790e]" name="classToAbstract" duration-ms="0" started-at="2016-01-16T15:55:45Z" data-provider="Class" finished-at="2016-01-16T15:55:45Z">
          <params>
            <param index="0">
              <value>
                <![CDATA[ratajczak.artur.SupportToCreateClass@2de8284b]]>
              </value>
            </param>
          </params>
          <reporter-output>
          </reporter-output>
        </test-method> <!-- classToAbstract -->
        <test-method status="PASS" signature="init()[pri:0, instance:ratajczak.artur.MorphClassTest@7225790e]" name="init" is-config="true" duration-ms="0" started-at="2016-01-16T15:55:45Z" finished-at="2016-01-16T15:55:45Z">
          <reporter-output>
          </reporter-output>
        </test-method> <!-- init -->
        <test-method status="PASS" signature="classToAbstract(ratajczak.artur.SupportToCreateClass)[pri:0, instance:ratajczak.artur.MorphClassTest@7225790e]" name="classToAbstract" duration-ms="0" started-at="2016-01-16T15:55:45Z" data-provider="Class" finished-at="2016-01-16T15:55:45Z">
          <params>
            <param index="0">
              <value>
                <![CDATA[ratajczak.artur.SupportToCreateClass@43a0cee9]]>
              </value>
            </param>
          </params>
          <reporter-output>
          </reporter-output>
        </test-method> <!-- classToAbstract -->
        <test-method status="PASS" signature="classToAbstract(ratajczak.artur.SupportToCreateClass)[pri:0, instance:ratajczak.artur.MorphClassTest@7225790e]" name="classToAbstract" duration-ms="0" started-at="2016-01-16T15:55:45Z" data-provider="Class" finished-at="2016-01-16T15:55:45Z">
          <params>
            <param index="0">
              <value>
                <![CDATA[ratajczak.artur.SupportToCreateClass@954b04f]]>
              </value>
            </param>
          </params>
          <reporter-output>
          </reporter-output>
        </test-method> <!-- classToAbstract -->
        <test-method status="PASS" signature="init()[pri:0, instance:ratajczak.artur.MorphClassTest@7225790e]" name="init" is-config="true" duration-ms="0" started-at="2016-01-16T15:55:45Z" finished-at="2016-01-16T15:55:45Z">
          <reporter-output>
          </reporter-output>
        </test-method> <!-- init -->
        <test-method status="PASS" signature="init()[pri:0, instance:ratajczak.artur.MorphClassTest@7225790e]" name="init" is-config="true" duration-ms="0" started-at="2016-01-16T15:55:45Z" finished-at="2016-01-16T15:55:45Z">
          <reporter-output>
          </reporter-output>
        </test-method> <!-- init -->
        <test-method status="PASS" signature="classToAbstract(ratajczak.artur.SupportToCreateClass)[pri:0, instance:ratajczak.artur.MorphClassTest@7225790e]" name="classToAbstract" duration-ms="16" started-at="2016-01-16T15:55:45Z" data-provider="Class" finished-at="2016-01-16T15:55:45Z">
          <params>
            <param index="0">
              <value>
                <![CDATA[ratajczak.artur.SupportToCreateClass@4c762604]]>
              </value>
            </param>
          </params>
          <reporter-output>
          </reporter-output>
        </test-method> <!-- classToAbstract -->
        <test-method status="PASS" signature="init()[pri:0, instance:ratajczak.artur.MorphClassTest@7225790e]" name="init" is-config="true" duration-ms="0" started-at="2016-01-16T15:55:45Z" finished-at="2016-01-16T15:55:45Z">
          <reporter-output>
          </reporter-output>
        </test-method> <!-- init -->
        <test-method status="PASS" signature="init()[pri:0, instance:ratajczak.artur.MorphClassTest@7225790e]" name="init" is-config="true" duration-ms="0" started-at="2016-01-16T15:55:45Z" finished-at="2016-01-16T15:55:45Z">
          <reporter-output>
          </reporter-output>
        </test-method> <!-- init -->
        <test-method status="PASS" signature="init()[pri:0, instance:ratajczak.artur.MorphClassTest@7225790e]" name="init" is-config="true" duration-ms="0" started-at="2016-01-16T15:55:45Z" finished-at="2016-01-16T15:55:45Z">
          <reporter-output>
          </reporter-output>
        </test-method> <!-- init -->
        <test-method status="PASS" signature="classToInterfaceTest(ratajczak.artur.SupportToCreateClass)[pri:0, instance:ratajczak.artur.MorphClassTest@7225790e]" name="classToInterfaceTest" duration-ms="0" started-at="2016-01-16T15:55:45Z" data-provider="Class" finished-at="2016-01-16T15:55:45Z">
          <params>
            <param index="0">
              <value>
                <![CDATA[ratajczak.artur.SupportToCreateClass@1068e947]]>
              </value>
            </param>
          </params>
          <reporter-output>
          </reporter-output>
        </test-method> <!-- classToInterfaceTest -->
        <test-method status="PASS" signature="classToAbstract(ratajczak.artur.SupportToCreateClass)[pri:0, instance:ratajczak.artur.MorphClassTest@7225790e]" name="classToAbstract" duration-ms="0" started-at="2016-01-16T15:55:45Z" data-provider="Class" finished-at="2016-01-16T15:55:45Z">
          <params>
            <param index="0">
              <value>
                <![CDATA[ratajczak.artur.SupportToCreateClass@5c18298f]]>
              </value>
            </param>
          </params>
          <reporter-output>
          </reporter-output>
        </test-method> <!-- classToAbstract -->
        <test-method status="PASS" signature="classToAbstract(ratajczak.artur.SupportToCreateClass)[pri:0, instance:ratajczak.artur.MorphClassTest@7225790e]" name="classToAbstract" duration-ms="0" started-at="2016-01-16T15:55:45Z" data-provider="Class" finished-at="2016-01-16T15:55:45Z">
          <params>
            <param index="0">
              <value>
                <![CDATA[ratajczak.artur.SupportToCreateClass@35a50a4c]]>
              </value>
            </param>
          </params>
          <reporter-output>
          </reporter-output>
        </test-method> <!-- classToAbstract -->
        <test-method status="PASS" signature="init()[pri:0, instance:ratajczak.artur.MorphClassTest@7225790e]" name="init" is-config="true" duration-ms="0" started-at="2016-01-16T15:55:45Z" finished-at="2016-01-16T15:55:45Z">
          <reporter-output>
          </reporter-output>
        </test-method> <!-- init -->
        <test-method status="PASS" signature="classToAbstract(ratajczak.artur.SupportToCreateClass)[pri:0, instance:ratajczak.artur.MorphClassTest@7225790e]" name="classToAbstract" duration-ms="0" started-at="2016-01-16T15:55:45Z" data-provider="Class" finished-at="2016-01-16T15:55:45Z">
          <params>
            <param index="0">
              <value>
                <![CDATA[ratajczak.artur.SupportToCreateClass@44a3ec6b]]>
              </value>
            </param>
          </params>
          <reporter-output>
          </reporter-output>
        </test-method> <!-- classToAbstract -->
        <test-method status="PASS" signature="init()[pri:0, instance:ratajczak.artur.MorphClassTest@7225790e]" name="init" is-config="true" duration-ms="15" started-at="2016-01-16T15:55:45Z" finished-at="2016-01-16T15:55:45Z">
          <reporter-output>
          </reporter-output>
        </test-method> <!-- init -->
        <test-method status="PASS" signature="classToAbstract(ratajczak.artur.SupportToCreateClass)[pri:0, instance:ratajczak.artur.MorphClassTest@7225790e]" name="classToAbstract" duration-ms="0" started-at="2016-01-16T15:55:45Z" data-provider="Class" finished-at="2016-01-16T15:55:45Z">
          <params>
            <param index="0">
              <value>
                <![CDATA[ratajczak.artur.SupportToCreateClass@5fdba6f9]]>
              </value>
            </param>
          </params>
          <reporter-output>
          </reporter-output>
        </test-method> <!-- classToAbstract -->
        <test-method status="PASS" signature="init()[pri:0, instance:ratajczak.artur.MorphClassTest@7225790e]" name="init" is-config="true" duration-ms="0" started-at="2016-01-16T15:55:45Z" finished-at="2016-01-16T15:55:45Z">
          <reporter-output>
          </reporter-output>
        </test-method> <!-- init -->
        <test-method status="PASS" signature="init()[pri:0, instance:ratajczak.artur.MorphClassTest@7225790e]" name="init" is-config="true" duration-ms="0" started-at="2016-01-16T15:55:45Z" finished-at="2016-01-16T15:55:45Z">
          <reporter-output>
          </reporter-output>
        </test-method> <!-- init -->
        <test-method status="PASS" signature="init()[pri:0, instance:ratajczak.artur.MorphClassTest@7225790e]" name="init" is-config="true" duration-ms="0" started-at="2016-01-16T15:55:45Z" finished-at="2016-01-16T15:55:45Z">
          <reporter-output>
          </reporter-output>
        </test-method> <!-- init -->
        <test-method status="PASS" signature="classToInterfaceTest(ratajczak.artur.SupportToCreateClass)[pri:0, instance:ratajczak.artur.MorphClassTest@7225790e]" name="classToInterfaceTest" duration-ms="0" started-at="2016-01-16T15:55:45Z" data-provider="Class" finished-at="2016-01-16T15:55:45Z">
          <params>
            <param index="0">
              <value>
                <![CDATA[ratajczak.artur.SupportToCreateClass@1d7acb34]]>
              </value>
            </param>
          </params>
          <reporter-output>
          </reporter-output>
        </test-method> <!-- classToInterfaceTest -->
        <test-method status="PASS" signature="init()[pri:0, instance:ratajczak.artur.MorphClassTest@7225790e]" name="init" is-config="true" duration-ms="0" started-at="2016-01-16T15:55:45Z" finished-at="2016-01-16T15:55:45Z">
          <reporter-output>
          </reporter-output>
        </test-method> <!-- init -->
        <test-method status="PASS" signature="classToInterfaceTest(ratajczak.artur.SupportToCreateClass)[pri:0, instance:ratajczak.artur.MorphClassTest@7225790e]" name="classToInterfaceTest" duration-ms="0" started-at="2016-01-16T15:55:45Z" data-provider="Class" finished-at="2016-01-16T15:55:45Z">
          <params>
            <param index="0">
              <value>
                <![CDATA[ratajczak.artur.SupportToCreateClass@5e955596]]>
              </value>
            </param>
          </params>
          <reporter-output>
          </reporter-output>
        </test-method> <!-- classToInterfaceTest -->
        <test-method status="PASS" signature="init()[pri:0, instance:ratajczak.artur.MorphClassTest@7225790e]" name="init" is-config="true" duration-ms="16" started-at="2016-01-16T15:55:45Z" finished-at="2016-01-16T15:55:45Z">
          <reporter-output>
          </reporter-output>
        </test-method> <!-- init -->
        <test-method status="PASS" signature="classToInterfaceTest(ratajczak.artur.SupportToCreateClass)[pri:0, instance:ratajczak.artur.MorphClassTest@7225790e]" name="classToInterfaceTest" duration-ms="0" started-at="2016-01-16T15:55:45Z" data-provider="Class" finished-at="2016-01-16T15:55:45Z">
          <params>
            <param index="0">
              <value>
                <![CDATA[ratajczak.artur.SupportToCreateClass@76b10754]]>
              </value>
            </param>
          </params>
          <reporter-output>
          </reporter-output>
        </test-method> <!-- classToInterfaceTest -->
        <test-method status="PASS" signature="classToInterfaceTest(ratajczak.artur.SupportToCreateClass)[pri:0, instance:ratajczak.artur.MorphClassTest@7225790e]" name="classToInterfaceTest" duration-ms="0" started-at="2016-01-16T15:55:45Z" data-provider="Class" finished-at="2016-01-16T15:55:45Z">
          <params>
            <param index="0">
              <value>
                <![CDATA[ratajczak.artur.SupportToCreateClass@543e710e]]>
              </value>
            </param>
          </params>
          <reporter-output>
          </reporter-output>
        </test-method> <!-- classToInterfaceTest -->
        <test-method status="PASS" signature="classToInterfaceTest(ratajczak.artur.SupportToCreateClass)[pri:0, instance:ratajczak.artur.MorphClassTest@7225790e]" name="classToInterfaceTest" duration-ms="0" started-at="2016-01-16T15:55:45Z" data-provider="Class" finished-at="2016-01-16T15:55:45Z">
          <params>
            <param index="0">
              <value>
                <![CDATA[ratajczak.artur.SupportToCreateClass@46238e3f]]>
              </value>
            </param>
          </params>
          <reporter-output>
          </reporter-output>
        </test-method> <!-- classToInterfaceTest -->
        <test-method status="PASS" signature="classToInterfaceTest(ratajczak.artur.SupportToCreateClass)[pri:0, instance:ratajczak.artur.MorphClassTest@7225790e]" name="classToInterfaceTest" duration-ms="0" started-at="2016-01-16T15:55:45Z" data-provider="Class" finished-at="2016-01-16T15:55:45Z">
          <params>
            <param index="0">
              <value>
                <![CDATA[ratajczak.artur.SupportToCreateClass@679b62af]]>
              </value>
            </param>
          </params>
          <reporter-output>
          </reporter-output>
        </test-method> <!-- classToInterfaceTest -->
        <test-method status="PASS" signature="interfaceToAbstract(ratajczak.artur.SupportToCreateClass)[pri:0, instance:ratajczak.artur.MorphClassTest@7225790e]" name="interfaceToAbstract" duration-ms="0" started-at="2016-01-16T15:55:45Z" data-provider="Class" finished-at="2016-01-16T15:55:45Z">
          <params>
            <param index="0">
              <value>
                <![CDATA[ratajczak.artur.SupportToCreateClass@1176dcec]]>
              </value>
            </param>
          </params>
          <reporter-output>
          </reporter-output>
        </test-method> <!-- interfaceToAbstract -->
        <test-method status="PASS" signature="init()[pri:0, instance:ratajczak.artur.MorphClassTest@7225790e]" name="init" is-config="true" duration-ms="0" started-at="2016-01-16T15:55:45Z" finished-at="2016-01-16T15:55:45Z">
          <reporter-output>
          </reporter-output>
        </test-method> <!-- init -->
        <test-method status="PASS" signature="init()[pri:0, instance:ratajczak.artur.MorphClassTest@7225790e]" name="init" is-config="true" duration-ms="0" started-at="2016-01-16T15:55:45Z" finished-at="2016-01-16T15:55:45Z">
          <reporter-output>
          </reporter-output>
        </test-method> <!-- init -->
        <test-method status="PASS" signature="interfaceToAbstract(ratajczak.artur.SupportToCreateClass)[pri:0, instance:ratajczak.artur.MorphClassTest@7225790e]" name="interfaceToAbstract" duration-ms="0" started-at="2016-01-16T15:55:45Z" data-provider="Class" finished-at="2016-01-16T15:55:45Z">
          <params>
            <param index="0">
              <value>
                <![CDATA[ratajczak.artur.SupportToCreateClass@71a794e5]]>
              </value>
            </param>
          </params>
          <reporter-output>
          </reporter-output>
        </test-method> <!-- interfaceToAbstract -->
        <test-method status="PASS" signature="init()[pri:0, instance:ratajczak.artur.MorphClassTest@7225790e]" name="init" is-config="true" duration-ms="0" started-at="2016-01-16T15:55:45Z" finished-at="2016-01-16T15:55:45Z">
          <reporter-output>
          </reporter-output>
        </test-method> <!-- init -->
        <test-method status="PASS" signature="classToInterfaceTest(ratajczak.artur.SupportToCreateClass)[pri:0, instance:ratajczak.artur.MorphClassTest@7225790e]" name="classToInterfaceTest" duration-ms="0" started-at="2016-01-16T15:55:45Z" data-provider="Class" finished-at="2016-01-16T15:55:45Z">
          <params>
            <param index="0">
              <value>
                <![CDATA[ratajczak.artur.SupportToCreateClass@2bbaf4f0]]>
              </value>
            </param>
          </params>
          <reporter-output>
          </reporter-output>
        </test-method> <!-- classToInterfaceTest -->
        <test-method status="PASS" signature="init()[pri:0, instance:ratajczak.artur.MorphClassTest@7225790e]" name="init" is-config="true" duration-ms="0" started-at="2016-01-16T15:55:45Z" finished-at="2016-01-16T15:55:45Z">
          <reporter-output>
          </reporter-output>
        </test-method> <!-- init -->
        <test-method status="PASS" signature="classToInterfaceTest(ratajczak.artur.SupportToCreateClass)[pri:0, instance:ratajczak.artur.MorphClassTest@7225790e]" name="classToInterfaceTest" duration-ms="0" started-at="2016-01-16T15:55:45Z" data-provider="Class" finished-at="2016-01-16T15:55:45Z">
          <params>
            <param index="0">
              <value>
                <![CDATA[ratajczak.artur.SupportToCreateClass@130f889]]>
              </value>
            </param>
          </params>
          <reporter-output>
          </reporter-output>
        </test-method> <!-- classToInterfaceTest -->
        <test-method status="PASS" signature="init()[pri:0, instance:ratajczak.artur.MorphClassTest@7225790e]" name="init" is-config="true" duration-ms="0" started-at="2016-01-16T15:55:45Z" finished-at="2016-01-16T15:55:45Z">
          <reporter-output>
          </reporter-output>
        </test-method> <!-- init -->
        <test-method status="PASS" signature="interfaceToAbstract(ratajczak.artur.SupportToCreateClass)[pri:0, instance:ratajczak.artur.MorphClassTest@7225790e]" name="interfaceToAbstract" duration-ms="0" started-at="2016-01-16T15:55:45Z" data-provider="Class" finished-at="2016-01-16T15:55:45Z">
          <params>
            <param index="0">
              <value>
                <![CDATA[ratajczak.artur.SupportToCreateClass@1445d7f]]>
              </value>
            </param>
          </params>
          <reporter-output>
          </reporter-output>
        </test-method> <!-- interfaceToAbstract -->
        <test-method status="PASS" signature="interfaceToAbstract(ratajczak.artur.SupportToCreateClass)[pri:0, instance:ratajczak.artur.MorphClassTest@7225790e]" name="interfaceToAbstract" duration-ms="16" started-at="2016-01-16T15:55:45Z" data-provider="Class" finished-at="2016-01-16T15:55:45Z">
          <params>
            <param index="0">
              <value>
                <![CDATA[ratajczak.artur.SupportToCreateClass@6166e06f]]>
              </value>
            </param>
          </params>
          <reporter-output>
          </reporter-output>
        </test-method> <!-- interfaceToAbstract -->
        <test-method status="PASS" signature="init()[pri:0, instance:ratajczak.artur.MorphClassTest@7225790e]" name="init" is-config="true" duration-ms="0" started-at="2016-01-16T15:55:45Z" finished-at="2016-01-16T15:55:45Z">
          <reporter-output>
          </reporter-output>
        </test-method> <!-- init -->
        <test-method status="PASS" signature="init()[pri:0, instance:ratajczak.artur.MorphClassTest@7225790e]" name="init" is-config="true" duration-ms="0" started-at="2016-01-16T15:55:45Z" finished-at="2016-01-16T15:55:45Z">
          <reporter-output>
          </reporter-output>
        </test-method> <!-- init -->
        <test-method status="PASS" signature="init()[pri:0, instance:ratajczak.artur.MorphClassTest@7225790e]" name="init" is-config="true" duration-ms="0" started-at="2016-01-16T15:55:45Z" finished-at="2016-01-16T15:55:45Z">
          <reporter-output>
          </reporter-output>
        </test-method> <!-- init -->
        <test-method status="PASS" signature="interfaceToAbstract(ratajczak.artur.SupportToCreateClass)[pri:0, instance:ratajczak.artur.MorphClassTest@7225790e]" name="interfaceToAbstract" duration-ms="0" started-at="2016-01-16T15:55:45Z" data-provider="Class" finished-at="2016-01-16T15:55:45Z">
          <params>
            <param index="0">
              <value>
                <![CDATA[ratajczak.artur.SupportToCreateClass@61d47554]]>
              </value>
            </param>
          </params>
          <reporter-output>
          </reporter-output>
        </test-method> <!-- interfaceToAbstract -->
        <test-method status="PASS" signature="init()[pri:0, instance:ratajczak.artur.MorphClassTest@7225790e]" name="init" is-config="true" duration-ms="0" started-at="2016-01-16T15:55:45Z" finished-at="2016-01-16T15:55:45Z">
          <reporter-output>
          </reporter-output>
        </test-method> <!-- init -->
        <test-method status="PASS" signature="interfaceToAbstract(ratajczak.artur.SupportToCreateClass)[pri:0, instance:ratajczak.artur.MorphClassTest@7225790e]" name="interfaceToAbstract" duration-ms="0" started-at="2016-01-16T15:55:45Z" data-provider="Class" finished-at="2016-01-16T15:55:45Z">
          <params>
            <param index="0">
              <value>
                <![CDATA[ratajczak.artur.SupportToCreateClass@58134517]]>
              </value>
            </param>
          </params>
          <reporter-output>
          </reporter-output>
        </test-method> <!-- interfaceToAbstract -->
        <test-method status="PASS" signature="interfaceToClass(ratajczak.artur.SupportToCreateClass)[pri:0, instance:ratajczak.artur.MorphClassTest@7225790e]" name="interfaceToClass" duration-ms="16" started-at="2016-01-16T15:55:45Z" data-provider="Class" finished-at="2016-01-16T15:55:45Z">
          <params>
            <param index="0">
              <value>
                <![CDATA[ratajczak.artur.SupportToCreateClass@6b53e23f]]>
              </value>
            </param>
          </params>
          <reporter-output>
          </reporter-output>
        </test-method> <!-- interfaceToClass -->
        <test-method status="PASS" signature="init()[pri:0, instance:ratajczak.artur.MorphClassTest@7225790e]" name="init" is-config="true" duration-ms="0" started-at="2016-01-16T15:55:45Z" finished-at="2016-01-16T15:55:45Z">
          <reporter-output>
          </reporter-output>
        </test-method> <!-- init -->
        <test-method status="PASS" signature="init()[pri:0, instance:ratajczak.artur.MorphClassTest@7225790e]" name="init" is-config="true" duration-ms="0" started-at="2016-01-16T15:55:45Z" finished-at="2016-01-16T15:55:45Z">
          <reporter-output>
          </reporter-output>
        </test-method> <!-- init -->
        <test-method status="PASS" signature="interfaceToAbstract(ratajczak.artur.SupportToCreateClass)[pri:0, instance:ratajczak.artur.MorphClassTest@7225790e]" name="interfaceToAbstract" duration-ms="0" started-at="2016-01-16T15:55:45Z" data-provider="Class" finished-at="2016-01-16T15:55:45Z">
          <params>
            <param index="0">
              <value>
                <![CDATA[ratajczak.artur.SupportToCreateClass@38364841]]>
              </value>
            </param>
          </params>
          <reporter-output>
          </reporter-output>
        </test-method> <!-- interfaceToAbstract -->
        <test-method status="PASS" signature="init()[pri:0, instance:ratajczak.artur.MorphClassTest@7225790e]" name="init" is-config="true" duration-ms="0" started-at="2016-01-16T15:55:45Z" finished-at="2016-01-16T15:55:45Z">
          <reporter-output>
          </reporter-output>
        </test-method> <!-- init -->
        <test-method status="PASS" signature="interfaceToAbstract(ratajczak.artur.SupportToCreateClass)[pri:0, instance:ratajczak.artur.MorphClassTest@7225790e]" name="interfaceToAbstract" duration-ms="0" started-at="2016-01-16T15:55:45Z" data-provider="Class" finished-at="2016-01-16T15:55:45Z">
          <params>
            <param index="0">
              <value>
                <![CDATA[ratajczak.artur.SupportToCreateClass@77be656f]]>
              </value>
            </param>
          </params>
          <reporter-output>
          </reporter-output>
        </test-method> <!-- interfaceToAbstract -->
        <test-method status="PASS" signature="interfaceToAbstract(ratajczak.artur.SupportToCreateClass)[pri:0, instance:ratajczak.artur.MorphClassTest@7225790e]" name="interfaceToAbstract" duration-ms="0" started-at="2016-01-16T15:55:45Z" data-provider="Class" finished-at="2016-01-16T15:55:45Z">
          <params>
            <param index="0">
              <value>
                <![CDATA[ratajczak.artur.SupportToCreateClass@70b0b186]]>
              </value>
            </param>
          </params>
          <reporter-output>
          </reporter-output>
        </test-method> <!-- interfaceToAbstract -->
        <test-method status="PASS" signature="init()[pri:0, instance:ratajczak.artur.MorphClassTest@7225790e]" name="init" is-config="true" duration-ms="0" started-at="2016-01-16T15:55:45Z" finished-at="2016-01-16T15:55:45Z">
          <reporter-output>
          </reporter-output>
        </test-method> <!-- init -->
        <test-method status="PASS" signature="init()[pri:0, instance:ratajczak.artur.MorphClassTest@7225790e]" name="init" is-config="true" duration-ms="0" started-at="2016-01-16T15:55:45Z" finished-at="2016-01-16T15:55:45Z">
          <reporter-output>
          </reporter-output>
        </test-method> <!-- init -->
        <test-method status="PASS" signature="interfaceToClass(ratajczak.artur.SupportToCreateClass)[pri:0, instance:ratajczak.artur.MorphClassTest@7225790e]" name="interfaceToClass" duration-ms="0" started-at="2016-01-16T15:55:45Z" data-provider="Class" finished-at="2016-01-16T15:55:45Z">
          <params>
            <param index="0">
              <value>
                <![CDATA[ratajczak.artur.SupportToCreateClass@5ea434c8]]>
              </value>
            </param>
          </params>
          <reporter-output>
          </reporter-output>
        </test-method> <!-- interfaceToClass -->
        <test-method status="PASS" signature="interfaceToClass(ratajczak.artur.SupportToCreateClass)[pri:0, instance:ratajczak.artur.MorphClassTest@7225790e]" name="interfaceToClass" duration-ms="0" started-at="2016-01-16T15:55:45Z" data-provider="Class" finished-at="2016-01-16T15:55:45Z">
          <params>
            <param index="0">
              <value>
                <![CDATA[ratajczak.artur.SupportToCreateClass@15bb6bea]]>
              </value>
            </param>
          </params>
          <reporter-output>
          </reporter-output>
        </test-method> <!-- interfaceToClass -->
        <test-method status="PASS" signature="interfaceToClass(ratajczak.artur.SupportToCreateClass)[pri:0, instance:ratajczak.artur.MorphClassTest@7225790e]" name="interfaceToClass" duration-ms="0" started-at="2016-01-16T15:55:45Z" data-provider="Class" finished-at="2016-01-16T15:55:45Z">
          <params>
            <param index="0">
              <value>
                <![CDATA[ratajczak.artur.SupportToCreateClass@6ee12bac]]>
              </value>
            </param>
          </params>
          <reporter-output>
          </reporter-output>
        </test-method> <!-- interfaceToClass -->
        <test-method status="PASS" signature="interfaceToClass(ratajczak.artur.SupportToCreateClass)[pri:0, instance:ratajczak.artur.MorphClassTest@7225790e]" name="interfaceToClass" duration-ms="0" started-at="2016-01-16T15:55:45Z" data-provider="Class" finished-at="2016-01-16T15:55:45Z">
          <params>
            <param index="0">
              <value>
                <![CDATA[ratajczak.artur.SupportToCreateClass@4d826d77]]>
              </value>
            </param>
          </params>
          <reporter-output>
          </reporter-output>
        </test-method> <!-- interfaceToClass -->
        <test-method status="PASS" signature="interfaceToClass(ratajczak.artur.SupportToCreateClass)[pri:0, instance:ratajczak.artur.MorphClassTest@7225790e]" name="interfaceToClass" duration-ms="0" started-at="2016-01-16T15:55:45Z" data-provider="Class" finished-at="2016-01-16T15:55:45Z">
          <params>
            <param index="0">
              <value>
                <![CDATA[ratajczak.artur.SupportToCreateClass@18a70f16]]>
              </value>
            </param>
          </params>
          <reporter-output>
          </reporter-output>
        </test-method> <!-- interfaceToClass -->
        <test-method status="PASS" signature="init()[pri:0, instance:ratajczak.artur.MorphClassTest@7225790e]" name="init" is-config="true" duration-ms="0" started-at="2016-01-16T15:55:45Z" finished-at="2016-01-16T15:55:45Z">
          <reporter-output>
          </reporter-output>
        </test-method> <!-- init -->
        <test-method status="PASS" signature="init()[pri:0, instance:ratajczak.artur.MorphClassTest@7225790e]" name="init" is-config="true" duration-ms="0" started-at="2016-01-16T15:55:45Z" finished-at="2016-01-16T15:55:45Z">
          <reporter-output>
          </reporter-output>
        </test-method> <!-- init -->
        <test-method status="PASS" signature="init()[pri:0, instance:ratajczak.artur.MorphClassTest@7225790e]" name="init" is-config="true" duration-ms="0" started-at="2016-01-16T15:55:45Z" finished-at="2016-01-16T15:55:45Z">
          <reporter-output>
          </reporter-output>
        </test-method> <!-- init -->
        <test-method status="PASS" signature="init()[pri:0, instance:ratajczak.artur.MorphClassTest@7225790e]" name="init" is-config="true" duration-ms="0" started-at="2016-01-16T15:55:45Z" finished-at="2016-01-16T15:55:45Z">
          <reporter-output>
          </reporter-output>
        </test-method> <!-- init -->
        <test-method status="PASS" signature="init()[pri:0, instance:ratajczak.artur.MorphClassTest@7225790e]" name="init" is-config="true" duration-ms="0" started-at="2016-01-16T15:55:45Z" finished-at="2016-01-16T15:55:45Z">
          <reporter-output>
          </reporter-output>
        </test-method> <!-- init -->
        <test-method status="PASS" signature="redrawTest()[pri:0, instance:ratajczak.artur.MorphClassTest@7225790e]" name="redrawTest" duration-ms="0" started-at="2016-01-16T15:55:45Z" finished-at="2016-01-16T15:55:45Z">
          <reporter-output>
          </reporter-output>
        </test-method> <!-- redrawTest -->
        <test-method status="PASS" signature="interfaceToClass(ratajczak.artur.SupportToCreateClass)[pri:0, instance:ratajczak.artur.MorphClassTest@7225790e]" name="interfaceToClass" duration-ms="0" started-at="2016-01-16T15:55:45Z" data-provider="Class" finished-at="2016-01-16T15:55:45Z">
          <params>
            <param index="0">
              <value>
                <![CDATA[ratajczak.artur.SupportToCreateClass@35083305]]>
              </value>
            </param>
          </params>
          <reporter-output>
          </reporter-output>
        </test-method> <!-- interfaceToClass -->
        <test-method status="PASS" signature="init()[pri:0, instance:ratajczak.artur.MorphClassTest@7225790e]" name="init" is-config="true" duration-ms="0" started-at="2016-01-16T15:55:45Z" finished-at="2016-01-16T15:55:45Z">
          <reporter-output>
          </reporter-output>
        </test-method> <!-- init -->
        <test-method status="PASS" signature="init()[pri:0, instance:ratajczak.artur.MorphClassTest@7225790e]" name="init" is-config="true" duration-ms="0" started-at="2016-01-16T15:55:45Z" finished-at="2016-01-16T15:55:45Z">
          <reporter-output>
          </reporter-output>
        </test-method> <!-- init -->
        <test-method status="PASS" signature="interfaceToClass(ratajczak.artur.SupportToCreateClass)[pri:0, instance:ratajczak.artur.MorphClassTest@7225790e]" name="interfaceToClass" duration-ms="0" started-at="2016-01-16T15:55:45Z" data-provider="Class" finished-at="2016-01-16T15:55:45Z">
          <params>
            <param index="0">
              <value>
                <![CDATA[ratajczak.artur.SupportToCreateClass@123f1134]]>
              </value>
            </param>
          </params>
          <reporter-output>
          </reporter-output>
        </test-method> <!-- interfaceToClass -->
        <test-method status="PASS" signature="interfaceToClass(ratajczak.artur.SupportToCreateClass)[pri:0, instance:ratajczak.artur.MorphClassTest@7225790e]" name="interfaceToClass" duration-ms="0" started-at="2016-01-16T15:55:45Z" data-provider="Class" finished-at="2016-01-16T15:55:45Z">
          <params>
            <param index="0">
              <value>
                <![CDATA[ratajczak.artur.SupportToCreateClass@55ca8de8]]>
              </value>
            </param>
          </params>
          <reporter-output>
          </reporter-output>
        </test-method> <!-- interfaceToClass -->
        <test-method status="PASS" signature="init()[pri:0, instance:ratajczak.artur.MorphClassTest@7225790e]" name="init" is-config="true" duration-ms="0" started-at="2016-01-16T15:55:45Z" finished-at="2016-01-16T15:55:45Z">
          <reporter-output>
          </reporter-output>
        </test-method> <!-- init -->
      </class> <!-- ratajczak.artur.MorphClassTest -->
    </test> <!-- MorphClass -->
    <test name="MorphEditor" duration-ms="16" started-at="2016-01-16T14:55:45Z" finished-at="2016-01-16T14:55:45Z">
      <class name="ratajczak.artur.MorphEditorTest">
        <test-method status="PASS" signature="testEditorValueAndName(java.lang.String, com.horstmann.violet.product.diagram.abstracts.property.Morph)[pri:0, instance:ratajczak.artur.MorphEditorTest@2c9f9fb0]" name="testEditorValueAndName" duration-ms="0" started-at="2016-01-16T15:55:45Z" data-provider="EditorTest" finished-at="2016-01-16T15:55:45Z">
          <params>
            <param index="0">
              <value>
                <![CDATA[to Interface]]>
              </value>
            </param>
            <param index="1">
              <value>
                <![CDATA[com.horstmann.violet.product.diagram.abstracts.property.Morph.TOINTERFACE]]>
              </value>
            </param>
          </params>
          <reporter-output>
          </reporter-output>
        </test-method> <!-- testEditorValueAndName -->
        <test-method status="PASS" signature="testEditorValueAndName(java.lang.String, com.horstmann.violet.product.diagram.abstracts.property.Morph)[pri:0, instance:ratajczak.artur.MorphEditorTest@2c9f9fb0]" name="testEditorValueAndName" duration-ms="16" started-at="2016-01-16T15:55:45Z" data-provider="EditorTest" finished-at="2016-01-16T15:55:45Z">
          <params>
            <param index="0">
              <value>
                <![CDATA[to Class]]>
              </value>
            </param>
            <param index="1">
              <value>
                <![CDATA[com.horstmann.violet.product.diagram.abstracts.property.Morph.TOCLASS]]>
              </value>
            </param>
          </params>
          <reporter-output>
          </reporter-output>
        </test-method> <!-- testEditorValueAndName -->
        <test-method status="PASS" signature="testEditorValueAndName(java.lang.String, com.horstmann.violet.product.diagram.abstracts.property.Morph)[pri:0, instance:ratajczak.artur.MorphEditorTest@2c9f9fb0]" name="testEditorValueAndName" duration-ms="0" started-at="2016-01-16T15:55:45Z" data-provider="EditorTest" finished-at="2016-01-16T15:55:45Z">
          <params>
            <param index="0">
              <value>
                <![CDATA[to Abstract Class]]>
              </value>
            </param>
            <param index="1">
              <value>
                <![CDATA[com.horstmann.violet.product.diagram.abstracts.property.Morph.ABSTRACT]]>
              </value>
            </param>
          </params>
          <reporter-output>
          </reporter-output>
        </test-method> <!-- testEditorValueAndName -->
      </class> <!-- ratajczak.artur.MorphEditorTest -->
    </test> <!-- MorphEditor -->
  </suite> <!-- Suite1 -->
</testng-results>
