<?xml version="1.0" encoding="UTF-8"?>
<testng-results skipped="0" failed="0" total="75" passed="75">
  <reporter-output>
  </reporter-output>
  <suite name="violet-framework by packages" duration-ms="1187" started-at="2016-01-06T12:52:43Z" finished-at="2016-01-06T12:52:44Z">
    <groups>
    </groups>
    <test name="ratajczak.artur" duration-ms="1187" started-at="2016-01-06T12:52:43Z" finished-at="2016-01-06T12:52:44Z">
      <class name="ratajczak.artur.MorphEditorTest">
        <test-method status="PASS" signature="testEditorValueAndName(java.lang.String, com.horstmann.violet.product.diagram.abstracts.property.Morph)[pri:0, instance:ratajczak.artur.MorphEditorTest@394df057]" name="testEditorValueAndName" duration-ms="0" started-at="2016-01-06T13:52:44Z" data-provider="EditorTest" finished-at="2016-01-06T13:52:44Z">
          <params>
            <param index="0">
              <value>
                <![CDATA[to Interface]]>
              </value>
            </param>
            <param index="1">
              <value>
                <![CDATA[com.horstmann.violet.product.diagram.abstracts.property.Morph.TOINTERFACE]]>
              </value>
            </param>
          </params>
          <reporter-output>
          </reporter-output>
        </test-method> <!-- testEditorValueAndName -->
        <test-method status="PASS" signature="testEditorValueAndName(java.lang.String, com.horstmann.violet.product.diagram.abstracts.property.Morph)[pri:0, instance:ratajczak.artur.MorphEditorTest@394df057]" name="testEditorValueAndName" duration-ms="0" started-at="2016-01-06T13:52:44Z" data-provider="EditorTest" finished-at="2016-01-06T13:52:44Z">
          <params>
            <param index="0">
              <value>
                <![CDATA[to Abstract Class]]>
              </value>
            </param>
            <param index="1">
              <value>
                <![CDATA[com.horstmann.violet.product.diagram.abstracts.property.Morph.ABSTRACT]]>
              </value>
            </param>
          </params>
          <reporter-output>
          </reporter-output>
        </test-method> <!-- testEditorValueAndName -->
        <test-method status="PASS" signature="testEditorValueAndName(java.lang.String, com.horstmann.violet.product.diagram.abstracts.property.Morph)[pri:0, instance:ratajczak.artur.MorphEditorTest@394df057]" name="testEditorValueAndName" duration-ms="0" started-at="2016-01-06T13:52:44Z" data-provider="EditorTest" finished-at="2016-01-06T13:52:44Z">
          <params>
            <param index="0">
              <value>
                <![CDATA[to Class]]>
              </value>
            </param>
            <param index="1">
              <value>
                <![CDATA[com.horstmann.violet.product.diagram.abstracts.property.Morph.TOCLASS]]>
              </value>
            </param>
          </params>
          <reporter-output>
          </reporter-output>
        </test-method> <!-- testEditorValueAndName -->
      </class> <!-- ratajczak.artur.MorphEditorTest -->
      <class name="ratajczak.artur.ClassNodeMorphTest">
        <test-method status="PASS" signature="morphStartValueTest(com.horstmann.violet.product.diagram.abstracts.property.Morph, boolean)[pri:0, instance:ratajczak.artur.ClassNodeMorphTest@609cd4d8]" name="morphStartValueTest" duration-ms="0" started-at="2016-01-06T13:52:43Z" data-provider="Morph2" finished-at="2016-01-06T13:52:43Z">
          <params>
            <param index="0">
              <value>
                <![CDATA[com.horstmann.violet.product.diagram.abstracts.property.Morph.TOCLASS]]>
              </value>
            </param>
            <param index="1">
              <value>
                <![CDATA[true]]>
              </value>
            </param>
          </params>
          <reporter-output>
          </reporter-output>
        </test-method> <!-- morphStartValueTest -->
        <test-method status="PASS" signature="init()[pri:0, instance:ratajczak.artur.ClassNodeMorphTest@609cd4d8]" name="init" is-config="true" duration-ms="0" started-at="2016-01-06T13:52:43Z" finished-at="2016-01-06T13:52:43Z">
          <reporter-output>
          </reporter-output>
        </test-method> <!-- init -->
        <test-method status="PASS" signature="init()[pri:0, instance:ratajczak.artur.ClassNodeMorphTest@609cd4d8]" name="init" is-config="true" duration-ms="0" started-at="2016-01-06T13:52:43Z" finished-at="2016-01-06T13:52:43Z">
          <reporter-output>
          </reporter-output>
        </test-method> <!-- init -->
        <test-method status="PASS" signature="morphStartValueTest(com.horstmann.violet.product.diagram.abstracts.property.Morph, boolean)[pri:0, instance:ratajczak.artur.ClassNodeMorphTest@609cd4d8]" name="morphStartValueTest" duration-ms="0" started-at="2016-01-06T13:52:43Z" data-provider="Morph2" finished-at="2016-01-06T13:52:43Z">
          <params>
            <param index="0">
              <value>
                <![CDATA[com.horstmann.violet.product.diagram.abstracts.property.Morph.TOINTERFACE]]>
              </value>
            </param>
            <param index="1">
              <value>
                <![CDATA[false]]>
              </value>
            </param>
          </params>
          <reporter-output>
          </reporter-output>
        </test-method> <!-- morphStartValueTest -->
        <test-method status="PASS" signature="morphStartValueTest(com.horstmann.violet.product.diagram.abstracts.property.Morph, boolean)[pri:0, instance:ratajczak.artur.ClassNodeMorphTest@609cd4d8]" name="morphStartValueTest" duration-ms="15" started-at="2016-01-06T13:52:43Z" data-provider="Morph2" finished-at="2016-01-06T13:52:43Z">
          <params>
            <param index="0">
              <value>
                <![CDATA[com.horstmann.violet.product.diagram.abstracts.property.Morph.ABSTRACT]]>
              </value>
            </param>
            <param index="1">
              <value>
                <![CDATA[false]]>
              </value>
            </param>
          </params>
          <reporter-output>
          </reporter-output>
        </test-method> <!-- morphStartValueTest -->
        <test-method status="PASS" signature="init()[pri:0, instance:ratajczak.artur.ClassNodeMorphTest@609cd4d8]" name="init" is-config="true" duration-ms="0" started-at="2016-01-06T13:52:43Z" finished-at="2016-01-06T13:52:43Z">
          <reporter-output>
          </reporter-output>
        </test-method> <!-- init -->
      </class> <!-- ratajczak.artur.ClassNodeMorphTest -->
      <class name="ratajczak.artur.InterfaceNodeMorphTest">
        <test-method status="PASS" signature="init()[pri:0, instance:ratajczak.artur.InterfaceNodeMorphTest@17f7cd29]" name="init" is-config="true" duration-ms="0" started-at="2016-01-06T13:52:43Z" finished-at="2016-01-06T13:52:43Z">
          <reporter-output>
          </reporter-output>
        </test-method> <!-- init -->
        <test-method status="PASS" signature="morphStartValueTest(com.horstmann.violet.product.diagram.abstracts.property.Morph, boolean)[pri:0, instance:ratajczak.artur.InterfaceNodeMorphTest@17f7cd29]" name="morphStartValueTest" duration-ms="0" started-at="2016-01-06T13:52:43Z" data-provider="Morph3" finished-at="2016-01-06T13:52:43Z">
          <params>
            <param index="0">
              <value>
                <![CDATA[com.horstmann.violet.product.diagram.abstracts.property.Morph.TOCLASS]]>
              </value>
            </param>
            <param index="1">
              <value>
                <![CDATA[false]]>
              </value>
            </param>
          </params>
          <reporter-output>
          </reporter-output>
        </test-method> <!-- morphStartValueTest -->
        <test-method status="PASS" signature="init()[pri:0, instance:ratajczak.artur.InterfaceNodeMorphTest@17f7cd29]" name="init" is-config="true" duration-ms="0" started-at="2016-01-06T13:52:43Z" finished-at="2016-01-06T13:52:43Z">
          <reporter-output>
          </reporter-output>
        </test-method> <!-- init -->
        <test-method status="PASS" signature="morphStartValueTest(com.horstmann.violet.product.diagram.abstracts.property.Morph, boolean)[pri:0, instance:ratajczak.artur.InterfaceNodeMorphTest@17f7cd29]" name="morphStartValueTest" duration-ms="0" started-at="2016-01-06T13:52:43Z" data-provider="Morph3" finished-at="2016-01-06T13:52:43Z">
          <params>
            <param index="0">
              <value>
                <![CDATA[com.horstmann.violet.product.diagram.abstracts.property.Morph.TOINTERFACE]]>
              </value>
            </param>
            <param index="1">
              <value>
                <![CDATA[true]]>
              </value>
            </param>
          </params>
          <reporter-output>
          </reporter-output>
        </test-method> <!-- morphStartValueTest -->
        <test-method status="PASS" signature="init()[pri:0, instance:ratajczak.artur.InterfaceNodeMorphTest@17f7cd29]" name="init" is-config="true" duration-ms="0" started-at="2016-01-06T13:52:43Z" finished-at="2016-01-06T13:52:43Z">
          <reporter-output>
          </reporter-output>
        </test-method> <!-- init -->
        <test-method status="PASS" signature="morphStartValueTest(com.horstmann.violet.product.diagram.abstracts.property.Morph, boolean)[pri:0, instance:ratajczak.artur.InterfaceNodeMorphTest@17f7cd29]" name="morphStartValueTest" duration-ms="0" started-at="2016-01-06T13:52:43Z" data-provider="Morph3" finished-at="2016-01-06T13:52:43Z">
          <params>
            <param index="0">
              <value>
                <![CDATA[com.horstmann.violet.product.diagram.abstracts.property.Morph.ABSTRACT]]>
              </value>
            </param>
            <param index="1">
              <value>
                <![CDATA[false]]>
              </value>
            </param>
          </params>
          <reporter-output>
          </reporter-output>
        </test-method> <!-- morphStartValueTest -->
      </class> <!-- ratajczak.artur.InterfaceNodeMorphTest -->
      <class name="ratajczak.artur.AbstractNodeMorphTest">
        <test-method status="PASS" signature="init()[pri:0, instance:ratajczak.artur.AbstractNodeMorphTest@24aed80c]" name="init" is-config="true" duration-ms="16" started-at="2016-01-06T13:52:43Z" finished-at="2016-01-06T13:52:43Z">
          <reporter-output>
          </reporter-output>
        </test-method> <!-- init -->
        <test-method status="PASS" signature="boundsWithSomeText(java.lang.String)[pri:0, instance:ratajczak.artur.AbstractNodeMorphTest@24aed80c]" name="boundsWithSomeText" duration-ms="172" started-at="2016-01-06T13:52:43Z" data-provider="BoundsText" finished-at="2016-01-06T13:52:43Z">
          <params>
            <param index="0">
              <value>
                <![CDATA[przyklad]]>
              </value>
            </param>
          </params>
          <reporter-output>
          </reporter-output>
        </test-method> <!-- boundsWithSomeText -->
        <test-method status="PASS" signature="boundsWithSomeText(java.lang.String)[pri:0, instance:ratajczak.artur.AbstractNodeMorphTest@24aed80c]" name="boundsWithSomeText" duration-ms="0" started-at="2016-01-06T13:52:43Z" data-provider="BoundsText" finished-at="2016-01-06T13:52:43Z">
          <params>
            <param index="0">
              <value>
                <![CDATA[zienna dlugosc]]>
              </value>
            </param>
          </params>
          <reporter-output>
          </reporter-output>
        </test-method> <!-- boundsWithSomeText -->
        <test-method status="PASS" signature="init()[pri:0, instance:ratajczak.artur.AbstractNodeMorphTest@24aed80c]" name="init" is-config="true" duration-ms="0" started-at="2016-01-06T13:52:43Z" finished-at="2016-01-06T13:52:43Z">
          <reporter-output>
          </reporter-output>
        </test-method> <!-- init -->
        <test-method status="PASS" signature="boundsWithSomeText(java.lang.String)[pri:0, instance:ratajczak.artur.AbstractNodeMorphTest@24aed80c]" name="boundsWithSomeText" duration-ms="15" started-at="2016-01-06T13:52:43Z" data-provider="BoundsText" finished-at="2016-01-06T13:52:43Z">
          <params>
            <param index="0">
              <value>
                <![CDATA[nowe znaczenie]]>
              </value>
            </param>
          </params>
          <reporter-output>
          </reporter-output>
        </test-method> <!-- boundsWithSomeText -->
        <test-method status="PASS" signature="init()[pri:0, instance:ratajczak.artur.AbstractNodeMorphTest@24aed80c]" name="init" is-config="true" duration-ms="0" started-at="2016-01-06T13:52:43Z" finished-at="2016-01-06T13:52:43Z">
          <reporter-output>
          </reporter-output>
        </test-method> <!-- init -->
        <test-method status="PASS" signature="boundsWithSomeText(java.lang.String)[pri:0, instance:ratajczak.artur.AbstractNodeMorphTest@24aed80c]" name="boundsWithSomeText" duration-ms="16" started-at="2016-01-06T13:52:43Z" data-provider="BoundsText" finished-at="2016-01-06T13:52:43Z">
          <params>
            <param index="0">
              <value>
                <![CDATA[]]>
              </value>
            </param>
          </params>
          <reporter-output>
          </reporter-output>
        </test-method> <!-- boundsWithSomeText -->
        <test-method status="PASS" signature="init()[pri:0, instance:ratajczak.artur.AbstractNodeMorphTest@24aed80c]" name="init" is-config="true" duration-ms="0" started-at="2016-01-06T13:52:43Z" finished-at="2016-01-06T13:52:43Z">
          <reporter-output>
          </reporter-output>
        </test-method> <!-- init -->
        <test-method status="PASS" signature="init()[pri:0, instance:ratajczak.artur.AbstractNodeMorphTest@24aed80c]" name="init" is-config="true" duration-ms="0" started-at="2016-01-06T13:52:43Z" finished-at="2016-01-06T13:52:43Z">
          <reporter-output>
          </reporter-output>
        </test-method> <!-- init -->
        <test-method status="PASS" signature="boundsWithSomeText(java.lang.String)[pri:0, instance:ratajczak.artur.AbstractNodeMorphTest@24aed80c]" name="boundsWithSomeText" duration-ms="16" started-at="2016-01-06T13:52:43Z" data-provider="BoundsText" finished-at="2016-01-06T13:52:43Z">
          <params>
            <param index="0">
              <value>
                <![CDATA[A co mi tam]]>
              </value>
            </param>
          </params>
          <reporter-output>
          </reporter-output>
        </test-method> <!-- boundsWithSomeText -->
        <test-method status="PASS" signature="cloneTest()[pri:0, instance:ratajczak.artur.AbstractNodeMorphTest@24aed80c]" name="cloneTest" duration-ms="0" started-at="2016-01-06T13:52:43Z" finished-at="2016-01-06T13:52:43Z">
          <reporter-output>
          </reporter-output>
        </test-method> <!-- cloneTest -->
        <test-method status="PASS" signature="init()[pri:0, instance:ratajczak.artur.AbstractNodeMorphTest@24aed80c]" name="init" is-config="true" duration-ms="0" started-at="2016-01-06T13:52:43Z" finished-at="2016-01-06T13:52:43Z">
          <reporter-output>
          </reporter-output>
        </test-method> <!-- init -->
        <test-method status="PASS" signature="init()[pri:0, instance:ratajczak.artur.AbstractNodeMorphTest@24aed80c]" name="init" is-config="true" duration-ms="0" started-at="2016-01-06T13:52:43Z" finished-at="2016-01-06T13:52:43Z">
          <reporter-output>
          </reporter-output>
        </test-method> <!-- init -->
        <test-method status="PASS" signature="init()[pri:0, instance:ratajczak.artur.AbstractNodeMorphTest@24aed80c]" name="init" is-config="true" duration-ms="0" started-at="2016-01-06T13:52:43Z" finished-at="2016-01-06T13:52:43Z">
          <reporter-output>
          </reporter-output>
        </test-method> <!-- init -->
        <test-method status="PASS" signature="constructionTest()[pri:0, instance:ratajczak.artur.AbstractNodeMorphTest@24aed80c]" name="constructionTest" duration-ms="0" started-at="2016-01-06T13:52:43Z" finished-at="2016-01-06T13:52:43Z">
          <reporter-output>
          </reporter-output>
        </test-method> <!-- constructionTest -->
        <test-method status="PASS" signature="morphValuTest(com.horstmann.violet.product.diagram.abstracts.property.Morph, boolean)[pri:0, instance:ratajczak.artur.AbstractNodeMorphTest@24aed80c]" name="morphValuTest" duration-ms="0" started-at="2016-01-06T13:52:43Z" data-provider="Morph" finished-at="2016-01-06T13:52:43Z">
          <params>
            <param index="0">
              <value>
                <![CDATA[com.horstmann.violet.product.diagram.abstracts.property.Morph.TOCLASS]]>
              </value>
            </param>
            <param index="1">
              <value>
                <![CDATA[false]]>
              </value>
            </param>
          </params>
          <reporter-output>
          </reporter-output>
        </test-method> <!-- morphValuTest -->
        <test-method status="PASS" signature="init()[pri:0, instance:ratajczak.artur.AbstractNodeMorphTest@24aed80c]" name="init" is-config="true" duration-ms="16" started-at="2016-01-06T13:52:43Z" finished-at="2016-01-06T13:52:43Z">
          <reporter-output>
          </reporter-output>
        </test-method> <!-- init -->
        <test-method status="PASS" signature="init()[pri:0, instance:ratajczak.artur.AbstractNodeMorphTest@24aed80c]" name="init" is-config="true" duration-ms="0" started-at="2016-01-06T13:52:43Z" finished-at="2016-01-06T13:52:43Z">
          <reporter-output>
          </reporter-output>
        </test-method> <!-- init -->
        <test-method status="PASS" signature="morphValuTest(com.horstmann.violet.product.diagram.abstracts.property.Morph, boolean)[pri:0, instance:ratajczak.artur.AbstractNodeMorphTest@24aed80c]" name="morphValuTest" duration-ms="0" started-at="2016-01-06T13:52:43Z" data-provider="Morph" finished-at="2016-01-06T13:52:43Z">
          <params>
            <param index="0">
              <value>
                <![CDATA[com.horstmann.violet.product.diagram.abstracts.property.Morph.TOINTERFACE]]>
              </value>
            </param>
            <param index="1">
              <value>
                <![CDATA[false]]>
              </value>
            </param>
          </params>
          <reporter-output>
          </reporter-output>
        </test-method> <!-- morphValuTest -->
        <test-method status="PASS" signature="nameIsLargeAndJustyfy()[pri:0, instance:ratajczak.artur.AbstractNodeMorphTest@24aed80c]" name="nameIsLargeAndJustyfy" duration-ms="15" started-at="2016-01-06T13:52:43Z" finished-at="2016-01-06T13:52:43Z">
          <reporter-output>
          </reporter-output>
        </test-method> <!-- nameIsLargeAndJustyfy -->
        <test-method status="PASS" signature="init()[pri:0, instance:ratajczak.artur.AbstractNodeMorphTest@24aed80c]" name="init" is-config="true" duration-ms="0" started-at="2016-01-06T13:52:43Z" finished-at="2016-01-06T13:52:43Z">
          <reporter-output>
          </reporter-output>
        </test-method> <!-- init -->
        <test-method status="PASS" signature="morphValuTest(com.horstmann.violet.product.diagram.abstracts.property.Morph, boolean)[pri:0, instance:ratajczak.artur.AbstractNodeMorphTest@24aed80c]" name="morphValuTest" duration-ms="0" started-at="2016-01-06T13:52:43Z" data-provider="Morph" finished-at="2016-01-06T13:52:43Z">
          <params>
            <param index="0">
              <value>
                <![CDATA[com.horstmann.violet.product.diagram.abstracts.property.Morph.ABSTRACT]]>
              </value>
            </param>
            <param index="1">
              <value>
                <![CDATA[true]]>
              </value>
            </param>
          </params>
          <reporter-output>
          </reporter-output>
        </test-method> <!-- morphValuTest -->
      </class> <!-- ratajczak.artur.AbstractNodeMorphTest -->
      <class name="ratajczak.artur.MorphClassTest">
        <test-method status="PASS" signature="init()[pri:0, instance:ratajczak.artur.MorphClassTest@71e9ddb4]" name="init" is-config="true" duration-ms="63" started-at="2016-01-06T13:52:43Z" finished-at="2016-01-06T13:52:44Z">
          <reporter-output>
          </reporter-output>
        </test-method> <!-- init -->
        <test-method status="PASS" signature="abstractToClass(ratajczak.artur.SupportToCreateClass)[pri:0, instance:ratajczak.artur.MorphClassTest@71e9ddb4]" name="abstractToClass" duration-ms="0" started-at="2016-01-06T13:52:44Z" data-provider="Class" finished-at="2016-01-06T13:52:44Z">
          <params>
            <param index="0">
              <value>
                <![CDATA[ratajczak.artur.SupportToCreateClass@1e6a3214]]>
              </value>
            </param>
          </params>
          <reporter-output>
          </reporter-output>
        </test-method> <!-- abstractToClass -->
        <test-method status="PASS" signature="abstractToClass(ratajczak.artur.SupportToCreateClass)[pri:0, instance:ratajczak.artur.MorphClassTest@71e9ddb4]" name="abstractToClass" duration-ms="16" started-at="2016-01-06T13:52:44Z" data-provider="Class" finished-at="2016-01-06T13:52:44Z">
          <params>
            <param index="0">
              <value>
                <![CDATA[ratajczak.artur.SupportToCreateClass@6d4d66d2]]>
              </value>
            </param>
          </params>
          <reporter-output>
          </reporter-output>
        </test-method> <!-- abstractToClass -->
        <test-method status="PASS" signature="init()[pri:0, instance:ratajczak.artur.MorphClassTest@71e9ddb4]" name="init" is-config="true" duration-ms="0" started-at="2016-01-06T13:52:44Z" finished-at="2016-01-06T13:52:44Z">
          <reporter-output>
          </reporter-output>
        </test-method> <!-- init -->
        <test-method status="PASS" signature="init()[pri:0, instance:ratajczak.artur.MorphClassTest@71e9ddb4]" name="init" is-config="true" duration-ms="0" started-at="2016-01-06T13:52:44Z" finished-at="2016-01-06T13:52:44Z">
          <reporter-output>
          </reporter-output>
        </test-method> <!-- init -->
        <test-method status="PASS" signature="abstractToClass(ratajczak.artur.SupportToCreateClass)[pri:0, instance:ratajczak.artur.MorphClassTest@71e9ddb4]" name="abstractToClass" duration-ms="0" started-at="2016-01-06T13:52:44Z" data-provider="Class" finished-at="2016-01-06T13:52:44Z">
          <params>
            <param index="0">
              <value>
                <![CDATA[ratajczak.artur.SupportToCreateClass@298a5e20]]>
              </value>
            </param>
          </params>
          <reporter-output>
          </reporter-output>
        </test-method> <!-- abstractToClass -->
        <test-method status="PASS" signature="abstractToClass(ratajczak.artur.SupportToCreateClass)[pri:0, instance:ratajczak.artur.MorphClassTest@71e9ddb4]" name="abstractToClass" duration-ms="16" started-at="2016-01-06T13:52:44Z" data-provider="Class" finished-at="2016-01-06T13:52:44Z">
          <params>
            <param index="0">
              <value>
                <![CDATA[ratajczak.artur.SupportToCreateClass@78e4deb0]]>
              </value>
            </param>
          </params>
          <reporter-output>
          </reporter-output>
        </test-method> <!-- abstractToClass -->
        <test-method status="PASS" signature="init()[pri:0, instance:ratajczak.artur.MorphClassTest@71e9ddb4]" name="init" is-config="true" duration-ms="0" started-at="2016-01-06T13:52:44Z" finished-at="2016-01-06T13:52:44Z">
          <reporter-output>
          </reporter-output>
        </test-method> <!-- init -->
        <test-method status="PASS" signature="init()[pri:0, instance:ratajczak.artur.MorphClassTest@71e9ddb4]" name="init" is-config="true" duration-ms="0" started-at="2016-01-06T13:52:44Z" finished-at="2016-01-06T13:52:44Z">
          <reporter-output>
          </reporter-output>
        </test-method> <!-- init -->
        <test-method status="PASS" signature="abstractToClass(ratajczak.artur.SupportToCreateClass)[pri:0, instance:ratajczak.artur.MorphClassTest@71e9ddb4]" name="abstractToClass" duration-ms="0" started-at="2016-01-06T13:52:44Z" data-provider="Class" finished-at="2016-01-06T13:52:44Z">
          <params>
            <param index="0">
              <value>
                <![CDATA[ratajczak.artur.SupportToCreateClass@173ed316]]>
              </value>
            </param>
          </params>
          <reporter-output>
          </reporter-output>
        </test-method> <!-- abstractToClass -->
        <test-method status="PASS" signature="init()[pri:0, instance:ratajczak.artur.MorphClassTest@71e9ddb4]" name="init" is-config="true" duration-ms="0" started-at="2016-01-06T13:52:44Z" finished-at="2016-01-06T13:52:44Z">
          <reporter-output>
          </reporter-output>
        </test-method> <!-- init -->
        <test-method status="PASS" signature="init()[pri:0, instance:ratajczak.artur.MorphClassTest@71e9ddb4]" name="init" is-config="true" duration-ms="0" started-at="2016-01-06T13:52:44Z" finished-at="2016-01-06T13:52:44Z">
          <reporter-output>
          </reporter-output>
        </test-method> <!-- init -->
        <test-method status="PASS" signature="abstractToClass(ratajczak.artur.SupportToCreateClass)[pri:0, instance:ratajczak.artur.MorphClassTest@71e9ddb4]" name="abstractToClass" duration-ms="16" started-at="2016-01-06T13:52:44Z" data-provider="Class" finished-at="2016-01-06T13:52:44Z">
          <params>
            <param index="0">
              <value>
                <![CDATA[ratajczak.artur.SupportToCreateClass@2034b64c]]>
              </value>
            </param>
          </params>
          <reporter-output>
          </reporter-output>
        </test-method> <!-- abstractToClass -->
        <test-method status="PASS" signature="abstractToClass(ratajczak.artur.SupportToCreateClass)[pri:0, instance:ratajczak.artur.MorphClassTest@71e9ddb4]" name="abstractToClass" duration-ms="0" started-at="2016-01-06T13:52:44Z" data-provider="Class" finished-at="2016-01-06T13:52:44Z">
          <params>
            <param index="0">
              <value>
                <![CDATA[ratajczak.artur.SupportToCreateClass@563f38c4]]>
              </value>
            </param>
          </params>
          <reporter-output>
          </reporter-output>
        </test-method> <!-- abstractToClass -->
        <test-method status="PASS" signature="init()[pri:0, instance:ratajczak.artur.MorphClassTest@71e9ddb4]" name="init" is-config="true" duration-ms="0" started-at="2016-01-06T13:52:44Z" finished-at="2016-01-06T13:52:44Z">
          <reporter-output>
          </reporter-output>
        </test-method> <!-- init -->
        <test-method status="PASS" signature="abstractToClass(ratajczak.artur.SupportToCreateClass)[pri:0, instance:ratajczak.artur.MorphClassTest@71e9ddb4]" name="abstractToClass" duration-ms="16" started-at="2016-01-06T13:52:44Z" data-provider="Class" finished-at="2016-01-06T13:52:44Z">
          <params>
            <param index="0">
              <value>
                <![CDATA[ratajczak.artur.SupportToCreateClass@6bbe85a8]]>
              </value>
            </param>
          </params>
          <reporter-output>
          </reporter-output>
        </test-method> <!-- abstractToClass -->
        <test-method status="PASS" signature="abstractToClass(ratajczak.artur.SupportToCreateClass)[pri:0, instance:ratajczak.artur.MorphClassTest@71e9ddb4]" name="abstractToClass" duration-ms="0" started-at="2016-01-06T13:52:44Z" data-provider="Class" finished-at="2016-01-06T13:52:44Z">
          <params>
            <param index="0">
              <value>
                <![CDATA[ratajczak.artur.SupportToCreateClass@75437611]]>
              </value>
            </param>
          </params>
          <reporter-output>
          </reporter-output>
        </test-method> <!-- abstractToClass -->
        <test-method status="PASS" signature="init()[pri:0, instance:ratajczak.artur.MorphClassTest@71e9ddb4]" name="init" is-config="true" duration-ms="0" started-at="2016-01-06T13:52:44Z" finished-at="2016-01-06T13:52:44Z">
          <reporter-output>
          </reporter-output>
        </test-method> <!-- init -->
        <test-method status="PASS" signature="init()[pri:0, instance:ratajczak.artur.MorphClassTest@71e9ddb4]" name="init" is-config="true" duration-ms="0" started-at="2016-01-06T13:52:44Z" finished-at="2016-01-06T13:52:44Z">
          <reporter-output>
          </reporter-output>
        </test-method> <!-- init -->
        <test-method status="PASS" signature="abstractToINterface(ratajczak.artur.SupportToCreateClass)[pri:0, instance:ratajczak.artur.MorphClassTest@71e9ddb4]" name="abstractToINterface" duration-ms="0" started-at="2016-01-06T13:52:44Z" data-provider="Class" finished-at="2016-01-06T13:52:44Z">
          <params>
            <param index="0">
              <value>
                <![CDATA[ratajczak.artur.SupportToCreateClass@7f485fda]]>
              </value>
            </param>
          </params>
          <reporter-output>
          </reporter-output>
        </test-method> <!-- abstractToINterface -->
        <test-method status="PASS" signature="abstractToINterface(ratajczak.artur.SupportToCreateClass)[pri:0, instance:ratajczak.artur.MorphClassTest@71e9ddb4]" name="abstractToINterface" duration-ms="16" started-at="2016-01-06T13:52:44Z" data-provider="Class" finished-at="2016-01-06T13:52:44Z">
          <params>
            <param index="0">
              <value>
                <![CDATA[ratajczak.artur.SupportToCreateClass@909217e]]>
              </value>
            </param>
          </params>
          <reporter-output>
          </reporter-output>
        </test-method> <!-- abstractToINterface -->
        <test-method status="PASS" signature="init()[pri:0, instance:ratajczak.artur.MorphClassTest@71e9ddb4]" name="init" is-config="true" duration-ms="0" started-at="2016-01-06T13:52:44Z" finished-at="2016-01-06T13:52:44Z">
          <reporter-output>
          </reporter-output>
        </test-method> <!-- init -->
        <test-method status="PASS" signature="abstractToINterface(ratajczak.artur.SupportToCreateClass)[pri:0, instance:ratajczak.artur.MorphClassTest@71e9ddb4]" name="abstractToINterface" duration-ms="0" started-at="2016-01-06T13:52:44Z" data-provider="Class" finished-at="2016-01-06T13:52:44Z">
          <params>
            <param index="0">
              <value>
                <![CDATA[ratajczak.artur.SupportToCreateClass@645aa696]]>
              </value>
            </param>
          </params>
          <reporter-output>
          </reporter-output>
        </test-method> <!-- abstractToINterface -->
        <test-method status="PASS" signature="init()[pri:0, instance:ratajczak.artur.MorphClassTest@71e9ddb4]" name="init" is-config="true" duration-ms="0" started-at="2016-01-06T13:52:44Z" finished-at="2016-01-06T13:52:44Z">
          <reporter-output>
          </reporter-output>
        </test-method> <!-- init -->
        <test-method status="PASS" signature="init()[pri:0, instance:ratajczak.artur.MorphClassTest@71e9ddb4]" name="init" is-config="true" duration-ms="0" started-at="2016-01-06T13:52:44Z" finished-at="2016-01-06T13:52:44Z">
          <reporter-output>
          </reporter-output>
        </test-method> <!-- init -->
        <test-method status="PASS" signature="abstractToINterface(ratajczak.artur.SupportToCreateClass)[pri:0, instance:ratajczak.artur.MorphClassTest@71e9ddb4]" name="abstractToINterface" duration-ms="0" started-at="2016-01-06T13:52:44Z" data-provider="Class" finished-at="2016-01-06T13:52:44Z">
          <params>
            <param index="0">
              <value>
                <![CDATA[ratajczak.artur.SupportToCreateClass@7ce69770]]>
              </value>
            </param>
          </params>
          <reporter-output>
          </reporter-output>
        </test-method> <!-- abstractToINterface -->
        <test-method status="PASS" signature="init()[pri:0, instance:ratajczak.artur.MorphClassTest@71e9ddb4]" name="init" is-config="true" duration-ms="0" started-at="2016-01-06T13:52:44Z" finished-at="2016-01-06T13:52:44Z">
          <reporter-output>
          </reporter-output>
        </test-method> <!-- init -->
        <test-method status="PASS" signature="abstractToINterface(ratajczak.artur.SupportToCreateClass)[pri:0, instance:ratajczak.artur.MorphClassTest@71e9ddb4]" name="abstractToINterface" duration-ms="0" started-at="2016-01-06T13:52:44Z" data-provider="Class" finished-at="2016-01-06T13:52:44Z">
          <params>
            <param index="0">
              <value>
                <![CDATA[ratajczak.artur.SupportToCreateClass@4681c175]]>
              </value>
            </param>
          </params>
          <reporter-output>
          </reporter-output>
        </test-method> <!-- abstractToINterface -->
        <test-method status="PASS" signature="init()[pri:0, instance:ratajczak.artur.MorphClassTest@71e9ddb4]" name="init" is-config="true" duration-ms="16" started-at="2016-01-06T13:52:44Z" finished-at="2016-01-06T13:52:44Z">
          <reporter-output>
          </reporter-output>
        </test-method> <!-- init -->
        <test-method status="PASS" signature="abstractToINterface(ratajczak.artur.SupportToCreateClass)[pri:0, instance:ratajczak.artur.MorphClassTest@71e9ddb4]" name="abstractToINterface" duration-ms="0" started-at="2016-01-06T13:52:44Z" data-provider="Class" finished-at="2016-01-06T13:52:44Z">
          <params>
            <param index="0">
              <value>
                <![CDATA[ratajczak.artur.SupportToCreateClass@7c137fd5]]>
              </value>
            </param>
          </params>
          <reporter-output>
          </reporter-output>
        </test-method> <!-- abstractToINterface -->
        <test-method status="PASS" signature="init()[pri:0, instance:ratajczak.artur.MorphClassTest@71e9ddb4]" name="init" is-config="true" duration-ms="0" started-at="2016-01-06T13:52:44Z" finished-at="2016-01-06T13:52:44Z">
          <reporter-output>
          </reporter-output>
        </test-method> <!-- init -->
        <test-method status="PASS" signature="abstractToINterface(ratajczak.artur.SupportToCreateClass)[pri:0, instance:ratajczak.artur.MorphClassTest@71e9ddb4]" name="abstractToINterface" duration-ms="0" started-at="2016-01-06T13:52:44Z" data-provider="Class" finished-at="2016-01-06T13:52:44Z">
          <params>
            <param index="0">
              <value>
                <![CDATA[ratajczak.artur.SupportToCreateClass@496bc455]]>
              </value>
            </param>
          </params>
          <reporter-output>
          </reporter-output>
        </test-method> <!-- abstractToINterface -->
        <test-method status="PASS" signature="init()[pri:0, instance:ratajczak.artur.MorphClassTest@71e9ddb4]" name="init" is-config="true" duration-ms="0" started-at="2016-01-06T13:52:44Z" finished-at="2016-01-06T13:52:44Z">
          <reporter-output>
          </reporter-output>
        </test-method> <!-- init -->
        <test-method status="PASS" signature="abstractToINterface(ratajczak.artur.SupportToCreateClass)[pri:0, instance:ratajczak.artur.MorphClassTest@71e9ddb4]" name="abstractToINterface" duration-ms="0" started-at="2016-01-06T13:52:44Z" data-provider="Class" finished-at="2016-01-06T13:52:44Z">
          <params>
            <param index="0">
              <value>
                <![CDATA[ratajczak.artur.SupportToCreateClass@17fc391b]]>
              </value>
            </param>
          </params>
          <reporter-output>
          </reporter-output>
        </test-method> <!-- abstractToINterface -->
        <test-method status="PASS" signature="init()[pri:0, instance:ratajczak.artur.MorphClassTest@71e9ddb4]" name="init" is-config="true" duration-ms="0" started-at="2016-01-06T13:52:44Z" finished-at="2016-01-06T13:52:44Z">
          <reporter-output>
          </reporter-output>
        </test-method> <!-- init -->
        <test-method status="PASS" signature="classToAbstract(ratajczak.artur.SupportToCreateClass)[pri:0, instance:ratajczak.artur.MorphClassTest@71e9ddb4]" name="classToAbstract" duration-ms="16" started-at="2016-01-06T13:52:44Z" data-provider="Class" finished-at="2016-01-06T13:52:44Z">
          <params>
            <param index="0">
              <value>
                <![CDATA[ratajczak.artur.SupportToCreateClass@3f4faf53]]>
              </value>
            </param>
          </params>
          <reporter-output>
          </reporter-output>
        </test-method> <!-- classToAbstract -->
        <test-method status="PASS" signature="init()[pri:0, instance:ratajczak.artur.MorphClassTest@71e9ddb4]" name="init" is-config="true" duration-ms="0" started-at="2016-01-06T13:52:44Z" finished-at="2016-01-06T13:52:44Z">
          <reporter-output>
          </reporter-output>
        </test-method> <!-- init -->
        <test-method status="PASS" signature="abstractToINterface(ratajczak.artur.SupportToCreateClass)[pri:0, instance:ratajczak.artur.MorphClassTest@71e9ddb4]" name="abstractToINterface" duration-ms="0" started-at="2016-01-06T13:52:44Z" data-provider="Class" finished-at="2016-01-06T13:52:44Z">
          <params>
            <param index="0">
              <value>
                <![CDATA[ratajczak.artur.SupportToCreateClass@305ffe9e]]>
              </value>
            </param>
          </params>
          <reporter-output>
          </reporter-output>
        </test-method> <!-- abstractToINterface -->
        <test-method status="PASS" signature="classToAbstract(ratajczak.artur.SupportToCreateClass)[pri:0, instance:ratajczak.artur.MorphClassTest@71e9ddb4]" name="classToAbstract" duration-ms="0" started-at="2016-01-06T13:52:44Z" data-provider="Class" finished-at="2016-01-06T13:52:44Z">
          <params>
            <param index="0">
              <value>
                <![CDATA[ratajczak.artur.SupportToCreateClass@c430e6c]]>
              </value>
            </param>
          </params>
          <reporter-output>
          </reporter-output>
        </test-method> <!-- classToAbstract -->
        <test-method status="PASS" signature="init()[pri:0, instance:ratajczak.artur.MorphClassTest@71e9ddb4]" name="init" is-config="true" duration-ms="0" started-at="2016-01-06T13:52:44Z" finished-at="2016-01-06T13:52:44Z">
          <reporter-output>
          </reporter-output>
        </test-method> <!-- init -->
        <test-method status="PASS" signature="classToAbstract(ratajczak.artur.SupportToCreateClass)[pri:0, instance:ratajczak.artur.MorphClassTest@71e9ddb4]" name="classToAbstract" duration-ms="0" started-at="2016-01-06T13:52:44Z" data-provider="Class" finished-at="2016-01-06T13:52:44Z">
          <params>
            <param index="0">
              <value>
                <![CDATA[ratajczak.artur.SupportToCreateClass@7a5ceedd]]>
              </value>
            </param>
          </params>
          <reporter-output>
          </reporter-output>
        </test-method> <!-- classToAbstract -->
        <test-method status="PASS" signature="init()[pri:0, instance:ratajczak.artur.MorphClassTest@71e9ddb4]" name="init" is-config="true" duration-ms="0" started-at="2016-01-06T13:52:44Z" finished-at="2016-01-06T13:52:44Z">
          <reporter-output>
          </reporter-output>
        </test-method> <!-- init -->
        <test-method status="PASS" signature="init()[pri:0, instance:ratajczak.artur.MorphClassTest@71e9ddb4]" name="init" is-config="true" duration-ms="0" started-at="2016-01-06T13:52:44Z" finished-at="2016-01-06T13:52:44Z">
          <reporter-output>
          </reporter-output>
        </test-method> <!-- init -->
        <test-method status="PASS" signature="classToAbstract(ratajczak.artur.SupportToCreateClass)[pri:0, instance:ratajczak.artur.MorphClassTest@71e9ddb4]" name="classToAbstract" duration-ms="0" started-at="2016-01-06T13:52:44Z" data-provider="Class" finished-at="2016-01-06T13:52:44Z">
          <params>
            <param index="0">
              <value>
                <![CDATA[ratajczak.artur.SupportToCreateClass@4f32a3ad]]>
              </value>
            </param>
          </params>
          <reporter-output>
          </reporter-output>
        </test-method> <!-- classToAbstract -->
        <test-method status="PASS" signature="init()[pri:0, instance:ratajczak.artur.MorphClassTest@71e9ddb4]" name="init" is-config="true" duration-ms="0" started-at="2016-01-06T13:52:44Z" finished-at="2016-01-06T13:52:44Z">
          <reporter-output>
          </reporter-output>
        </test-method> <!-- init -->
        <test-method status="PASS" signature="classToAbstract(ratajczak.artur.SupportToCreateClass)[pri:0, instance:ratajczak.artur.MorphClassTest@71e9ddb4]" name="classToAbstract" duration-ms="0" started-at="2016-01-06T13:52:44Z" data-provider="Class" finished-at="2016-01-06T13:52:44Z">
          <params>
            <param index="0">
              <value>
                <![CDATA[ratajczak.artur.SupportToCreateClass@43f02ef2]]>
              </value>
            </param>
          </params>
          <reporter-output>
          </reporter-output>
        </test-method> <!-- classToAbstract -->
        <test-method status="PASS" signature="init()[pri:0, instance:ratajczak.artur.MorphClassTest@71e9ddb4]" name="init" is-config="true" duration-ms="0" started-at="2016-01-06T13:52:44Z" finished-at="2016-01-06T13:52:44Z">
          <reporter-output>
          </reporter-output>
        </test-method> <!-- init -->
        <test-method status="PASS" signature="classToAbstract(ratajczak.artur.SupportToCreateClass)[pri:0, instance:ratajczak.artur.MorphClassTest@71e9ddb4]" name="classToAbstract" duration-ms="0" started-at="2016-01-06T13:52:44Z" data-provider="Class" finished-at="2016-01-06T13:52:44Z">
          <params>
            <param index="0">
              <value>
                <![CDATA[ratajczak.artur.SupportToCreateClass@15a34df2]]>
              </value>
            </param>
          </params>
          <reporter-output>
          </reporter-output>
        </test-method> <!-- classToAbstract -->
        <test-method status="PASS" signature="classToAbstract(ratajczak.artur.SupportToCreateClass)[pri:0, instance:ratajczak.artur.MorphClassTest@71e9ddb4]" name="classToAbstract" duration-ms="0" started-at="2016-01-06T13:52:44Z" data-provider="Class" finished-at="2016-01-06T13:52:44Z">
          <params>
            <param index="0">
              <value>
                <![CDATA[ratajczak.artur.SupportToCreateClass@72c8e7b]]>
              </value>
            </param>
          </params>
          <reporter-output>
          </reporter-output>
        </test-method> <!-- classToAbstract -->
        <test-method status="PASS" signature="init()[pri:0, instance:ratajczak.artur.MorphClassTest@71e9ddb4]" name="init" is-config="true" duration-ms="0" started-at="2016-01-06T13:52:44Z" finished-at="2016-01-06T13:52:44Z">
          <reporter-output>
          </reporter-output>
        </test-method> <!-- init -->
        <test-method status="PASS" signature="classToAbstract(ratajczak.artur.SupportToCreateClass)[pri:0, instance:ratajczak.artur.MorphClassTest@71e9ddb4]" name="classToAbstract" duration-ms="0" started-at="2016-01-06T13:52:44Z" data-provider="Class" finished-at="2016-01-06T13:52:44Z">
          <params>
            <param index="0">
              <value>
                <![CDATA[ratajczak.artur.SupportToCreateClass@68c9d179]]>
              </value>
            </param>
          </params>
          <reporter-output>
          </reporter-output>
        </test-method> <!-- classToAbstract -->
        <test-method status="PASS" signature="init()[pri:0, instance:ratajczak.artur.MorphClassTest@71e9ddb4]" name="init" is-config="true" duration-ms="0" started-at="2016-01-06T13:52:44Z" finished-at="2016-01-06T13:52:44Z">
          <reporter-output>
          </reporter-output>
        </test-method> <!-- init -->
        <test-method status="PASS" signature="init()[pri:0, instance:ratajczak.artur.MorphClassTest@71e9ddb4]" name="init" is-config="true" duration-ms="16" started-at="2016-01-06T13:52:44Z" finished-at="2016-01-06T13:52:44Z">
          <reporter-output>
          </reporter-output>
        </test-method> <!-- init -->
        <test-method status="PASS" signature="classToInterfaceTest(ratajczak.artur.SupportToCreateClass)[pri:0, instance:ratajczak.artur.MorphClassTest@71e9ddb4]" name="classToInterfaceTest" duration-ms="15" started-at="2016-01-06T13:52:44Z" data-provider="Class" finished-at="2016-01-06T13:52:44Z">
          <params>
            <param index="0">
              <value>
                <![CDATA[ratajczak.artur.SupportToCreateClass@624ea235]]>
              </value>
            </param>
          </params>
          <reporter-output>
          </reporter-output>
        </test-method> <!-- classToInterfaceTest -->
        <test-method status="PASS" signature="init()[pri:0, instance:ratajczak.artur.MorphClassTest@71e9ddb4]" name="init" is-config="true" duration-ms="0" started-at="2016-01-06T13:52:44Z" finished-at="2016-01-06T13:52:44Z">
          <reporter-output>
          </reporter-output>
        </test-method> <!-- init -->
        <test-method status="PASS" signature="classToInterfaceTest(ratajczak.artur.SupportToCreateClass)[pri:0, instance:ratajczak.artur.MorphClassTest@71e9ddb4]" name="classToInterfaceTest" duration-ms="0" started-at="2016-01-06T13:52:44Z" data-provider="Class" finished-at="2016-01-06T13:52:44Z">
          <params>
            <param index="0">
              <value>
                <![CDATA[ratajczak.artur.SupportToCreateClass@50378a4]]>
              </value>
            </param>
          </params>
          <reporter-output>
          </reporter-output>
        </test-method> <!-- classToInterfaceTest -->
        <test-method status="PASS" signature="init()[pri:0, instance:ratajczak.artur.MorphClassTest@71e9ddb4]" name="init" is-config="true" duration-ms="0" started-at="2016-01-06T13:52:44Z" finished-at="2016-01-06T13:52:44Z">
          <reporter-output>
          </reporter-output>
        </test-method> <!-- init -->
        <test-method status="PASS" signature="classToAbstract(ratajczak.artur.SupportToCreateClass)[pri:0, instance:ratajczak.artur.MorphClassTest@71e9ddb4]" name="classToAbstract" duration-ms="0" started-at="2016-01-06T13:52:44Z" data-provider="Class" finished-at="2016-01-06T13:52:44Z">
          <params>
            <param index="0">
              <value>
                <![CDATA[ratajczak.artur.SupportToCreateClass@55de24cc]]>
              </value>
            </param>
          </params>
          <reporter-output>
          </reporter-output>
        </test-method> <!-- classToAbstract -->
        <test-method status="PASS" signature="init()[pri:0, instance:ratajczak.artur.MorphClassTest@71e9ddb4]" name="init" is-config="true" duration-ms="16" started-at="2016-01-06T13:52:44Z" finished-at="2016-01-06T13:52:44Z">
          <reporter-output>
          </reporter-output>
        </test-method> <!-- init -->
        <test-method status="PASS" signature="classToInterfaceTest(ratajczak.artur.SupportToCreateClass)[pri:0, instance:ratajczak.artur.MorphClassTest@71e9ddb4]" name="classToInterfaceTest" duration-ms="0" started-at="2016-01-06T13:52:44Z" data-provider="Class" finished-at="2016-01-06T13:52:44Z">
          <params>
            <param index="0">
              <value>
                <![CDATA[ratajczak.artur.SupportToCreateClass@7857fe2]]>
              </value>
            </param>
          </params>
          <reporter-output>
          </reporter-output>
        </test-method> <!-- classToInterfaceTest -->
        <test-method status="PASS" signature="init()[pri:0, instance:ratajczak.artur.MorphClassTest@71e9ddb4]" name="init" is-config="true" duration-ms="0" started-at="2016-01-06T13:52:44Z" finished-at="2016-01-06T13:52:44Z">
          <reporter-output>
          </reporter-output>
        </test-method> <!-- init -->
        <test-method status="PASS" signature="init()[pri:0, instance:ratajczak.artur.MorphClassTest@71e9ddb4]" name="init" is-config="true" duration-ms="0" started-at="2016-01-06T13:52:44Z" finished-at="2016-01-06T13:52:44Z">
          <reporter-output>
          </reporter-output>
        </test-method> <!-- init -->
        <test-method status="PASS" signature="classToInterfaceTest(ratajczak.artur.SupportToCreateClass)[pri:0, instance:ratajczak.artur.MorphClassTest@71e9ddb4]" name="classToInterfaceTest" duration-ms="0" started-at="2016-01-06T13:52:44Z" data-provider="Class" finished-at="2016-01-06T13:52:44Z">
          <params>
            <param index="0">
              <value>
                <![CDATA[ratajczak.artur.SupportToCreateClass@69504ae9]]>
              </value>
            </param>
          </params>
          <reporter-output>
          </reporter-output>
        </test-method> <!-- classToInterfaceTest -->
        <test-method status="PASS" signature="classToInterfaceTest(ratajczak.artur.SupportToCreateClass)[pri:0, instance:ratajczak.artur.MorphClassTest@71e9ddb4]" name="classToInterfaceTest" duration-ms="0" started-at="2016-01-06T13:52:44Z" data-provider="Class" finished-at="2016-01-06T13:52:44Z">
          <params>
            <param index="0">
              <value>
                <![CDATA[ratajczak.artur.SupportToCreateClass@71687585]]>
              </value>
            </param>
          </params>
          <reporter-output>
          </reporter-output>
        </test-method> <!-- classToInterfaceTest -->
        <test-method status="PASS" signature="init()[pri:0, instance:ratajczak.artur.MorphClassTest@71e9ddb4]" name="init" is-config="true" duration-ms="0" started-at="2016-01-06T13:52:44Z" finished-at="2016-01-06T13:52:44Z">
          <reporter-output>
          </reporter-output>
        </test-method> <!-- init -->
        <test-method status="PASS" signature="classToInterfaceTest(ratajczak.artur.SupportToCreateClass)[pri:0, instance:ratajczak.artur.MorphClassTest@71e9ddb4]" name="classToInterfaceTest" duration-ms="0" started-at="2016-01-06T13:52:44Z" data-provider="Class" finished-at="2016-01-06T13:52:44Z">
          <params>
            <param index="0">
              <value>
                <![CDATA[ratajczak.artur.SupportToCreateClass@7dfb0c0f]]>
              </value>
            </param>
          </params>
          <reporter-output>
          </reporter-output>
        </test-method> <!-- classToInterfaceTest -->
        <test-method status="PASS" signature="classToInterfaceTest(ratajczak.artur.SupportToCreateClass)[pri:0, instance:ratajczak.artur.MorphClassTest@71e9ddb4]" name="classToInterfaceTest" duration-ms="0" started-at="2016-01-06T13:52:44Z" data-provider="Class" finished-at="2016-01-06T13:52:44Z">
          <params>
            <param index="0">
              <value>
                <![CDATA[ratajczak.artur.SupportToCreateClass@5dafbe45]]>
              </value>
            </param>
          </params>
          <reporter-output>
          </reporter-output>
        </test-method> <!-- classToInterfaceTest -->
        <test-method status="PASS" signature="init()[pri:0, instance:ratajczak.artur.MorphClassTest@71e9ddb4]" name="init" is-config="true" duration-ms="0" started-at="2016-01-06T13:52:44Z" finished-at="2016-01-06T13:52:44Z">
          <reporter-output>
          </reporter-output>
        </test-method> <!-- init -->
        <test-method status="PASS" signature="init()[pri:0, instance:ratajczak.artur.MorphClassTest@71e9ddb4]" name="init" is-config="true" duration-ms="0" started-at="2016-01-06T13:52:44Z" finished-at="2016-01-06T13:52:44Z">
          <reporter-output>
          </reporter-output>
        </test-method> <!-- init -->
        <test-method status="PASS" signature="classToInterfaceTest(ratajczak.artur.SupportToCreateClass)[pri:0, instance:ratajczak.artur.MorphClassTest@71e9ddb4]" name="classToInterfaceTest" duration-ms="0" started-at="2016-01-06T13:52:44Z" data-provider="Class" finished-at="2016-01-06T13:52:44Z">
          <params>
            <param index="0">
              <value>
                <![CDATA[ratajczak.artur.SupportToCreateClass@1b66c0fb]]>
              </value>
            </param>
          </params>
          <reporter-output>
          </reporter-output>
        </test-method> <!-- classToInterfaceTest -->
        <test-method status="PASS" signature="classToInterfaceTest(ratajczak.artur.SupportToCreateClass)[pri:0, instance:ratajczak.artur.MorphClassTest@71e9ddb4]" name="classToInterfaceTest" duration-ms="0" started-at="2016-01-06T13:52:44Z" data-provider="Class" finished-at="2016-01-06T13:52:44Z">
          <params>
            <param index="0">
              <value>
                <![CDATA[ratajczak.artur.SupportToCreateClass@7486b455]]>
              </value>
            </param>
          </params>
          <reporter-output>
          </reporter-output>
        </test-method> <!-- classToInterfaceTest -->
        <test-method status="PASS" signature="init()[pri:0, instance:ratajczak.artur.MorphClassTest@71e9ddb4]" name="init" is-config="true" duration-ms="0" started-at="2016-01-06T13:52:44Z" finished-at="2016-01-06T13:52:44Z">
          <reporter-output>
          </reporter-output>
        </test-method> <!-- init -->
        <test-method status="PASS" signature="init()[pri:0, instance:ratajczak.artur.MorphClassTest@71e9ddb4]" name="init" is-config="true" duration-ms="0" started-at="2016-01-06T13:52:44Z" finished-at="2016-01-06T13:52:44Z">
          <reporter-output>
          </reporter-output>
        </test-method> <!-- init -->
        <test-method status="PASS" signature="interfaceToAbstract(ratajczak.artur.SupportToCreateClass)[pri:0, instance:ratajczak.artur.MorphClassTest@71e9ddb4]" name="interfaceToAbstract" duration-ms="16" started-at="2016-01-06T13:52:44Z" data-provider="Class" finished-at="2016-01-06T13:52:44Z">
          <params>
            <param index="0">
              <value>
                <![CDATA[ratajczak.artur.SupportToCreateClass@6f36c2f0]]>
              </value>
            </param>
          </params>
          <reporter-output>
          </reporter-output>
        </test-method> <!-- interfaceToAbstract -->
        <test-method status="PASS" signature="interfaceToAbstract(ratajczak.artur.SupportToCreateClass)[pri:0, instance:ratajczak.artur.MorphClassTest@71e9ddb4]" name="interfaceToAbstract" duration-ms="0" started-at="2016-01-06T13:52:44Z" data-provider="Class" finished-at="2016-01-06T13:52:44Z">
          <params>
            <param index="0">
              <value>
                <![CDATA[ratajczak.artur.SupportToCreateClass@5e3f861]]>
              </value>
            </param>
          </params>
          <reporter-output>
          </reporter-output>
        </test-method> <!-- interfaceToAbstract -->
        <test-method status="PASS" signature="init()[pri:0, instance:ratajczak.artur.MorphClassTest@71e9ddb4]" name="init" is-config="true" duration-ms="0" started-at="2016-01-06T13:52:44Z" finished-at="2016-01-06T13:52:44Z">
          <reporter-output>
          </reporter-output>
        </test-method> <!-- init -->
        <test-method status="PASS" signature="interfaceToAbstract(ratajczak.artur.SupportToCreateClass)[pri:0, instance:ratajczak.artur.MorphClassTest@71e9ddb4]" name="interfaceToAbstract" duration-ms="0" started-at="2016-01-06T13:52:44Z" data-provider="Class" finished-at="2016-01-06T13:52:44Z">
          <params>
            <param index="0">
              <value>
                <![CDATA[ratajczak.artur.SupportToCreateClass@78452606]]>
              </value>
            </param>
          </params>
          <reporter-output>
          </reporter-output>
        </test-method> <!-- interfaceToAbstract -->
        <test-method status="PASS" signature="init()[pri:0, instance:ratajczak.artur.MorphClassTest@71e9ddb4]" name="init" is-config="true" duration-ms="0" started-at="2016-01-06T13:52:44Z" finished-at="2016-01-06T13:52:44Z">
          <reporter-output>
          </reporter-output>
        </test-method> <!-- init -->
        <test-method status="PASS" signature="init()[pri:0, instance:ratajczak.artur.MorphClassTest@71e9ddb4]" name="init" is-config="true" duration-ms="0" started-at="2016-01-06T13:52:44Z" finished-at="2016-01-06T13:52:44Z">
          <reporter-output>
          </reporter-output>
        </test-method> <!-- init -->
        <test-method status="PASS" signature="interfaceToAbstract(ratajczak.artur.SupportToCreateClass)[pri:0, instance:ratajczak.artur.MorphClassTest@71e9ddb4]" name="interfaceToAbstract" duration-ms="0" started-at="2016-01-06T13:52:44Z" data-provider="Class" finished-at="2016-01-06T13:52:44Z">
          <params>
            <param index="0">
              <value>
                <![CDATA[ratajczak.artur.SupportToCreateClass@3b6d844d]]>
              </value>
            </param>
          </params>
          <reporter-output>
          </reporter-output>
        </test-method> <!-- interfaceToAbstract -->
        <test-method status="PASS" signature="init()[pri:0, instance:ratajczak.artur.MorphClassTest@71e9ddb4]" name="init" is-config="true" duration-ms="0" started-at="2016-01-06T13:52:44Z" finished-at="2016-01-06T13:52:44Z">
          <reporter-output>
          </reporter-output>
        </test-method> <!-- init -->
        <test-method status="PASS" signature="interfaceToAbstract(ratajczak.artur.SupportToCreateClass)[pri:0, instance:ratajczak.artur.MorphClassTest@71e9ddb4]" name="interfaceToAbstract" duration-ms="0" started-at="2016-01-06T13:52:44Z" data-provider="Class" finished-at="2016-01-06T13:52:44Z">
          <params>
            <param index="0">
              <value>
                <![CDATA[ratajczak.artur.SupportToCreateClass@60db1c0e]]>
              </value>
            </param>
          </params>
          <reporter-output>
          </reporter-output>
        </test-method> <!-- interfaceToAbstract -->
        <test-method status="PASS" signature="interfaceToAbstract(ratajczak.artur.SupportToCreateClass)[pri:0, instance:ratajczak.artur.MorphClassTest@71e9ddb4]" name="interfaceToAbstract" duration-ms="0" started-at="2016-01-06T13:52:44Z" data-provider="Class" finished-at="2016-01-06T13:52:44Z">
          <params>
            <param index="0">
              <value>
                <![CDATA[ratajczak.artur.SupportToCreateClass@7d9f158f]]>
              </value>
            </param>
          </params>
          <reporter-output>
          </reporter-output>
        </test-method> <!-- interfaceToAbstract -->
        <test-method status="PASS" signature="interfaceToAbstract(ratajczak.artur.SupportToCreateClass)[pri:0, instance:ratajczak.artur.MorphClassTest@71e9ddb4]" name="interfaceToAbstract" duration-ms="16" started-at="2016-01-06T13:52:44Z" data-provider="Class" finished-at="2016-01-06T13:52:44Z">
          <params>
            <param index="0">
              <value>
                <![CDATA[ratajczak.artur.SupportToCreateClass@68746f22]]>
              </value>
            </param>
          </params>
          <reporter-output>
          </reporter-output>
        </test-method> <!-- interfaceToAbstract -->
        <test-method status="PASS" signature="init()[pri:0, instance:ratajczak.artur.MorphClassTest@71e9ddb4]" name="init" is-config="true" duration-ms="0" started-at="2016-01-06T13:52:44Z" finished-at="2016-01-06T13:52:44Z">
          <reporter-output>
          </reporter-output>
        </test-method> <!-- init -->
        <test-method status="PASS" signature="interfaceToAbstract(ratajczak.artur.SupportToCreateClass)[pri:0, instance:ratajczak.artur.MorphClassTest@71e9ddb4]" name="interfaceToAbstract" duration-ms="0" started-at="2016-01-06T13:52:44Z" data-provider="Class" finished-at="2016-01-06T13:52:44Z">
          <params>
            <param index="0">
              <value>
                <![CDATA[ratajczak.artur.SupportToCreateClass@50029372]]>
              </value>
            </param>
          </params>
          <reporter-output>
          </reporter-output>
        </test-method> <!-- interfaceToAbstract -->
        <test-method status="PASS" signature="init()[pri:0, instance:ratajczak.artur.MorphClassTest@71e9ddb4]" name="init" is-config="true" duration-ms="0" started-at="2016-01-06T13:52:44Z" finished-at="2016-01-06T13:52:44Z">
          <reporter-output>
          </reporter-output>
        </test-method> <!-- init -->
        <test-method status="PASS" signature="init()[pri:0, instance:ratajczak.artur.MorphClassTest@71e9ddb4]" name="init" is-config="true" duration-ms="0" started-at="2016-01-06T13:52:44Z" finished-at="2016-01-06T13:52:44Z">
          <reporter-output>
          </reporter-output>
        </test-method> <!-- init -->
        <test-method status="PASS" signature="init()[pri:0, instance:ratajczak.artur.MorphClassTest@71e9ddb4]" name="init" is-config="true" duration-ms="0" started-at="2016-01-06T13:52:44Z" finished-at="2016-01-06T13:52:44Z">
          <reporter-output>
          </reporter-output>
        </test-method> <!-- init -->
        <test-method status="PASS" signature="interfaceToAbstract(ratajczak.artur.SupportToCreateClass)[pri:0, instance:ratajczak.artur.MorphClassTest@71e9ddb4]" name="interfaceToAbstract" duration-ms="0" started-at="2016-01-06T13:52:44Z" data-provider="Class" finished-at="2016-01-06T13:52:44Z">
          <params>
            <param index="0">
              <value>
                <![CDATA[ratajczak.artur.SupportToCreateClass@54e041a4]]>
              </value>
            </param>
          </params>
          <reporter-output>
          </reporter-output>
        </test-method> <!-- interfaceToAbstract -->
        <test-method status="PASS" signature="interfaceToClass(ratajczak.artur.SupportToCreateClass)[pri:0, instance:ratajczak.artur.MorphClassTest@71e9ddb4]" name="interfaceToClass" duration-ms="0" started-at="2016-01-06T13:52:44Z" data-provider="Class" finished-at="2016-01-06T13:52:44Z">
          <params>
            <param index="0">
              <value>
                <![CDATA[ratajczak.artur.SupportToCreateClass@38af9828]]>
              </value>
            </param>
          </params>
          <reporter-output>
          </reporter-output>
        </test-method> <!-- interfaceToClass -->
        <test-method status="PASS" signature="init()[pri:0, instance:ratajczak.artur.MorphClassTest@71e9ddb4]" name="init" is-config="true" duration-ms="0" started-at="2016-01-06T13:52:44Z" finished-at="2016-01-06T13:52:44Z">
          <reporter-output>
          </reporter-output>
        </test-method> <!-- init -->
        <test-method status="PASS" signature="init()[pri:0, instance:ratajczak.artur.MorphClassTest@71e9ddb4]" name="init" is-config="true" duration-ms="0" started-at="2016-01-06T13:52:44Z" finished-at="2016-01-06T13:52:44Z">
          <reporter-output>
          </reporter-output>
        </test-method> <!-- init -->
        <test-method status="PASS" signature="interfaceToClass(ratajczak.artur.SupportToCreateClass)[pri:0, instance:ratajczak.artur.MorphClassTest@71e9ddb4]" name="interfaceToClass" duration-ms="0" started-at="2016-01-06T13:52:44Z" data-provider="Class" finished-at="2016-01-06T13:52:44Z">
          <params>
            <param index="0">
              <value>
                <![CDATA[ratajczak.artur.SupportToCreateClass@7283d3eb]]>
              </value>
            </param>
          </params>
          <reporter-output>
          </reporter-output>
        </test-method> <!-- interfaceToClass -->
        <test-method status="PASS" signature="interfaceToClass(ratajczak.artur.SupportToCreateClass)[pri:0, instance:ratajczak.artur.MorphClassTest@71e9ddb4]" name="interfaceToClass" duration-ms="16" started-at="2016-01-06T13:52:44Z" data-provider="Class" finished-at="2016-01-06T13:52:44Z">
          <params>
            <param index="0">
              <value>
                <![CDATA[ratajczak.artur.SupportToCreateClass@1cf56a1c]]>
              </value>
            </param>
          </params>
          <reporter-output>
          </reporter-output>
        </test-method> <!-- interfaceToClass -->
        <test-method status="PASS" signature="init()[pri:0, instance:ratajczak.artur.MorphClassTest@71e9ddb4]" name="init" is-config="true" duration-ms="0" started-at="2016-01-06T13:52:44Z" finished-at="2016-01-06T13:52:44Z">
          <reporter-output>
          </reporter-output>
        </test-method> <!-- init -->
        <test-method status="PASS" signature="interfaceToClass(ratajczak.artur.SupportToCreateClass)[pri:0, instance:ratajczak.artur.MorphClassTest@71e9ddb4]" name="interfaceToClass" duration-ms="0" started-at="2016-01-06T13:52:44Z" data-provider="Class" finished-at="2016-01-06T13:52:44Z">
          <params>
            <param index="0">
              <value>
                <![CDATA[ratajczak.artur.SupportToCreateClass@7905a0b8]]>
              </value>
            </param>
          </params>
          <reporter-output>
          </reporter-output>
        </test-method> <!-- interfaceToClass -->
        <test-method status="PASS" signature="init()[pri:0, instance:ratajczak.artur.MorphClassTest@71e9ddb4]" name="init" is-config="true" duration-ms="0" started-at="2016-01-06T13:52:44Z" finished-at="2016-01-06T13:52:44Z">
          <reporter-output>
          </reporter-output>
        </test-method> <!-- init -->
        <test-method status="PASS" signature="init()[pri:0, instance:ratajczak.artur.MorphClassTest@71e9ddb4]" name="init" is-config="true" duration-ms="0" started-at="2016-01-06T13:52:44Z" finished-at="2016-01-06T13:52:44Z">
          <reporter-output>
          </reporter-output>
        </test-method> <!-- init -->
        <test-method status="PASS" signature="interfaceToClass(ratajczak.artur.SupportToCreateClass)[pri:0, instance:ratajczak.artur.MorphClassTest@71e9ddb4]" name="interfaceToClass" duration-ms="0" started-at="2016-01-06T13:52:44Z" data-provider="Class" finished-at="2016-01-06T13:52:44Z">
          <params>
            <param index="0">
              <value>
                <![CDATA[ratajczak.artur.SupportToCreateClass@2ca26d77]]>
              </value>
            </param>
          </params>
          <reporter-output>
          </reporter-output>
        </test-method> <!-- interfaceToClass -->
        <test-method status="PASS" signature="init()[pri:0, instance:ratajczak.artur.MorphClassTest@71e9ddb4]" name="init" is-config="true" duration-ms="0" started-at="2016-01-06T13:52:44Z" finished-at="2016-01-06T13:52:44Z">
          <reporter-output>
          </reporter-output>
        </test-method> <!-- init -->
        <test-method status="PASS" signature="init()[pri:0, instance:ratajczak.artur.MorphClassTest@71e9ddb4]" name="init" is-config="true" duration-ms="0" started-at="2016-01-06T13:52:44Z" finished-at="2016-01-06T13:52:44Z">
          <reporter-output>
          </reporter-output>
        </test-method> <!-- init -->
        <test-method status="PASS" signature="interfaceToClass(ratajczak.artur.SupportToCreateClass)[pri:0, instance:ratajczak.artur.MorphClassTest@71e9ddb4]" name="interfaceToClass" duration-ms="0" started-at="2016-01-06T13:52:44Z" data-provider="Class" finished-at="2016-01-06T13:52:44Z">
          <params>
            <param index="0">
              <value>
                <![CDATA[ratajczak.artur.SupportToCreateClass@e25951c]]>
              </value>
            </param>
          </params>
          <reporter-output>
          </reporter-output>
        </test-method> <!-- interfaceToClass -->
        <test-method status="PASS" signature="interfaceToClass(ratajczak.artur.SupportToCreateClass)[pri:0, instance:ratajczak.artur.MorphClassTest@71e9ddb4]" name="interfaceToClass" duration-ms="0" started-at="2016-01-06T13:52:44Z" data-provider="Class" finished-at="2016-01-06T13:52:44Z">
          <params>
            <param index="0">
              <value>
                <![CDATA[ratajczak.artur.SupportToCreateClass@19b843ba]]>
              </value>
            </param>
          </params>
          <reporter-output>
          </reporter-output>
        </test-method> <!-- interfaceToClass -->
        <test-method status="PASS" signature="redrawTest()[pri:0, instance:ratajczak.artur.MorphClassTest@71e9ddb4]" name="redrawTest" duration-ms="16" started-at="2016-01-06T13:52:44Z" finished-at="2016-01-06T13:52:44Z">
          <reporter-output>
          </reporter-output>
        </test-method> <!-- redrawTest -->
        <test-method status="PASS" signature="init()[pri:0, instance:ratajczak.artur.MorphClassTest@71e9ddb4]" name="init" is-config="true" duration-ms="0" started-at="2016-01-06T13:52:44Z" finished-at="2016-01-06T13:52:44Z">
          <reporter-output>
          </reporter-output>
        </test-method> <!-- init -->
        <test-method status="PASS" signature="init()[pri:0, instance:ratajczak.artur.MorphClassTest@71e9ddb4]" name="init" is-config="true" duration-ms="0" started-at="2016-01-06T13:52:44Z" finished-at="2016-01-06T13:52:44Z">
          <reporter-output>
          </reporter-output>
        </test-method> <!-- init -->
        <test-method status="PASS" signature="interfaceToClass(ratajczak.artur.SupportToCreateClass)[pri:0, instance:ratajczak.artur.MorphClassTest@71e9ddb4]" name="interfaceToClass" duration-ms="0" started-at="2016-01-06T13:52:44Z" data-provider="Class" finished-at="2016-01-06T13:52:44Z">
          <params>
            <param index="0">
              <value>
                <![CDATA[ratajczak.artur.SupportToCreateClass@19b89d4]]>
              </value>
            </param>
          </params>
          <reporter-output>
          </reporter-output>
        </test-method> <!-- interfaceToClass -->
        <test-method status="PASS" signature="init()[pri:0, instance:ratajczak.artur.MorphClassTest@71e9ddb4]" name="init" is-config="true" duration-ms="0" started-at="2016-01-06T13:52:44Z" finished-at="2016-01-06T13:52:44Z">
          <reporter-output>
          </reporter-output>
        </test-method> <!-- init -->
        <test-method status="PASS" signature="interfaceToClass(ratajczak.artur.SupportToCreateClass)[pri:0, instance:ratajczak.artur.MorphClassTest@71e9ddb4]" name="interfaceToClass" duration-ms="0" started-at="2016-01-06T13:52:44Z" data-provider="Class" finished-at="2016-01-06T13:52:44Z">
          <params>
            <param index="0">
              <value>
                <![CDATA[ratajczak.artur.SupportToCreateClass@2dc9b0f5]]>
              </value>
            </param>
          </params>
          <reporter-output>
          </reporter-output>
        </test-method> <!-- interfaceToClass -->
      </class> <!-- ratajczak.artur.MorphClassTest -->
    </test> <!-- ratajczak.artur -->
  </suite> <!-- violet-framework by packages -->
</testng-results>
