<?xml version="1.0" encoding="UTF-8"?>
<!-- Generated by org.testng.reporters.JUnitXMLReporter -->
<testsuite hostname="Artur-PC" name="Default test" tests="11" failures="0" timestamp="31 Jan 2016 12:54:49 GMT" time="0.688" errors="0">
  <testcase name="boundsWithSomeText" time="0.047" classname="ratajczak.artur.AbstractNodeMorphTest"/>
  <testcase name="boundsWithSomeText" time="0.031" classname="ratajczak.artur.AbstractNodeMorphTest"/>
  <testcase name="boundsWithSomeText" time="0.015" classname="ratajczak.artur.AbstractNodeMorphTest"/>
  <testcase name="boundsWithSomeText" time="0.0" classname="ratajczak.artur.AbstractNodeMorphTest"/>
  <testcase name="boundsWithSomeText" time="0.078" classname="ratajczak.artur.AbstractNodeMorphTest"/>
  <testcase name="cloneTest" time="0.0" classname="ratajczak.artur.AbstractNodeMorphTest"/>
  <testcase name="constructionTest" time="0.0" classname="ratajczak.artur.AbstractNodeMorphTest"/>
  <testcase name="morphValuTest" time="0.0" classname="ratajczak.artur.AbstractNodeMorphTest"/>
  <testcase name="morphValuTest" time="0.015" classname="ratajczak.artur.AbstractNodeMorphTest"/>
  <testcase name="morphValuTest" time="0.0" classname="ratajczak.artur.AbstractNodeMorphTest"/>
  <testcase name="nameIsLargeAndJustyfy" time="0.016" classname="ratajczak.artur.AbstractNodeMorphTest"/>
</testsuite> <!-- Default test -->
