<?xml version="1.0" encoding="UTF-8"?>
<!-- Generated by org.testng.reporters.JUnitXMLReporter -->
<testsuite hostname="Artur-PC" name="Default test" tests="55" failures="0" timestamp="29 Dec 2015 14:17:13 GMT" time="0.972" errors="0">
  <testcase name="abstractToClass" time="0.031" classname="ratajczak.artur.MorphClassTest"/>
  <testcase name="abstractToClass" time="0.0" classname="ratajczak.artur.MorphClassTest"/>
  <testcase name="abstractToClass" time="0.016" classname="ratajczak.artur.MorphClassTest"/>
  <testcase name="abstractToClass" time="0.0" classname="ratajczak.artur.MorphClassTest"/>
  <testcase name="abstractToClass" time="0.019" classname="ratajczak.artur.MorphClassTest"/>
  <testcase name="abstractToClass" time="0.0" classname="ratajczak.artur.MorphClassTest"/>
  <testcase name="abstractToClass" time="0.015" classname="ratajczak.artur.MorphClassTest"/>
  <testcase name="abstractToClass" time="0.006" classname="ratajczak.artur.MorphClassTest"/>
  <testcase name="abstractToClass" time="0.024" classname="ratajczak.artur.MorphClassTest"/>
  <testcase name="abstractToINterface" time="0.003" classname="ratajczak.artur.MorphClassTest"/>
  <testcase name="abstractToINterface" time="0.0" classname="ratajczak.artur.MorphClassTest"/>
  <testcase name="abstractToINterface" time="0.0" classname="ratajczak.artur.MorphClassTest"/>
  <testcase name="abstractToINterface" time="0.0" classname="ratajczak.artur.MorphClassTest"/>
  <testcase name="abstractToINterface" time="0.0" classname="ratajczak.artur.MorphClassTest"/>
  <testcase name="abstractToINterface" time="0.0" classname="ratajczak.artur.MorphClassTest"/>
  <testcase name="abstractToINterface" time="0.0" classname="ratajczak.artur.MorphClassTest"/>
  <testcase name="abstractToINterface" time="0.0" classname="ratajczak.artur.MorphClassTest"/>
  <testcase name="abstractToINterface" time="0.0" classname="ratajczak.artur.MorphClassTest"/>
  <testcase name="classToAbstract" time="0.0" classname="ratajczak.artur.MorphClassTest"/>
  <testcase name="classToAbstract" time="0.0" classname="ratajczak.artur.MorphClassTest"/>
  <testcase name="classToAbstract" time="0.0" classname="ratajczak.artur.MorphClassTest"/>
  <testcase name="classToAbstract" time="0.015" classname="ratajczak.artur.MorphClassTest"/>
  <testcase name="classToAbstract" time="0.0" classname="ratajczak.artur.MorphClassTest"/>
  <testcase name="classToAbstract" time="0.0" classname="ratajczak.artur.MorphClassTest"/>
  <testcase name="classToAbstract" time="0.0" classname="ratajczak.artur.MorphClassTest"/>
  <testcase name="classToAbstract" time="0.0" classname="ratajczak.artur.MorphClassTest"/>
  <testcase name="classToAbstract" time="0.015" classname="ratajczak.artur.MorphClassTest"/>
  <testcase name="classToInterfaceTest" time="0.0" classname="ratajczak.artur.MorphClassTest"/>
  <testcase name="classToInterfaceTest" time="0.0" classname="ratajczak.artur.MorphClassTest"/>
  <testcase name="classToInterfaceTest" time="0.0" classname="ratajczak.artur.MorphClassTest"/>
  <testcase name="classToInterfaceTest" time="0.0" classname="ratajczak.artur.MorphClassTest"/>
  <testcase name="classToInterfaceTest" time="0.0" classname="ratajczak.artur.MorphClassTest"/>
  <testcase name="classToInterfaceTest" time="0.0" classname="ratajczak.artur.MorphClassTest"/>
  <testcase name="classToInterfaceTest" time="0.0" classname="ratajczak.artur.MorphClassTest"/>
  <testcase name="classToInterfaceTest" time="0.0" classname="ratajczak.artur.MorphClassTest"/>
  <testcase name="classToInterfaceTest" time="0.0" classname="ratajczak.artur.MorphClassTest"/>
  <testcase name="interfaceToAbstract" time="0.015" classname="ratajczak.artur.MorphClassTest"/>
  <testcase name="interfaceToAbstract" time="0.0" classname="ratajczak.artur.MorphClassTest"/>
  <testcase name="interfaceToAbstract" time="0.0" classname="ratajczak.artur.MorphClassTest"/>
  <testcase name="interfaceToAbstract" time="0.0" classname="ratajczak.artur.MorphClassTest"/>
  <testcase name="interfaceToAbstract" time="0.0" classname="ratajczak.artur.MorphClassTest"/>
  <testcase name="interfaceToAbstract" time="0.0" classname="ratajczak.artur.MorphClassTest"/>
  <testcase name="interfaceToAbstract" time="0.0" classname="ratajczak.artur.MorphClassTest"/>
  <testcase name="interfaceToAbstract" time="0.0" classname="ratajczak.artur.MorphClassTest"/>
  <testcase name="interfaceToAbstract" time="0.0" classname="ratajczak.artur.MorphClassTest"/>
  <testcase name="interfaceToClass" time="0.0" classname="ratajczak.artur.MorphClassTest"/>
  <testcase name="interfaceToClass" time="0.016" classname="ratajczak.artur.MorphClassTest"/>
  <testcase name="interfaceToClass" time="0.0" classname="ratajczak.artur.MorphClassTest"/>
  <testcase name="interfaceToClass" time="0.0" classname="ratajczak.artur.MorphClassTest"/>
  <testcase name="interfaceToClass" time="0.0" classname="ratajczak.artur.MorphClassTest"/>
  <testcase name="interfaceToClass" time="0.0" classname="ratajczak.artur.MorphClassTest"/>
  <testcase name="interfaceToClass" time="0.016" classname="ratajczak.artur.MorphClassTest"/>
  <testcase name="interfaceToClass" time="0.0" classname="ratajczak.artur.MorphClassTest"/>
  <testcase name="interfaceToClass" time="0.0" classname="ratajczak.artur.MorphClassTest"/>
  <testcase name="redrawTest" time="0.046" classname="ratajczak.artur.MorphClassTest"/>
</testsuite> <!-- Default test -->
