<?xml version="1.0" encoding="UTF-8"?>
<!-- Generated by org.testng.reporters.JUnitXMLReporter -->
<testsuite hostname="Artur-PC" name="Communication Diagram Graph" tests="10" failures="0" timestamp="27 Dec 2015 11:43:46 GMT" time="0.568" errors="0">
  <testcase name="edgesPrototypeTest" time="0.015" classname="ratajczak.test.DiagramGraphTest"/>
  <testcase name="edgesPrototypeTest" time="0.001" classname="ratajczak.test.DiagramGraphTest"/>
  <testcase name="edgesPrototypeTest" time="0.004" classname="ratajczak.test.DiagramGraphTest"/>
  <testcase name="edgesPrototypeTest" time="0.001" classname="ratajczak.test.DiagramGraphTest"/>
  <testcase name="edgesPrototypeTest" time="0.001" classname="ratajczak.test.DiagramGraphTest"/>
  <testcase name="nodesPrototypeTest" time="0.001" classname="ratajczak.test.DiagramGraphTest"/>
  <testcase name="nodesPrototypeTest" time="0.004" classname="ratajczak.test.DiagramGraphTest"/>
  <testcase name="nodesPrototypeTest" time="0.002" classname="ratajczak.test.DiagramGraphTest"/>
  <testcase name="nodesPrototypeTest" time="0.001" classname="ratajczak.test.DiagramGraphTest"/>
  <testcase name="nodesPrototypeTest" time="0.002" classname="ratajczak.test.DiagramGraphTest"/>
</testsuite> <!-- Communication Diagram Graph -->
