<?xml version="1.0" encoding="UTF-8"?>
<!-- Generated by org.testng.reporters.JUnitXMLReporter -->
<testsuite hostname="Artur-PC" name="Message Arrow Test" tests="12" failures="0" timestamp="27 Dec 2015 11:43:46 GMT" time="0.079" errors="0">
  <testcase name="MessageConstructionTest" time="0.002" classname="ratajczak.test.DirectionEdgeTest"/>
  <testcase name="MessageConstructionTest" time="0.001" classname="ratajczak.test.DirectionEdgeTest"/>
  <testcase name="MessageConstructionTest" time="0.005" classname="ratajczak.test.DirectionEdgeTest"/>
  <testcase name="MessageConstructionTest" time="0.001" classname="ratajczak.test.DirectionEdgeTest"/>
  <testcase name="MessageConstructionTest" time="0.006" classname="ratajczak.test.DirectionEdgeTest"/>
  <testcase name="MessageConstructionTest" time="0.002" classname="ratajczak.test.DirectionEdgeTest"/>
  <testcase name="MessageConstructionTest" time="0.0" classname="ratajczak.test.DirectionEdgeTest"/>
  <testcase name="MessageConstructionTest" time="0.002" classname="ratajczak.test.DirectionEdgeTest"/>
  <testcase name="MessageConstructionTest" time="0.001" classname="ratajczak.test.DirectionEdgeTest"/>
  <testcase name="MessageConstructionTest" time="0.001" classname="ratajczak.test.DirectionEdgeTest"/>
  <testcase name="constructionTest" time="0.001" classname="ratajczak.test.DirectionEdgeTest"/>
  <testcase name="supportTransitionPoint" time="0.007" classname="ratajczak.test.DirectionEdgeTest"/>
</testsuite> <!-- Message Arrow Test -->
