<?xml version="1.0" encoding="UTF-8"?>
<!-- Generated by org.testng.reporters.JUnitXMLReporter -->
<testsuite hostname="Artur-PC" name="Object test " tests="10" failures="0" timestamp="27 Dec 2015 11:43:47 GMT" time="0.49" errors="0">
  <testcase name="ClearBoundsTest" time="0.159" classname="ratajczak.test.ObjectNodeTest"/>
  <testcase name="CreateTest" time="0.001" classname="ratajczak.test.ObjectNodeTest"/>
  <testcase name="boundsWithSomeText" time="0.028" classname="ratajczak.test.ObjectNodeTest"/>
  <testcase name="boundsWithSomeText" time="0.005" classname="ratajczak.test.ObjectNodeTest"/>
  <testcase name="boundsWithSomeText" time="0.003" classname="ratajczak.test.ObjectNodeTest"/>
  <testcase name="boundsWithSomeText" time="0.063" classname="ratajczak.test.ObjectNodeTest"/>
  <testcase name="boundsWithSomeText" time="0.006" classname="ratajczak.test.ObjectNodeTest"/>
  <testcase name="checkNameParameterTest" time="0.002" classname="ratajczak.test.ObjectNodeTest"/>
  <testcase name="cloneTest" time="0.007" classname="ratajczak.test.ObjectNodeTest"/>
  <testcase name="scholdByNullPointExceptionOngetBounds" time="0.001" classname="ratajczak.test.ObjectNodeTest"/>
</testsuite> <!-- Object test  -->
