<?xml version="1.0" encoding="UTF-8"?>
<!-- Generated by org.testng.reporters.JUnitXMLReporter -->
<testsuite hostname="Artur-PC" name="Default test" tests="4" failures="0" timestamp="26 Dec 2015 12:14:05 GMT" time="0.343" errors="0">
  <testcase name="testChangeBentStyles" time="0.016" classname="ratajczak.test.RelationShipEgdeTest"/>
  <testcase name="testChangeBentStyles" time="0.0" classname="ratajczak.test.RelationShipEgdeTest"/>
  <testcase name="testChangeBentStyles" time="0.0" classname="ratajczak.test.RelationShipEgdeTest"/>
  <testcase name="testChangeBentStyles" time="0.0" classname="ratajczak.test.RelationShipEgdeTest"/>
</testsuite> <!-- Default test -->
