<?xml version="1.0" encoding="UTF-8"?>
<!-- Generated by org.testng.reporters.JUnitXMLReporter -->
<testsuite hostname="Artur-PC" name="ratajczak.test" tests="38" failures="0" timestamp="6 Jan 2016 12:49:16 GMT" time="1.218" errors="0">
  <testcase name="copyBall" time="0.015" classname="ratajczak.test.BallAndSocketTest"/>
  <testcase name="copySocket" time="0.0" classname="ratajczak.test.BallAndSocketTest"/>
  <testcase name="testBallBounds" time="0.0" classname="ratajczak.test.BallAndSocketTest"/>
  <testcase name="testSocketBounds" time="0.0" classname="ratajczak.test.BallAndSocketTest"/>
  <testcase name="testChangeBentStyles" time="0.0" classname="ratajczak.test.RelationShipEgdeTest"/>
  <testcase name="testChangeBentStyles" time="0.0" classname="ratajczak.test.RelationShipEgdeTest"/>
  <testcase name="testChangeBentStyles" time="0.0" classname="ratajczak.test.RelationShipEgdeTest"/>
  <testcase name="testChangeBentStyles" time="0.0" classname="ratajczak.test.RelationShipEgdeTest"/>
  <testcase name="ShoulbeClassInEdgeList" time="0.0" classname="ratajczak.test.ClassDiagramGraphTest"/>
  <testcase name="ShoulbeClassInEdgeList" time="0.0" classname="ratajczak.test.ClassDiagramGraphTest"/>
  <testcase name="ShoulbeClassInEdgeList" time="0.0" classname="ratajczak.test.ClassDiagramGraphTest"/>
  <testcase name="ShoulbeClassInEdgeList" time="0.016" classname="ratajczak.test.ClassDiagramGraphTest"/>
  <testcase name="ShoulbeClassInEdgeList" time="0.0" classname="ratajczak.test.ClassDiagramGraphTest"/>
  <testcase name="ShoulbeClassInEdgeList" time="0.0" classname="ratajczak.test.ClassDiagramGraphTest"/>
  <testcase name="ShoulbeClassInEdgeList" time="0.0" classname="ratajczak.test.ClassDiagramGraphTest"/>
  <testcase name="ShoulbeClassInEdgeList" time="0.015" classname="ratajczak.test.ClassDiagramGraphTest"/>
  <testcase name="propertDescriptorCheck" time="0.031" classname="ratajczak.test.XLineEdgeBeanInfoTest"/>
  <testcase name="checkLable" time="0.0" classname="ratajczak.test.XLineEdgeTest"/>
  <testcase name="checkLable" time="0.0" classname="ratajczak.test.XLineEdgeTest"/>
  <testcase name="checkLable" time="0.0" classname="ratajczak.test.XLineEdgeTest"/>
  <testcase name="checkLable" time="0.0" classname="ratajczak.test.XLineEdgeTest"/>
  <testcase name="getConnectionPointsBetween2Class" time="0.047" classname="ratajczak.test.XLineEdgeTest"/>
  <testcase name="getLineStyleShouldBeSOLID" time="0.0" classname="ratajczak.test.XLineEdgeTest"/>
  <testcase name="getNoExistingLine" time="0.0" classname="ratajczak.test.XLineEdgeTest"/>
  <testcase name="getsAllNoExistingPoints" time="0.0" classname="ratajczak.test.XLineEdgeTest"/>
  <testcase name="isTransitionPointsSupportedShouldBeFALSE" time="0.0" classname="ratajczak.test.XLineEdgeTest"/>
  <testcase name="privateMethodReturnedPointsTest" time="0.0" classname="ratajczak.test.XLineEdgeTest"/>
  <testcase name="shouldNotChangeLineStyle" time="0.0" classname="ratajczak.test.XLineEdgeTest"/>
  <testcase name="shouldSetOnlyXandVEndArrowHead" time="0.0" classname="ratajczak.test.XLineEdgeTest"/>
  <testcase name="shouldSetOnlyXandVEndArrowHead" time="0.0" classname="ratajczak.test.XLineEdgeTest"/>
  <testcase name="shouldSetOnlyXandVEndArrowHead" time="0.016" classname="ratajczak.test.XLineEdgeTest"/>
  <testcase name="shouldSetOnlyXandVEndArrowHead" time="0.0" classname="ratajczak.test.XLineEdgeTest"/>
  <testcase name="shouldSetOnlyXandVEndArrowHead" time="0.0" classname="ratajczak.test.XLineEdgeTest"/>
  <testcase name="shouldSetOnlyXandVStartArrowHead" time="0.0" classname="ratajczak.test.XLineEdgeTest"/>
  <testcase name="shouldSetOnlyXandVStartArrowHead" time="0.0" classname="ratajczak.test.XLineEdgeTest"/>
  <testcase name="shouldSetOnlyXandVStartArrowHead" time="0.016" classname="ratajczak.test.XLineEdgeTest"/>
  <testcase name="shouldSetOnlyXandVStartArrowHead" time="0.0" classname="ratajczak.test.XLineEdgeTest"/>
  <testcase name="shouldSetOnlyXandVStartArrowHead" time="0.0" classname="ratajczak.test.XLineEdgeTest"/>
</testsuite> <!-- ratajczak.test -->
