<?xml version="1.0" encoding="UTF-8"?>
<!-- Generated by org.testng.reporters.JUnitXMLReporter -->
<testsuite hostname="Artur-PC" name="AbstractNodeMorphTest" tests="11" failures="0" timestamp="29 Dec 2015 14:21:15 GMT" time="0.199" errors="0">
  <testcase name="boundsWithSomeText" time="0.046" classname="ratajczak.artur.AbstractNodeMorphTest"/>
  <testcase name="boundsWithSomeText" time="0.016" classname="ratajczak.artur.AbstractNodeMorphTest"/>
  <testcase name="boundsWithSomeText" time="0.015" classname="ratajczak.artur.AbstractNodeMorphTest"/>
  <testcase name="boundsWithSomeText" time="0.016" classname="ratajczak.artur.AbstractNodeMorphTest"/>
  <testcase name="boundsWithSomeText" time="0.016" classname="ratajczak.artur.AbstractNodeMorphTest"/>
  <testcase name="cloneTest" time="0.015" classname="ratajczak.artur.AbstractNodeMorphTest"/>
  <testcase name="constructionTest" time="0.0" classname="ratajczak.artur.AbstractNodeMorphTest"/>
  <testcase name="morphValuTest" time="0.0" classname="ratajczak.artur.AbstractNodeMorphTest"/>
  <testcase name="morphValuTest" time="0.0" classname="ratajczak.artur.AbstractNodeMorphTest"/>
  <testcase name="morphValuTest" time="0.0" classname="ratajczak.artur.AbstractNodeMorphTest"/>
  <testcase name="nameIsLargeAndJustyfy" time="0.0" classname="ratajczak.artur.AbstractNodeMorphTest"/>
</testsuite> <!-- AbstractNodeMorphTest -->
