<?xml version="1.0" encoding="UTF-8"?>
<!-- Generated by org.testng.reporters.JUnitXMLReporter -->
<testsuite hostname="Artur-PC" name="ClassNodeMorph" tests="3" failures="0" timestamp="29 Dec 2015 14:21:15 GMT" time="0.031" errors="0">
  <testcase name="morphStartValueTest" time="0.0" classname="ratajczak.artur.ClassNodeMorphTest"/>
  <testcase name="morphStartValueTest" time="0.0" classname="ratajczak.artur.ClassNodeMorphTest"/>
  <testcase name="morphStartValueTest" time="0.0" classname="ratajczak.artur.ClassNodeMorphTest"/>
</testsuite> <!-- ClassNodeMorph -->
