<?xml version="1.0" encoding="UTF-8"?>
<!-- Generated by org.testng.reporters.JUnitXMLReporter -->
<testsuite hostname="Artur-PC" name="InterfaceNodeMorpg" tests="3" failures="0" timestamp="16 Jan 2016 14:55:44 GMT" time="0.015" errors="0">
  <testcase name="morphStartValueTest" time="0.0" classname="ratajczak.artur.InterfaceNodeMorphTest"/>
  <testcase name="morphStartValueTest" time="0.0" classname="ratajczak.artur.InterfaceNodeMorphTest"/>
  <testcase name="morphStartValueTest" time="0.0" classname="ratajczak.artur.InterfaceNodeMorphTest"/>
</testsuite> <!-- InterfaceNodeMorpg -->
