<?xml version="1.0" encoding="UTF-8"?>
<!-- Generated by org.testng.reporters.JUnitXMLReporter -->
<testsuite hostname="Artur-PC" name="MorphEditor" tests="3" failures="0" timestamp="29 Dec 2015 14:21:16 GMT" time="0.015" errors="0">
  <testcase name="testEditorValueAndName" time="0.0" classname="ratajczak.artur.MorphEditorTest"/>
  <testcase name="testEditorValueAndName" time="0.0" classname="ratajczak.artur.MorphEditorTest"/>
  <testcase name="testEditorValueAndName" time="0.0" classname="ratajczak.artur.MorphEditorTest"/>
</testsuite> <!-- MorphEditor -->
