<?xml version="1.0" encoding="UTF-8"?>
<!-- Generated by org.testng.reporters.JUnitXMLReporter -->
<testsuite hostname="Artur-PC" name="MorphEditor" tests="3" failures="0" timestamp="16 Jan 2016 14:55:45 GMT" time="0.016" errors="0">
  <testcase name="testEditorValueAndName" time="0.0" classname="ratajczak.artur.MorphEditorTest"/>
  <testcase name="testEditorValueAndName" time="0.0" classname="ratajczak.artur.MorphEditorTest"/>
  <testcase name="testEditorValueAndName" time="0.016" classname="ratajczak.artur.MorphEditorTest"/>
</testsuite> <!-- MorphEditor -->
